  **************************************************************************
  **                      QUICK-0.06 June 12                              **
  **                                                                      **
  **                        Copyright (c) 2011                            **
  **                Regents of the University of Florida                  **
  **                       All Rights Reserved.                           **
  **                                                                      **
  **  This software provided pursuant to a license agreement containing   **
  **  restrictions on its disclosure, duplication, and use. This software **
  **  contains confidential and proprietary information, and may not be   **
  **  extracted or distributed, in whole or in part, for any purpose      **
  **  whatsoever, without the express written permission of the authors.  **
  **  This notice, and the associated author list, must be attached to    **
  **  all copies, or extracts, of this software. Any additional           **
  **  restrictions set forth in the license agreement also apply to this  **
  **  software.                                                           **
  **************************************************************************

  Cite this work as:
  Miao, Y.: He, X.: Ayers,K: Brothers, E.: Merz,K. M. QUICK;
  University of Florida, Gainesville, FL, 2010

  If you have any comment or queries, please send email for technic support:
  quick@qtp.ufl.edu

 TASK STARTS ON: Fri Sep 16 16:20:00 2011
 INPUT FILE:     benzene.in
 OUTPUT FILE:    benzene.out
 BASIS SET PATH: /home/miao/Workspace/new_quick/basis

 @ Read Job And Atom

  -------------------------------------
KEYWORD=DIVCON HF NCYC=1000 ZMAKE BASIS=STO-3G ENERGY                                                                                                                                                           
  -------------------------------------
 ============== JOB CARD =============
| METHOD = HATREE FOCK
| SAD INITAL GUESS 
| USE DIIS SCF
| PRINT ENERGY EVERY CYCLE
| Z-MATRIX CONSTRUCTION
| DIV & CON METHOD = DIV AND CON ON ATOM BASIS
| MAX SCF CYCLES =    200
| MAX DIIS CYCLES =   10
| DELTA DENSITY START CYCLE = 1000
| COMPUATIONAL CUTOFF: 
|      TWO-e INTEGRAL   =  0.100E-06
|      BASIS SET PRIME  =  0.100E-06
|      MATRIX ELEMENTS  =  0.100E-09
|      BASIS FUNCTION   =  0.100E-09
| DENSITY MATRIX MAXIMUM RMS FOR CONVERGENCE  =  0.100E-03
| BASIS SET = STO-3G
| BASIS FILE = /home/miao/Workspace/new_quick/basis/STO-3G

 @ Finish reading job


 @ Begin SAD initial guess

 For Atom Kind =    1
 ELEMENT = C 
BASIS FUNCTIONS =    5

 @ Begin Energy Calculation


SCF CYCLE      =        1      TIME      =     0.02
RMS CHANGE     = 0.245482E+00  MAX CHANGE= 0.665739E+00

SCF CYCLE      =        2      TIME      =     0.01
RMS CHANGE     = 0.632563E-10  MAX CHANGE= 0.150058E-09
CONVERGED!!!!!
ELECTRONIC ENERGY    =     0.000000000
CORE_CORE REPULSION  =     0.000000000
TOTAL ENERGY         =     0.000000000

 @ End Energy calculation

 For Atom Kind =    2
 ELEMENT = H 
BASIS FUNCTIONS =    1

 @ Begin Energy Calculation


SCF CYCLE      =        1      TIME      =     0.00
RMS CHANGE     = 0.100000E-07  MAX CHANGE= 0.100000E-07
CONVERGED!!!!!
ELECTRONIC ENERGY    =     0.000000000
CORE_CORE REPULSION  =     0.000000000
TOTAL ENERGY         =     0.000000000

 @ End Energy calculation


 @ Finish SAD initial guess


 @ Begin to Read Mol Info


 =========== Molecule Input ==========
| TOTAL MOLECULAR CHARGE  =    0    MULTIPLICITY                =    1
| TOTOAL ATOM NUMBER      =   12    NUMBER OF ATOM TYPES        =    2
| NUMBER OF HYDROGEN ATOM =    6    NUMBER OF NON-HYDROGEN ATOM =    6
| NUMBER OF ELECTRONS     =   42

 -- INPUT GEOMETRY -- :
    C          -3.5784       1.3276      -1.1133
    C          -2.1833       1.3276      -1.1133
    C          -1.4857       2.5354      -1.1133
    C          -2.1834       3.7439      -1.1145
    C          -3.5782       3.7438      -1.1150
    C          -4.2758       2.5356      -1.1140
    H          -4.1282       0.3753      -1.1128
    H          -1.6337       0.3751      -1.1120
    H          -0.3860       2.5355      -1.1127
    H          -1.6332       4.6960      -1.1145
    H          -4.1283       4.6961      -1.1159
    H          -5.3754       2.5358      -1.1142

 -- DISTANCE MATRIX -- :
              1           2           3           4           5
      1     0.00000
      2     2.63647     0.00000
      3     4.56597     2.63562     0.00000
      4     5.27246     4.56607     2.63698     0.00000
      5     4.56592     5.27224     4.56625     2.63584     0.00000
      6     2.63585     4.56592     5.27249     4.56603     2.63643
      7     2.07796     4.09230     6.44961     7.35042     6.44983
      8     4.09204     2.07805     4.09188     6.45023     7.35028
      9     6.45007     4.09197     2.07809     4.09278     6.45003
     10     7.35055     6.44968     4.09254     2.07809     4.09240
     11     6.44974     7.35048     6.45059     4.09226     2.07825
     12     4.09195     6.44988     7.35044     6.44964     4.09215
              6           7           8           9          10
      6     0.00000
      7     4.09188     0.00000
      8     6.44952     4.71379     0.00000
      9     7.35058     8.16524     4.71443     0.00000
     10     6.45029     9.42852     8.16535     4.71426     0.00000
     11     4.09223     8.16509     9.42853     8.16594     4.71515
     12     2.07795     4.71419     8.16495     9.42853     8.16549
             11          12
     11     0.00000
     12     4.71377     0.00000

============== BASIS INFOS ==============
| BASIS FUNCTIONS =   36
| NSHELL =   18 NPRIM  =   54
| JSHELL =   18 JBASIS =   54


 @ End Reading Mol Info 


 @ Now Begin Div & Con Fragment

NUMBER OF FRAG= 12
RBuffer=   7.00 A
============================================================
The Core and Buffer Atoms before elimination
============================================================
Frag       CoreAtom     CoreTot     BufAtom       BufTot  SubTot
    1  1                  1       2-12              11       12
    2  2                  1       1,3-12            11       12
    3  3                  1       1-2,4-12          11       12
    4  4                  1       1-3,5-12          11       12
    5  5                  1       1-4,6-12          11       12
    6  6                  1       1-5,7-12          11       12
    7  7                  1       1-6,8-12          11       12
    8  8                  1       1-7,9-12          11       12
    9  9                  1       1-8,10-12         11       12
   10  10                 1       1-9,11-12         11       12
   11  11                 1       1-10,12           11       12
   12  12                 1       1-11              11       12
-----------------------------------------------------------
Total Frag=  12
===========================================================
 move the subsystem            2  into            1
 move the subsystem            3  into            1
 move the subsystem            4  into            1
 move the subsystem            5  into            1
 move the subsystem            6  into            1
 move the subsystem            7  into            1
 move the subsystem            8  into            1
 move the subsystem            9  into            1
 move the subsystem           10  into            1
 move the subsystem           11  into            1
 move the subsystem           12  into            1
============================================================
The Core and Buffer Atoms
============================================================
Frag       CoreAtom     CoreTot     BufAtom       BufTot     SubAtom     SubTot    Elec    NBasis
    1  1-12              12       1                  0       1-12              12    42    36
-----------------------------------------------------------
Total Frag=   1
NBasis Max=  36
===========================================================

 @ Now End Div & Con Fragment


 @ Begin Energy Calculation

 -------------------------------
SCF CYCLE=    1
 Exceed the maximum interations
 IF IT APPEARS AT LATE STEP MAY LEAD TO WRONG RESULT!
E(Fermi)    = ************  AFTER 101 N.C. Cycles
DIIS CYCLE     =        1
DIIS TIME =         0.00
RMS CHANGE     = 0.950446E+00  MAX CHANGE= 0.213148E+01
 -------------------------------
SCF CYCLE=    2
 Exceed the maximum interations
 IF IT APPEARS AT LATE STEP MAY LEAD TO WRONG RESULT!
E(Fermi)    = ************  AFTER 101 N.C. Cycles
DIIS CYCLE     =        2
DIIS TIME =         0.00
RMS CHANGE     =          NaN  MAX CHANGE= 0.000000E+00
 -------------------------------
SCF CYCLE=    3
 Exceed the maximum interations
 IF IT APPEARS AT LATE STEP MAY LEAD TO WRONG RESULT!
E(Fermi)    = ************  AFTER 101 N.C. Cycles
DIIS CYCLE     =        3
DIIS TIME =         0.00
RMS CHANGE     = 0.769053E+00  MAX CHANGE= 0.585132E+01
 -------------------------------
SCF CYCLE=    4
 Exceed the maximum interations
 IF IT APPEARS AT LATE STEP MAY LEAD TO WRONG RESULT!
E(Fermi)    = ************  AFTER 101 N.C. Cycles
DIIS CYCLE     =        4
DIIS TIME =         0.00
RMS CHANGE     =          NaN  MAX CHANGE= 0.000000E+00
 -------------------------------
SCF CYCLE=    5
 Exceed the maximum interations
 IF IT APPEARS AT LATE STEP MAY LEAD TO WRONG RESULT!
E(Fermi)    = ************  AFTER 101 N.C. Cycles
DIIS CYCLE     =        5
DIIS TIME =         0.00
RMS CHANGE     = 0.769053E+00  MAX CHANGE= 0.585132E+01
 -------------------------------
SCF CYCLE=    6
 Exceed the maximum interations
 IF IT APPEARS AT LATE STEP MAY LEAD TO WRONG RESULT!
E(Fermi)    = ************  AFTER 101 N.C. Cycles
DIIS CYCLE     =        6
DIIS TIME =         0.00
RMS CHANGE     =          NaN  MAX CHANGE= 0.000000E+00
