  **************************************************************************
  **                      QUICK-0.06 June 12                              **
  **                                                                      **
  **                        Copyright (c) 2011                            **
  **                Regents of the University of Florida                  **
  **                       All Rights Reserved.                           **
  **                                                                      **
  **  This software provided pursuant to a license agreement containing   **
  **  restrictions on its disclosure, duplication, and use. This software **
  **  contains confidential and proprietary information, and may not be   **
  **  extracted or distributed, in whole or in part, for any purpose      **
  **  whatsoever, without the express written permission of the authors.  **
  **  This notice, and the associated author list, must be attached to    **
  **  all copies, or extracts, of this software. Any additional           **
  **  restrictions set forth in the license agreement also apply to this  **
  **  software.                                                           **
  **************************************************************************

  Cite this work as:
  Miao, Y.: He, X.: Ayers,K: Brothers, E.: Merz,K. M. QUICK;
  University of Florida, Gainesville, FL, 2010

  If you have any comment or queries, please send email for technic support:
  quick@qtp.ufl.edu

 TASK STARTS ON: Thu Apr  5 18:04:55 2012
 INPUT FILE:     benzene2.in
 OUTPUT FILE:    benzene2.out
 BASIS SET PATH: /home/miao/Workspace/new_quick/basis

 @ Read Job And Atom

  -------------------------------------
KEYWORD=HF DENSERMS=1.0E-8 NCYC=10 ZMAKE BASIS=6-31GSS ENERGY                                                                                                                                                   
  -------------------------------------
 ============== JOB CARD =============
| METHOD = HATREE FOCK
| SAD INITAL GUESS 
| USE DIIS SCF
| PRINT ENERGY EVERY CYCLE
| Z-MATRIX CONSTRUCTION
| MAX SCF CYCLES =    200
| MAX DIIS CYCLES =   10
| DELTA DENSITY START CYCLE =   10
| COMPUATIONAL CUTOFF: 
|      TWO-e INTEGRAL   =  0.100E-06
|      BASIS SET PRIME  =  0.100E-06
|      MATRIX ELEMENTS  =  0.100E-09
|      BASIS FUNCTION   =  0.100E-09
| DENSITY MATRIX MAXIMUM RMS FOR CONVERGENCE  =  0.100E-07
| BASIS SET = 6-31GSS
| BASIS FILE = /home/miao/Workspace/new_quick/basis/6-31GSS

 @ Finish reading job


 @ Begin SAD initial guess

 For Atom Kind =    1
 ELEMENT = C 
BASIS FUNCTIONS =   15

 @ Begin Energy Calculation


SCF CYCLE      =        1      TIME      =     0.16
RMS CHANGE     = 0.126285E+00  MAX CHANGE= 0.907564E+00

SCF CYCLE      =        2      TIME      =     0.17
RMS CHANGE     = 0.797580E-01  MAX CHANGE= 0.779886E+00

SCF CYCLE      =        3      TIME      =   0.17
DIIS CYCLE     =        1      MAX ERROR = 0.296498E-01
RMS CHANGE     = 0.904537E-02  MAX CHANGE= 0.646919E-01

SCF CYCLE      =        4      TIME      =   0.18
DIIS CYCLE     =        2      MAX ERROR = 0.533745E-02
RMS CHANGE     = 0.229206E-02  MAX CHANGE= 0.240656E-01

SCF CYCLE      =        5      TIME      =   0.17
DIIS CYCLE     =        3      MAX ERROR = 0.286206E-02
RMS CHANGE     = 0.169286E-02  MAX CHANGE= 0.184409E-01

SCF CYCLE      =        6      TIME      =   0.17
DIIS CYCLE     =        4      MAX ERROR = 0.549189E-03
RMS CHANGE     = 0.331939E-03  MAX CHANGE= 0.369677E-02

SCF CYCLE      =        7      TIME      =   0.17
DIIS CYCLE     =        5      MAX ERROR = 0.504681E-05
RMS CHANGE     = 0.171284E-05  MAX CHANGE= 0.173367E-04
DIIS FAILED !! RETURN TO NORMAL SCF. (NOT FATAL.)

SCF CYCLE      =        8      TIME      =     0.17
RMS CHANGE     = 0.436414E-06  MAX CHANGE= 0.476471E-05

SCF CYCLE      =        9      TIME      =   0.17
DIIS CYCLE     =        1      MAX ERROR = 0.220479E-06
RMS CHANGE     = 0.128283E-06  MAX CHANGE= 0.135337E-05
DIIS FAILED !! RETURN TO NORMAL SCF. (NOT FATAL.)

SCF CYCLE      =       10      TIME      =     0.18
RMS CHANGE     = 0.716055E-07  MAX CHANGE= 0.778059E-06

SCF CYCLE      =       11      TIME      =   0.17
DIIS CYCLE     =        1      MAX ERROR = 0.504502E-07
RMS CHANGE     = 0.195858E-07  MAX CHANGE= 0.221856E-06
DIIS FAILED !! RETURN TO NORMAL SCF. (NOT FATAL.)

SCF CYCLE      =       12      TIME      =     0.17
RMS CHANGE     = 0.123474E-07  MAX CHANGE= 0.133838E-06

SCF CYCLE      =       13      TIME      =   0.17
DIIS CYCLE     =        1      MAX ERROR = 0.996046E-08
RMS CHANGE     = 0.337585E-08  MAX CHANGE= 0.381889E-07
PREPARED FOR FINAL NO INTERPOLATION ITERATION

SCF CYCLE      =       14      TIME      =     0.17
RMS CHANGE     = 0.216807E-08  MAX CHANGE= 0.234770E-07
CONVERGED!!!!!
ELECTRONIC ENERGY    =     0.000000000
CORE_CORE REPULSION  =     0.000000000
TOTAL ENERGY         =     0.000000000

 @ End Energy calculation

 For Atom Kind =    2
 ELEMENT = H 
BASIS FUNCTIONS =    5

 @ Begin Energy Calculation


SCF CYCLE      =        1      TIME      =     0.00
RMS CHANGE     = 0.124770E+00  MAX CHANGE= 0.375230E+00

SCF CYCLE      =        2      TIME      =     0.00
RMS CHANGE     = 0.225650E-01  MAX CHANGE= 0.909848E-01

SCF CYCLE      =        3      TIME      =   0.01
DIIS CYCLE     =        1      MAX ERROR = 0.192500E-01
RMS CHANGE     = 0.706671E-02  MAX CHANGE= 0.282222E-01

SCF CYCLE      =        4      TIME      =   0.00
DIIS CYCLE     =        2      MAX ERROR = 0.619788E-02
RMS CHANGE     = 0.332676E-02  MAX CHANGE= 0.132001E-01
DIIS FAILED !! RETURN TO NORMAL SCF. (NOT FATAL.)

SCF CYCLE      =        5      TIME      =     0.00
RMS CHANGE     = 0.643466E-10  MAX CHANGE= 0.254611E-09
CONVERGED!!!!!
ELECTRONIC ENERGY    =     0.000000000
CORE_CORE REPULSION  =     0.000000000
TOTAL ENERGY         =     0.000000000

 @ End Energy calculation


 @ Finish SAD initial guess


 @ Begin to Read Mol Info


 =========== Molecule Input ==========
| TOTAL MOLECULAR CHARGE  =    0    MULTIPLICITY                =    1
| TOTOAL ATOM NUMBER      =   12    NUMBER OF ATOM TYPES        =    2
| NUMBER OF HYDROGEN ATOM =    6    NUMBER OF NON-HYDROGEN ATOM =    6
| NUMBER OF ELECTRONS     =   42

 -- INPUT GEOMETRY -- :
    C          -3.5784       1.3276      -1.1133
    C          -2.1833       1.3276      -1.1133
    C          -1.4857       2.5354      -1.1133
    C          -2.1834       3.7439      -1.1145
    C          -3.5782       3.7438      -1.1150
    C          -4.2758       2.5356      -1.1140
    H          -4.1282       0.3753      -1.1128
    H          -1.6337       0.3751      -1.1120
    H          -0.3860       2.5355      -1.1127
    H          -1.6332       4.6960      -1.1145
    H          -4.1283       4.6961      -1.1159
    H          -5.3754       2.5358      -1.1142

 -- DISTANCE MATRIX -- :
              1           2           3           4           5
      1     0.00000
      2     2.63647     0.00000
      3     4.56597     2.63562     0.00000
      4     5.27246     4.56607     2.63698     0.00000
      5     4.56592     5.27224     4.56625     2.63584     0.00000
      6     2.63585     4.56592     5.27249     4.56603     2.63643
      7     2.07796     4.09230     6.44961     7.35042     6.44983
      8     4.09204     2.07805     4.09188     6.45023     7.35028
      9     6.45007     4.09197     2.07809     4.09278     6.45003
     10     7.35055     6.44968     4.09254     2.07809     4.09240
     11     6.44974     7.35048     6.45059     4.09226     2.07825
     12     4.09195     6.44988     7.35044     6.44964     4.09215
              6           7           8           9          10
      6     0.00000
      7     4.09188     0.00000
      8     6.44952     4.71379     0.00000
      9     7.35058     8.16524     4.71443     0.00000
     10     6.45029     9.42852     8.16535     4.71426     0.00000
     11     4.09223     8.16509     9.42853     8.16594     4.71515
     12     2.07795     4.71419     8.16495     9.42853     8.16549
             11          12
     11     0.00000
     12     4.71377     0.00000

============== BASIS INFOS ==============
| BASIS FUNCTIONS =  120
| NSHELL =   42 NPRIM  =   96
| JSHELL =   42 JBASIS =   96


 @ End Reading Mol Info 


 @ Begin Energy Calculation

