  **************************************************************************
  **                      QUICK-0.06 June 12                              **
  **                                                                      **
  **                        Copyright (c) 2011                            **
  **                Regents of the University of Florida                  **
  **                       All Rights Reserved.                           **
  **                                                                      **
  **  This software provided pursuant to a license agreement containing   **
  **  restrictions on its disclosure, duplication, and use. This software **
  **  contains confidential and proprietary information, and may not be   **
  **  extracted or distributed, in whole or in part, for any purpose      **
  **  whatsoever, without the express written permission of the authors.  **
  **  This notice, and the associated author list, must be attached to    **
  **  all copies, or extracts, of this software. Any additional           **
  **  restrictions set forth in the license agreement also apply to this  **
  **  software.                                                           **
  **************************************************************************

  Cite this work as:
  Miao, Y.: He, X.: Ayers,K: Brothers, E.: Merz,K. M. QUICK;
  University of Florida, Gainesville, FL, 2010

  If you have any comment or queries, please send email for technic support:
  quick@qtp.ufl.edu

 TASK STARTS ON: Fri Sep  9 16:57:14 2011
 INPUT FILE:     water150.in
 OUTPUT FILE:    water150.out
 BASIS SET PATH: /home/miao/Workspace/new_quick/basis

|------------ CUDA INFORMATION ---------------
|  CUDA version of Quick in use
|  Implemented by
|                      Yipu Miao (Florida)
|  CAUTION: CUDA Quick is currently experimental
|           and you may at risk to use it. Be sure
|           to check result carelly. Advise or 
|           bug report are welcome.
|---------------------------------------------

|------------ GPU INFORMATION ---------------
| CUDA ENABLED DEVICE         :        1
| CUDA DEVICE IN USE          :        0
| CUDA DEVICE NAME            : GeForce GTX 580
| CUDA DEVICE PM              :       16
| CUDA DEVICE CORE FREQ(GHZ)  :     1.59
| CUDA DEVICE MEMORY SIZE (MB):     1535
| SUPPORTING CUDA VERSION     :      2.0
|--------------------------------------------

 @ Read Job And Atom

  -------------------------------------
KEYWORD=HF  MAXDIIS=2 CUTOFF=1.234E-9 SCF=100 ENERGY ZMAKE NCYC=1000  BASIS=6-311G                                                                                                                              
  -------------------------------------
 ============== JOB CARD =============
| METHOD = HATREE FOCK
| SAD INITAL GUESS 
| USE DIIS SCF
| PRINT ENERGY EVERY CYCLE
| Z-MATRIX CONSTRUCTION
| MAX SCF CYCLES =    100
| MAX DIIS CYCLES =    2
| DELTA DENSITY START CYCLE = 1000
| COMPUATIONAL CUTOFF: 
|      TWO-e INTEGRAL   =  0.123E-08
|      BASIS SET PRIME  =  0.123E-08
|      MATRIX ELEMENTS  =  0.100E-09
|      BASIS FUNCTION   =  0.100E-09
| DENSITY MATRIX MAXIMUM RMS FOR CONVERGENCE  =  0.100E-03
| BASIS SET = 6-311G
| BASIS FILE = /home/miao/Workspace/new_quick/basis/6-311G

 @ Finish reading job


 @ Begin SAD initial guess

 For Atom Kind =    1
 ELEMENT = H 
BASIS FUNCTIONS =    3

 @ Begin Energy Calculation


SCF CYCLE      =        1      TIME      =     0.00
RMS CHANGE     = 0.161914E+00  MAX CHANGE= 0.265833E+00

SCF CYCLE      =        2      TIME      =     0.00
RMS CHANGE     = 0.125926E-01  MAX CHANGE= 0.289320E-01

SCF CYCLE      =        3      TIME      =   0.00
DIIS CYCLE     =        1      MAX ERROR = 0.370617E-02
RMS CHANGE     = 0.249894E-02  MAX CHANGE= 0.590787E-02

SCF CYCLE      =        4      TIME      =   0.00
DIIS CYCLE     =        2      MAX ERROR = 0.660675E-03
RMS CHANGE     = 0.629876E-03  MAX CHANGE= 0.149586E-02

SCF CYCLE      =        5      TIME      =     0.00
RMS CHANGE     = 0.247494E-04  MAX CHANGE= 0.478636E-04
CONVERGED!!!!!
ELECTRONIC ENERGY    =     0.000000000
CORE_CORE REPULSION  =     0.000000000
TOTAL ENERGY         =     0.000000000

 @ End Energy calculation


 @ Finish SAD initial guess


 @ Begin to Read Mol Info


 =========== Molecule Input ==========
| TOTAL MOLECULAR CHARGE  =    0    MULTIPLICITY                =    1
| TOTOAL ATOM NUMBER      =  150    NUMBER OF ATOM TYPES        =    1
| NUMBER OF HYDROGEN ATOM =  150    NUMBER OF NON-HYDROGEN ATOM =    0
| NUMBER OF ELECTRONS     =  150

 -- INPUT GEOMETRY -- :
    H           0.3032      -0.4940       0.0000
    H          -0.3032      -0.9088       0.0000
    H           0.3032      -0.4940       3.0000
    H          -0.3032      -0.9088       3.0000
    H           0.3032      -0.4940       6.0000
    H          -0.3032      -0.9088       6.0000
    H           0.3032      -0.4940       9.0000
    H          -0.3032      -0.9088       9.0000
    H           0.3032      -0.4940      12.0000
    H          -0.3032      -0.9088      12.0000
    H           0.3032      -3.4940       0.0000
    H          -0.3032      -3.9088       0.0000
    H           0.3032      -3.4940       3.0000
    H          -0.3032      -3.9088       3.0000
    H           0.3032      -3.4940       6.0000
    H          -0.3032      -3.9088       6.0000
    H           0.3032      -3.4940       9.0000
    H          -0.3032      -3.9088       9.0000
    H           0.3032      -3.4940      12.0000
    H          -0.3032      -3.9088      12.0000
    H           0.3032      -6.4940       0.0000
    H          -0.3032      -6.9088       0.0000
    H           0.3032      -6.4940       3.0000
    H          -0.3032      -6.9088       3.0000
    H           0.3032      -6.4940       6.0000
    H          -0.3032      -6.9088       6.0000
    H           0.3032      -6.4940       9.0000
    H          -0.3032      -6.9088       9.0000
    H           0.3032      -6.4940      12.0000
    H          -0.3032      -6.9088      12.0000
    H           0.3032      -9.4940       0.0000
    H          -0.3032      -9.9088       0.0000
    H           0.3032      -9.4940       3.0000
    H          -0.3032      -9.9088       3.0000
    H           0.3032      -9.4940       6.0000
    H          -0.3032      -9.9088       6.0000
    H           0.3032      -9.4940       9.0000
    H          -0.3032      -9.9088       9.0000
    H           0.3032      -9.4940      12.0000
    H          -0.3032      -9.9088      12.0000
    H           0.3032     -12.4940       0.0000
    H          -0.3032     -12.9088       0.0000
    H           0.3032     -12.4940       3.0000
    H          -0.3032     -12.9088       3.0000
    H           0.3032     -12.4940       6.0000
    H          -0.3032     -12.9088       6.0000
    H           0.3032     -12.4940       9.0000
    H          -0.3032     -12.9088       9.0000
    H           0.3032     -12.4940      12.0000
    H          -0.3032     -12.9088      12.0000
    H           0.3032     -15.4940       0.0000
    H          -0.3032     -15.9088       0.0000
    H           0.3032     -15.4940       3.0000
    H          -0.3032     -15.9088       3.0000
    H           0.3032     -15.4940       6.0000
    H          -0.3032     -15.9088       6.0000
    H           0.3032     -15.4940       9.0000
    H          -0.3032     -15.9088       9.0000
    H           0.3032     -15.4940      12.0000
    H          -0.3032     -15.9088      12.0000
    H           0.3032     -18.4940       0.0000
    H          -0.3032     -18.9088       0.0000
    H           0.3032     -18.4940       3.0000
    H          -0.3032     -18.9088       3.0000
    H           0.3032     -18.4940       6.0000
    H          -0.3032     -18.9088       6.0000
    H           0.3032     -18.4940       9.0000
    H          -0.3032     -18.9088       9.0000
    H           0.3032     -18.4940      12.0000
    H          -0.3032     -18.9088      12.0000
    H           0.3032     -21.4940       0.0000
    H          -0.3032     -21.9088       0.0000
    H           0.3032     -21.4940       3.0000
    H          -0.3032     -21.9088       3.0000
    H           0.3032     -21.4940       6.0000
    H          -0.3032     -21.9088       6.0000
    H           0.3032     -21.4940       9.0000
    H          -0.3032     -21.9088       9.0000
    H           0.3032     -21.4940      12.0000
    H          -0.3032     -21.9088      12.0000
    H           0.3032     -24.4940       0.0000
    H          -0.3032     -24.9088       0.0000
    H           0.3032     -24.4940       3.0000
    H          -0.3032     -24.9088       3.0000
    H           0.3032     -24.4940       6.0000
    H          -0.3032     -24.9088       6.0000
    H           0.3032     -24.4940       9.0000
    H          -0.3032     -24.9088       9.0000
    H           0.3032     -24.4940      12.0000
    H          -0.3032     -24.9088      12.0000
    H           0.3032     -27.4940       0.0000
    H          -0.3032     -27.9088       0.0000
    H           0.3032     -27.4940       3.0000
    H          -0.3032     -27.9088       3.0000
    H           0.3032     -27.4940       6.0000
    H          -0.3032     -27.9088       6.0000
    H           0.3032     -27.4940       9.0000
    H          -0.3032     -27.9088       9.0000
    H           0.3032     -27.4940      12.0000
    H          -0.3032     -27.9088      12.0000
    H           0.3032     -30.4940       0.0000
    H          -0.3032     -30.9088       0.0000
    H           0.3032     -30.4940       3.0000
    H          -0.3032     -30.9088       3.0000
    H           0.3032     -30.4940       6.0000
    H          -0.3032     -30.9088       6.0000
    H           0.3032     -30.4940       9.0000
    H          -0.3032     -30.9088       9.0000
    H           0.3032     -30.4940      12.0000
    H          -0.3032     -30.9088      12.0000
    H           0.3032     -33.4940       0.0000
    H          -0.3032     -33.9088       0.0000
    H           0.3032     -33.4940       3.0000
    H          -0.3032     -33.9088       3.0000
    H           0.3032     -33.4940       6.0000
    H          -0.3032     -33.9088       6.0000
    H           0.3032     -33.4940       9.0000
    H          -0.3032     -33.9088       9.0000
    H           0.3032     -33.4940      12.0000
    H          -0.3032     -33.9088      12.0000
    H           0.3032     -36.4940       0.0000
    H          -0.3032     -36.9088       0.0000
    H           0.3032     -36.4940       3.0000
    H          -0.3032     -36.9088       3.0000
    H           0.3032     -36.4940       6.0000
    H          -0.3032     -36.9088       6.0000
    H           0.3032     -36.4940       9.0000
    H          -0.3032     -36.9088       9.0000
    H           0.3032     -36.4940      12.0000
    H          -0.3032     -36.9088      12.0000
    H           0.3032     -39.4940       0.0000
    H          -0.3032     -39.9088       0.0000
    H           0.3032     -39.4940       3.0000
    H          -0.3032     -39.9088       3.0000
    H           0.3032     -39.4940       6.0000
    H          -0.3032     -39.9088       6.0000
    H           0.3032     -39.4940       9.0000
    H          -0.3032     -39.9088       9.0000
    H           0.3032     -39.4940      12.0000
    H          -0.3032     -39.9088      12.0000
    H           0.3032     -42.4940       0.0000
    H          -0.3032     -42.9088       0.0000
    H           0.3032     -42.4940       3.0000
    H          -0.3032     -42.9088       3.0000
    H           0.3032     -42.4940       6.0000
    H          -0.3032     -42.9088       6.0000
    H           0.3032     -42.4940       9.0000
    H          -0.3032     -42.9088       9.0000
    H           0.3032     -42.4940      12.0000
    H          -0.3032     -42.9088      12.0000

============== BASIS INFOS ==============
| BASIS FUNCTIONS =  450
| NSHELL =  450 NPRIM  =  750
| JSHELL =  450 JBASIS =  750


 @ End Reading Mol Info 

