  **************************************************************************
  **                      QUICK-0.06 June 12                              **
  **                                                                      **
  **                        Copyright (c) 2011                            **
  **                Regents of the University of Florida                  **
  **                       All Rights Reserved.                           **
  **                                                                      **
  **  This software provided pursuant to a license agreement containing   **
  **  restrictions on its disclosure, duplication, and use. This software **
  **  contains confidential and proprietary information, and may not be   **
  **  extracted or distributed, in whole or in part, for any purpose      **
  **  whatsoever, without the express written permission of the authors.  **
  **  This notice, and the associated author list, must be attached to    **
  **  all copies, or extracts, of this software. Any additional           **
  **  restrictions set forth in the license agreement also apply to this  **
  **  software.                                                           **
  **************************************************************************

  Cite this work as:
  Miao, Y.: He, X.: Ayers,K: Brothers, E.: Merz,K. M. QUICK;
  University of Florida, Gainesville, FL, 2010

  If you have any comment or queries, please send email for technic support:
  quick@qtp.ufl.edu

 TASK STARTS ON: Fri Sep 16 16:20:22 2011
 INPUT FILE:     water16.in
 OUTPUT FILE:    water16.out
 BASIS SET PATH: /home/miao/Workspace/new_quick/basis

 @ Read Job And Atom

  -------------------------------------
KEYWORD=DIVCON HF BASIS=STO-3G ENERGY                                                                                                                                                                           
  -------------------------------------
 ============== JOB CARD =============
| METHOD = HATREE FOCK
| SAD INITAL GUESS 
| USE DIIS SCF
| PRINT ENERGY EVERY CYCLE
| DIV & CON METHOD = DIV AND CON ON ATOM BASIS
| MAX SCF CYCLES =    200
| MAX DIIS CYCLES =   10
| DELTA DENSITY START CYCLE = 1000
| COMPUATIONAL CUTOFF: 
|      TWO-e INTEGRAL   =  0.100E-06
|      BASIS SET PRIME  =  0.100E-06
|      MATRIX ELEMENTS  =  0.100E-09
|      BASIS FUNCTION   =  0.100E-09
| DENSITY MATRIX MAXIMUM RMS FOR CONVERGENCE  =  0.100E-03
| BASIS SET = STO-3G
| BASIS FILE = /home/miao/Workspace/new_quick/basis/STO-3G

 @ Finish reading job


 @ Begin SAD initial guess

 For Atom Kind =    1
 ELEMENT = O 
BASIS FUNCTIONS =    5

 @ Begin Energy Calculation


SCF CYCLE      =        1      TIME      =     0.01
RMS CHANGE     = 0.238978E+00  MAX CHANGE= 0.504578E+00

SCF CYCLE      =        2      TIME      =     0.02
RMS CHANGE     = 0.307220E-10  MAX CHANGE= 0.827385E-10
CONVERGED!!!!!
ELECTRONIC ENERGY    =     0.000000000
CORE_CORE REPULSION  =     0.000000000
TOTAL ENERGY         =     0.000000000

 @ End Energy calculation

 For Atom Kind =    2
 ELEMENT = H 
BASIS FUNCTIONS =    1

 @ Begin Energy Calculation


SCF CYCLE      =        1      TIME      =     0.00
RMS CHANGE     = 0.100000E-07  MAX CHANGE= 0.100000E-07
CONVERGED!!!!!
ELECTRONIC ENERGY    =     0.000000000
CORE_CORE REPULSION  =     0.000000000
TOTAL ENERGY         =     0.000000000

 @ End Energy calculation


 @ Finish SAD initial guess


 @ Begin to Read Mol Info


 =========== Molecule Input ==========
| TOTAL MOLECULAR CHARGE  =    0    MULTIPLICITY                =    1
| TOTOAL ATOM NUMBER      =   48    NUMBER OF ATOM TYPES        =    2
| NUMBER OF HYDROGEN ATOM =   32    NUMBER OF NON-HYDROGEN ATOM =   16
| NUMBER OF ELECTRONS     =  160

 -- INPUT GEOMETRY -- :
    O          -0.5643      -0.5734      -2.5273
    O          -3.5590      -1.8435      -2.1456
    O          -0.7806       0.5496       1.5597
    O          -2.3521      -2.1876       0.7218
    O          -2.7879       1.0651      -0.8010
    O          -0.7439       3.0665       3.6962
    O          -2.2986       3.5277       1.0071
    O           1.9001      -0.3040      -0.1640
    O           2.2878      -2.1786      -2.7939
    O           0.0172      -3.5649      -1.1306
    O           0.6726      -2.5006       1.9095
    O           3.7088       2.3443      -0.2631
    O           2.3191       0.8862      -3.2167
    O           0.3389       2.5935      -0.7537
    O           2.5721       3.9953      -2.7283
    O           1.8879       2.3905       2.2242
    H           1.5341       3.0011       2.8797
    H          -0.0809      -1.3359      -2.1921
    H           0.1191      -0.0635      -2.9730
    H          -3.9769      -2.3774      -2.8238
    H          -2.6618      -1.7188      -2.4740
    H          -1.5385      -0.0144       1.3705
    H          -0.9513       1.3228       1.0103
    H          -3.1967      -2.0267       0.2916
    H          -1.8897      -2.7435       0.0858
    H          -3.3631       0.3723      -1.1384
    H          -1.9954       0.9732      -1.3413
    H          -1.1428       2.2205       3.4790
    H          -1.2679       3.6925       3.1867
    H          -3.0130       2.9889       0.6537
    H          -1.6862       3.5879       0.2682
    H           1.0341       0.1185      -0.1486
    H           1.8553      -0.9123       0.5813
    H           2.6044      -1.6508      -2.0546
    H           2.4443      -1.6056      -3.5500
    H           0.5482      -3.5172      -0.3297
    H           0.6702      -3.7095      -1.8231
    H          -0.1721      -2.0381       1.8606
    H           0.6431      -2.9289       2.7670
    H           3.6123       1.4063      -0.0710
    H           3.6198       2.7473       0.6069
    H           2.5496       1.0766      -2.3014
    H           2.4175       1.7397      -3.6493
    H           0.6674       2.9573      -1.5817
    H           1.0771       2.7218      -0.1482
    H           3.2604       3.8077      -2.0802
    H           2.7565       4.8955      -3.0037
    H           1.3161       1.6222       2.3217

============== BASIS INFOS ==============
| BASIS FUNCTIONS =  112
| NSHELL =   64 NPRIM  =  192
| JSHELL =   64 JBASIS =  192


 @ End Reading Mol Info 


 @ Now Begin Div & Con Fragment

NUMBER OF FRAG= 48
RBuffer=   7.00 A
============================================================
The Core and Buffer Atoms before elimination
============================================================
Frag       CoreAtom     CoreTot     BufAtom       BufTot  SubTot
    1  1                  1       2-5,7-28,30-48    45       46
    2  2                  1       1,3-5,7-11,13-14  34       35
    3  3                  1       1-2,4-46,48       46       47
    4  4                  1       1-3,5-11,13-14,1  40       41
    5  5                  1       1-4,6-46,48       46       47
    6  6                  1       3-5,7-8,11-12,14  29       30
    7  7                  1       1-6,8,11-19,21-3  39       40
    8  8                  1       1-7,9-48          47       48
    9  9                  1       1-5,8,10-16,18-2  39       40
   10  10                 1       1-5,8-9,11,13-14  34       35
   11  11                 1       1-10,12-14,16-42  43       44
   12  12                 1       1,3,5-9,11,13-19  39       40
   13  13                 1       1-5,7-12,14-19,2  41       42
   14  14                 1       1-13,15-48        47       48
   15  15                 1       1,3,5,7-9,12-14,  30       31
   16  16                 1       1,3-9,11-15,17-1  40       41
   17  17                 1       1,3-8,11-16,18-1  37       38
   18  18                 1       1-5,7-17,19-28,3  45       46
   19  19                 1       1-5,7-18,20-28,3  45       46
   20  20                 1       1-5,8-11,14,18-1  27       28
   21  21                 1       1-5,7-11,13-14,1  35       36
   22  22                 1       1-14,16-21,23-45  44       45
   23  23                 1       1-22,24-48        47       48
   24  24                 1       1-11,14,18-23,25  36       37
   25  25                 1       1-11,13-14,16,18  39       40
   26  26                 1       1-11,13-14,16-25  41       42
   27  27                 1       1-26,28-48        47       48
   28  28                 1       1,3-8,11-12,14,1  33       34
   29  29                 1       3-8,11-12,14,16-  29       30
   30  30                 1       1-8,11-29,31-33,  38       39
   31  31                 1       1-8,11-19,21-30,  39       40
   32  32                 1       1-31,33-48        47       48
   33  33                 1       1-32,34-48        47       48
   34  34                 1       1-5,8-27,32-33,3  41       42
   35  35                 1       1-5,8-15,18-27,3  39       40
   36  36                 1       1-5,8-14,16,18-2  36       37
   37  37                 1       1-5,8-14,18-27,3  35       36
   38  38                 1       1-14,16-37,39-42  43       44
   39  39                 1       1-6,8-12,14,16-1  37       38
   40  40                 1       1,3,5-19,22-23,2  41       42
   41  41                 1       1,3,5-9,11-19,22  37       38
   42  42                 1       1-5,7-19,21-23,2  43       44
   43  43                 1       1,3,5,7-10,12-19  35       36
   44  44                 1       1-19,21-38,40-43  45       46
   45  45                 1       1-19,21-44,46-48  46       47
   46  46                 1       1,3,5,7-9,12-19,  31       32
   47  47                 1       1,7-8,12-19,23,2  26       27
   48  48                 1       1,3-19,22-47      44       45
-----------------------------------------------------------
Total Frag=  48
===========================================================
 move the subsystem            1  into           33
 move the subsystem            2  into           33
 move the subsystem            3  into           33
 move the subsystem            4  into           33
 move the subsystem            5  into           33
 move the subsystem            6  into           33
 move the subsystem            7  into           33
 move the subsystem            9  into           33
 move the subsystem           10  into           33
 move the subsystem           11  into           33
 move the subsystem           12  into           33
 move the subsystem           13  into           33
 move the subsystem           14  into            8
 move the subsystem           15  into           33
 move the subsystem           16  into           33
 move the subsystem           17  into           33
 move the subsystem           18  into           33
 move the subsystem           19  into           33
 move the subsystem           20  into           33
 move the subsystem           21  into           33
 move the subsystem           22  into           33
 move the subsystem           23  into            8
 move the subsystem           24  into           33
 move the subsystem           25  into           33
 move the subsystem           26  into           33
 move the subsystem           27  into            8
 move the subsystem           28  into           33
 move the subsystem           29  into           33
 move the subsystem           30  into           33
 move the subsystem           31  into           33
 move the subsystem           32  into            8
 move the subsystem           33  into            8
 move the subsystem           34  into            8
 move the subsystem           35  into            8
 move the subsystem           36  into            8
 move the subsystem           37  into            8
 move the subsystem           38  into            8
 move the subsystem           39  into            8
 move the subsystem           40  into            8
 move the subsystem           41  into            8
 move the subsystem           42  into            8
 move the subsystem           43  into            8
 move the subsystem           44  into            8
 move the subsystem           45  into            8
 move the subsystem           46  into            8
 move the subsystem           47  into            8
 move the subsystem           48  into            8
============================================================
The Core and Buffer Atoms
============================================================
Frag       CoreAtom     CoreTot     BufAtom       BufTot     SubAtom     SubTot    Elec    NBasis
    1  1-48              48       1                  0       1-48              48   160   112
-----------------------------------------------------------
Total Frag=   1
NBasis Max= 112
===========================================================

 @ Now End Div & Con Fragment


 @ Begin Energy Calculation

 -------------------------------
SCF CYCLE=    1
E(Fermi)    =    0.0000000  AFTER   1 N.C. Cycles
DIIS CYCLE     =        1
DIIS TIME =         0.00
RMS CHANGE     = 0.337754E+00  MAX CHANGE= 0.847323E+00
 -------------------------------
SCF CYCLE=    2
E(Fermi)    =    0.0000000  AFTER   1 N.C. Cycles
DIIS CYCLE     =        2
DIIS TIME =         0.00
RMS CHANGE     = 0.164604E-01  MAX CHANGE= 0.311878E+00
 -------------------------------
SCF CYCLE=    3
E(Fermi)    =    0.0000000  AFTER   1 N.C. Cycles
DIIS CYCLE     =        3
DIIS TIME =         0.00
RMS CHANGE     = 0.354822E-02  MAX CHANGE= 0.498138E-01
 -------------------------------
SCF CYCLE=    4
E(Fermi)    =    0.0000000  AFTER   1 N.C. Cycles
DIIS CYCLE     =        4
DIIS TIME =         0.00
RMS CHANGE     = 0.144308E-02  MAX CHANGE= 0.193326E-01
 -------------------------------
SCF CYCLE=    5
E(Fermi)    =    0.0000000  AFTER   1 N.C. Cycles
DIIS CYCLE     =        5
DIIS TIME =         0.00
RMS CHANGE     = 0.631699E-03  MAX CHANGE= 0.899865E-02
 -------------------------------
SCF CYCLE=    6
E(Fermi)    =    0.0000000  AFTER   1 N.C. Cycles
DIIS CYCLE     =        6
DIIS TIME =         0.00
RMS CHANGE     = 0.285795E-03  MAX CHANGE= 0.421699E-02
 -------------------------------
SCF CYCLE=    7
E(Fermi)    =    0.0000000  AFTER   1 N.C. Cycles
DIIS CYCLE     =        7
DIIS TIME =         0.00
RMS CHANGE     = 0.131232E-03  MAX CHANGE= 0.198360E-02
 -------------------------------
SCF CYCLE=    8
E(Fermi)    =    0.0000000  AFTER   1 N.C. Cycles
DIIS CYCLE     =        8
DIIS TIME =         0.00
RMS CHANGE     = 0.607545E-04  MAX CHANGE= 0.935422E-03
REACH CONVERGENCE AFTER    8 CYCLES
ELECTRONIC ENERGY    = -2713.024302712
CORE_CORE REPULSION  =  1513.488913932
TOTAL ENERGY         = -1199.535388781

 @ End Energy calculation


 @ Begin Charge and Dipole Calculation

    ATOMIC CHARGES
   ATOM          MULLIKEN            LOWDIN
   O             -0.3984            -0.2826
   O             -0.3850            -0.2700
   O             -0.3999            -0.2848
   O             -0.3912            -0.2760
   O             -0.3951            -0.2796
   O             -0.3869            -0.2724
   O             -0.3897            -0.2747
   O             -0.3974            -0.2814
   O             -0.3889            -0.2740
   O             -0.3899            -0.2750
   O             -0.3843            -0.2693
   O             -0.3955            -0.2801
   O             -0.3900            -0.2748
   O             -0.3923            -0.2773
   O             -0.3860            -0.2708
   O             -0.3936            -0.2782
   H              0.1990             0.1408
   H              0.1987             0.1409
   H              0.1970             0.1392
   H              0.1858             0.1294
   H              0.2016             0.1432
   H              0.1995             0.1415
   H              0.1975             0.1403
   H              0.1940             0.1365
   H              0.1977             0.1399
   H              0.1940             0.1366
   H              0.1992             0.1412
   H              0.1884             0.1318
   H              0.1968             0.1388
   H              0.1954             0.1376
   H              0.1934             0.1361
   H              0.1993             0.1415
   H              0.1994             0.1412
   H              0.1951             0.1375
   H              0.1927             0.1354
   H              0.1931             0.1359
   H              0.1969             0.1392
   H              0.2026             0.1443
   H              0.1865             0.1299
   H              0.1970             0.1393
   H              0.1974             0.1396
   H              0.1947             0.1375
   H              0.1970             0.1390
   H              0.1945             0.1370
   H              0.1969             0.1394
   H              0.2019             0.1433
   H              0.1865             0.1299
   H              0.1945             0.1373
   TOTAL         0.0000             0.0000

    DIPOLE (DEBYE)
      X         Y         Z        TOTAL
    0.9332    0.0755   -2.3087    2.4913

 @ End Charge and Dipole Calculation


 @ Output Timing Infomration

------------- TIMING ---------------
INITIAL GUESS TIME =     0.410000000(  0.28%)
TOTAL SCF TIME     =   146.190000000( 99.52%)
      TOTAL OP TIME      =   145.720000000( 99.20%)
            TOTAL 1e TIME      =     0.500000000(  0.34%)
            TOTAL 2e TIME      =   145.220000000( 98.86%)
            TOTAL ENERGY TIME  =     0.000000000(  0.00%)
      TOTAL DII TIME     =     0.000000000(  0.00%)
            TOTAL DC DIAG TIME =     0.110000000(  0.07%)
DIPOLE TIME        =     0.160000000(  0.11%)
TOTAL TIME         =   146.890000000
------------------------------------
 Job cpu time:  0 days  0 hours  2 minutes 26.9 seconds.

 @ Finish Output Timing Infomration

 Normal Terminatation. Task Finished on: Fri Sep 16 16:22:49 2011
