  **************************************************************************
  **                      QUICK-0.06 June 12                              **
  **                                                                      **
  **                        Copyright (c) 2011                            **
  **                Regents of the University of Florida                  **
  **                       All Rights Reserved.                           **
  **                                                                      **
  **  This software provided pursuant to a license agreement containing   **
  **  restrictions on its disclosure, duplication, and use. This software **
  **  contains confidential and proprietary information, and may not be   **
  **  extracted or distributed, in whole or in part, for any purpose      **
  **  whatsoever, without the express written permission of the authors.  **
  **  This notice, and the associated author list, must be attached to    **
  **  all copies, or extracts, of this software. Any additional           **
  **  restrictions set forth in the license agreement also apply to this  **
  **  software.                                                           **
  **************************************************************************

  Cite this work as:
  Miao, Y.: He, X.: Ayers,K: Brothers, E.: Merz,K. M. QUICK;
  University of Florida, Gainesville, FL, 2010

  If you have any comment or queries, please send email for technic support:
  quick@qtp.ufl.edu

 TASK STARTS ON: Thu Dec  1 11:18:00 2011
 INPUT FILE:     benzene.gjf
 OUTPUT FILE:    benzene.out
 BASIS SET PATH: /Users/miao/Workspace/new_quick/basis

 @ Read Job And Atom

  -------------------------------------
KEYWORD=%CHK=BENZENE.CHK                                                                                                                                                                                        
  -------------------------------------
 ============== JOB CARD =============
| SAD INITAL GUESS 
| USE DIIS SCF
| PRINT ENERGY EVERY CYCLE
| MAX SCF CYCLES =    200
| MAX DIIS CYCLES =   10
| DELTA DENSITY START CYCLE = 1000
| COMPUATIONAL CUTOFF: 
|      TWO-e INTEGRAL   =  0.100E-06
|      BASIS SET PRIME  =  0.100E-06
|      MATRIX ELEMENTS  =  0.100E-09
|      BASIS FUNCTION   =  0.100E-09
| DENSITY MATRIX MAXIMUM RMS FOR CONVERGENCE  =  0.100E-03
| BASIS SET = STO-3G
| BASIS FILE = /Users/miao/Workspace/new_quick/basis/STO-3G

 @ Finish reading job


 @ Begin SAD initial guess


 @ Finish SAD initial guess


 @ Begin to Read Mol Info


 =========== Molecule Input ==========
| TOTAL MOLECULAR CHARGE  =    0    MULTIPLICITY                =    1
| TOTOAL ATOM NUMBER      =    0    NUMBER OF ATOM TYPES        =    0
| NUMBER OF HYDROGEN ATOM =    0    NUMBER OF NON-HYDROGEN ATOM =    0
| NUMBER OF ELECTRONS     =    0

 -- INPUT GEOMETRY -- :

 -- DISTANCE MATRIX -- :

============== BASIS INFOS ==============
| BASIS FUNCTIONS =    0
| NSHELL =    0 NPRIM  =    0
| JSHELL =    0 JBASIS =    0


 @ End Reading Mol Info 


 @ Begin Energy Calculation

                                         SCF ENERGY
------------------------------------------------------------------------------------------------------------------------
NCYC       ENERGY         DELTA_E      SCF_TIME  DII_CYC   DII_TIME   O_TIME  DIAG_TIME    MAX_ERR    RMS_CHG    MAX_CHG
------------------------------------------------------------------------------------------------------------------------
  1      0.000000000      ------         0.000     1        0.00      0.00      0.00    0.0000E+00         NaN  0.0000E+00
  2      0.000000000  0.000000E+00       0.000     2        0.00      0.00      0.00    0.0000E+00         NaN  0.0000E+00
DIIS FAILED !! PERFORM NORMAL SCF. (NOT FATAL.)
  3      0.000000000  0.000000E+00       0.000     3        0.00      0.00      0.00    0.0000E+00         NaN  0.0000E+00
DIIS FAILED !! PERFORM NORMAL SCF. (NOT FATAL.)
  4      0.000000000  0.000000E+00       0.000     4        0.00      0.00      0.00    0.0000E+00         NaN  0.0000E+00
DIIS FAILED !! PERFORM NORMAL SCF. (NOT FATAL.)
  5      0.000000000  0.000000E+00       0.000     5        0.00      0.00      0.00    0.0000E+00         NaN  0.0000E+00
DIIS FAILED !! PERFORM NORMAL SCF. (NOT FATAL.)
  6      0.000000000  0.000000E+00       0.000     6        0.00      0.00      0.00    0.0000E+00         NaN  0.0000E+00
DIIS FAILED !! PERFORM NORMAL SCF. (NOT FATAL.)
  7      0.000000000  0.000000E+00       0.000     7        0.00      0.00      0.00    0.0000E+00         NaN  0.0000E+00
DIIS FAILED !! PERFORM NORMAL SCF. (NOT FATAL.)
  8      0.000000000  0.000000E+00       0.000     8        0.00      0.00      0.00    0.0000E+00         NaN  0.0000E+00
DIIS FAILED !! PERFORM NORMAL SCF. (NOT FATAL.)
  9      0.000000000  0.000000E+00       0.000     9        0.00      0.00      0.00    0.0000E+00         NaN  0.0000E+00
DIIS FAILED !! PERFORM NORMAL SCF. (NOT FATAL.)
 10      0.000000000  0.000000E+00       0.000    10        0.00      0.00      0.00    0.0000E+00         NaN  0.0000E+00
DIIS FAILED !! PERFORM NORMAL SCF. (NOT FATAL.)
 11      0.000000000  0.000000E+00       0.000     1        0.00      0.00      0.00    0.0000E+00         NaN  0.0000E+00
DIIS FAILED !! PERFORM NORMAL SCF. (NOT FATAL.)
 12      0.000000000  0.000000E+00       0.000     2        0.00      0.00      0.00    0.0000E+00         NaN  0.0000E+00
DIIS FAILED !! PERFORM NORMAL SCF. (NOT FATAL.)
 13      0.000000000  0.000000E+00       0.000     3        0.00      0.00      0.00    0.0000E+00         NaN  0.0000E+00
DIIS FAILED !! PERFORM NORMAL SCF. (NOT FATAL.)
 14      0.000000000  0.000000E+00       0.000     4        0.00      0.00      0.00    0.0000E+00         NaN  0.0000E+00
DIIS FAILED !! PERFORM NORMAL SCF. (NOT FATAL.)
 15      0.000000000  0.000000E+00       0.000     5        0.00      0.00      0.00    0.0000E+00         NaN  0.0000E+00
DIIS FAILED !! PERFORM NORMAL SCF. (NOT FATAL.)
 16      0.000000000  0.000000E+00       0.000     6        0.00      0.00      0.00    0.0000E+00         NaN  0.0000E+00
DIIS FAILED !! PERFORM NORMAL SCF. (NOT FATAL.)
 17      0.000000000  0.000000E+00       0.000     7        0.00      0.00      0.00    0.0000E+00         NaN  0.0000E+00
DIIS FAILED !! PERFORM NORMAL SCF. (NOT FATAL.)
 18      0.000000000  0.000000E+00       0.000     8        0.00      0.00      0.00    0.0000E+00         NaN  0.0000E+00
DIIS FAILED !! PERFORM NORMAL SCF. (NOT FATAL.)
 19      0.000000000  0.000000E+00       0.000     9        0.00      0.00      0.00    0.0000E+00         NaN  0.0000E+00
DIIS FAILED !! PERFORM NORMAL SCF. (NOT FATAL.)
 20      0.000000000  0.000000E+00       0.000    10        0.00      0.00      0.00    0.0000E+00         NaN  0.0000E+00
DIIS FAILED !! PERFORM NORMAL SCF. (NOT FATAL.)
 21      0.000000000  0.000000E+00       0.000     1        0.00      0.00      0.00    0.0000E+00         NaN  0.0000E+00
DIIS FAILED !! PERFORM NORMAL SCF. (NOT FATAL.)
 22      0.000000000  0.000000E+00       0.000     2        0.00      0.00      0.00    0.0000E+00         NaN  0.0000E+00
DIIS FAILED !! PERFORM NORMAL SCF. (NOT FATAL.)
 23      0.000000000  0.000000E+00       0.000     3        0.00      0.00      0.00    0.0000E+00         NaN  0.0000E+00
DIIS FAILED !! PERFORM NORMAL SCF. (NOT FATAL.)
 24      0.000000000  0.000000E+00       0.000     4        0.00      0.00      0.00    0.0000E+00         NaN  0.0000E+00
DIIS FAILED !! PERFORM NORMAL SCF. (NOT FATAL.)
 25      0.000000000  0.000000E+00       0.000     5        0.00      0.00      0.00    0.0000E+00         NaN  0.0000E+00
DIIS FAILED !! PERFORM NORMAL SCF. (NOT FATAL.)
 26      0.000000000  0.000000E+00       0.000     6        0.00      0.00      0.00    0.0000E+00         NaN  0.0000E+00
DIIS FAILED !! PERFORM NORMAL SCF. (NOT FATAL.)
 27      0.000000000  0.000000E+00       0.000     7        0.00      0.00      0.00    0.0000E+00         NaN  0.0000E+00
DIIS FAILED !! PERFORM NORMAL SCF. (NOT FATAL.)
 28      0.000000000  0.000000E+00       0.000     8        0.00      0.00      0.00    0.0000E+00         NaN  0.0000E+00
DIIS FAILED !! PERFORM NORMAL SCF. (NOT FATAL.)
 29      0.000000000  0.000000E+00       0.000     9        0.00      0.00      0.00    0.0000E+00         NaN  0.0000E+00
DIIS FAILED !! PERFORM NORMAL SCF. (NOT FATAL.)
 30      0.000000000  0.000000E+00       0.000    10        0.00      0.00      0.00    0.0000E+00         NaN  0.0000E+00
DIIS FAILED !! PERFORM NORMAL SCF. (NOT FATAL.)
 31      0.000000000  0.000000E+00       0.000     1        0.00      0.00      0.00    0.0000E+00         NaN  0.0000E+00
DIIS FAILED !! PERFORM NORMAL SCF. (NOT FATAL.)
 32      0.000000000  0.000000E+00       0.000     2        0.00      0.00      0.00    0.0000E+00         NaN  0.0000E+00
DIIS FAILED !! PERFORM NORMAL SCF. (NOT FATAL.)
 33      0.000000000  0.000000E+00       0.000     3        0.00      0.00      0.00    0.0000E+00         NaN  0.0000E+00
DIIS FAILED !! PERFORM NORMAL SCF. (NOT FATAL.)
 34      0.000000000  0.000000E+00       0.000     4        0.00      0.00      0.00    0.0000E+00         NaN  0.0000E+00
DIIS FAILED !! PERFORM NORMAL SCF. (NOT FATAL.)
 35      0.000000000  0.000000E+00       0.000     5        0.00      0.00      0.00    0.0000E+00         NaN  0.0000E+00
DIIS FAILED !! PERFORM NORMAL SCF. (NOT FATAL.)
 36      0.000000000  0.000000E+00       0.000     6        0.00      0.00      0.00    0.0000E+00         NaN  0.0000E+00
DIIS FAILED !! PERFORM NORMAL SCF. (NOT FATAL.)
 37      0.000000000  0.000000E+00       0.000     7        0.00      0.00      0.00    0.0000E+00         NaN  0.0000E+00
DIIS FAILED !! PERFORM NORMAL SCF. (NOT FATAL.)
 38      0.000000000  0.000000E+00       0.000     8        0.00      0.00      0.00    0.0000E+00         NaN  0.0000E+00
DIIS FAILED !! PERFORM NORMAL SCF. (NOT FATAL.)
 39      0.000000000  0.000000E+00       0.000     9        0.00      0.00      0.00    0.0000E+00         NaN  0.0000E+00
DIIS FAILED !! PERFORM NORMAL SCF. (NOT FATAL.)
 40      0.000000000  0.000000E+00       0.000    10        0.00      0.00      0.00    0.0000E+00         NaN  0.0000E+00
DIIS FAILED !! PERFORM NORMAL SCF. (NOT FATAL.)
 41      0.000000000  0.000000E+00       0.000     1        0.00      0.00      0.00    0.0000E+00         NaN  0.0000E+00
DIIS FAILED !! PERFORM NORMAL SCF. (NOT FATAL.)
 42      0.000000000  0.000000E+00       0.000     2        0.00      0.00      0.00    0.0000E+00         NaN  0.0000E+00
DIIS FAILED !! PERFORM NORMAL SCF. (NOT FATAL.)
 43      0.000000000  0.000000E+00       0.000     3        0.00      0.00      0.00    0.0000E+00         NaN  0.0000E+00
DIIS FAILED !! PERFORM NORMAL SCF. (NOT FATAL.)
 44      0.000000000  0.000000E+00       0.000     4        0.00      0.00      0.00    0.0000E+00         NaN  0.0000E+00
DIIS FAILED !! PERFORM NORMAL SCF. (NOT FATAL.)
 45      0.000000000  0.000000E+00       0.000     5        0.00      0.00      0.00    0.0000E+00         NaN  0.0000E+00
DIIS FAILED !! PERFORM NORMAL SCF. (NOT FATAL.)
 46      0.000000000  0.000000E+00       0.000     6        0.00      0.00      0.00    0.0000E+00         NaN  0.0000E+00
DIIS FAILED !! PERFORM NORMAL SCF. (NOT FATAL.)
 47      0.000000000  0.000000E+00       0.000     7        0.00      0.00      0.00    0.0000E+00         NaN  0.0000E+00
DIIS FAILED !! PERFORM NORMAL SCF. (NOT FATAL.)
 48      0.000000000  0.000000E+00       0.000     8        0.00      0.00      0.00    0.0000E+00         NaN  0.0000E+00
DIIS FAILED !! PERFORM NORMAL SCF. (NOT FATAL.)
 49      0.000000000  0.000000E+00       0.000     9        0.00      0.00      0.00    0.0000E+00         NaN  0.0000E+00
DIIS FAILED !! PERFORM NORMAL SCF. (NOT FATAL.)
 50      0.000000000  0.000000E+00       0.000    10        0.00      0.00      0.00    0.0000E+00         NaN  0.0000E+00
DIIS FAILED !! PERFORM NORMAL SCF. (NOT FATAL.)
 51      0.000000000  0.000000E+00       0.000     1        0.00      0.00      0.00    0.0000E+00         NaN  0.0000E+00
DIIS FAILED !! PERFORM NORMAL SCF. (NOT FATAL.)
 52      0.000000000  0.000000E+00       0.000     2        0.00      0.00      0.00    0.0000E+00         NaN  0.0000E+00
DIIS FAILED !! PERFORM NORMAL SCF. (NOT FATAL.)
 53      0.000000000  0.000000E+00       0.000     3        0.00      0.00      0.00    0.0000E+00         NaN  0.0000E+00
DIIS FAILED !! PERFORM NORMAL SCF. (NOT FATAL.)
 54      0.000000000  0.000000E+00       0.000     4        0.00      0.00      0.00    0.0000E+00         NaN  0.0000E+00
DIIS FAILED !! PERFORM NORMAL SCF. (NOT FATAL.)
 55      0.000000000  0.000000E+00       0.000     5        0.00      0.00      0.00    0.0000E+00         NaN  0.0000E+00
DIIS FAILED !! PERFORM NORMAL SCF. (NOT FATAL.)
 56      0.000000000  0.000000E+00       0.000     6        0.00      0.00      0.00    0.0000E+00         NaN  0.0000E+00
DIIS FAILED !! PERFORM NORMAL SCF. (NOT FATAL.)
 57      0.000000000  0.000000E+00       0.000     7        0.00      0.00      0.00    0.0000E+00         NaN  0.0000E+00
DIIS FAILED !! PERFORM NORMAL SCF. (NOT FATAL.)
 58      0.000000000  0.000000E+00       0.000     8        0.00      0.00      0.00    0.0000E+00         NaN  0.0000E+00
DIIS FAILED !! PERFORM NORMAL SCF. (NOT FATAL.)
 59      0.000000000  0.000000E+00       0.000     9        0.00      0.00      0.00    0.0000E+00         NaN  0.0000E+00
DIIS FAILED !! PERFORM NORMAL SCF. (NOT FATAL.)
 60      0.000000000  0.000000E+00       0.000    10        0.00      0.00      0.00    0.0000E+00         NaN  0.0000E+00
DIIS FAILED !! PERFORM NORMAL SCF. (NOT FATAL.)
 61      0.000000000  0.000000E+00       0.000     1        0.00      0.00      0.00    0.0000E+00         NaN  0.0000E+00
DIIS FAILED !! PERFORM NORMAL SCF. (NOT FATAL.)
 62      0.000000000  0.000000E+00       0.000     2        0.00      0.00      0.00    0.0000E+00         NaN  0.0000E+00
DIIS FAILED !! PERFORM NORMAL SCF. (NOT FATAL.)
 63      0.000000000  0.000000E+00       0.000     3        0.00      0.00      0.00    0.0000E+00         NaN  0.0000E+00
DIIS FAILED !! PERFORM NORMAL SCF. (NOT FATAL.)
 64      0.000000000  0.000000E+00       0.000     4        0.00      0.00      0.00    0.0000E+00         NaN  0.0000E+00
DIIS FAILED !! PERFORM NORMAL SCF. (NOT FATAL.)
 65      0.000000000  0.000000E+00       0.000     5        0.00      0.00      0.00    0.0000E+00         NaN  0.0000E+00
DIIS FAILED !! PERFORM NORMAL SCF. (NOT FATAL.)
 66      0.000000000  0.000000E+00       0.000     6        0.00      0.00      0.00    0.0000E+00         NaN  0.0000E+00
DIIS FAILED !! PERFORM NORMAL SCF. (NOT FATAL.)
 67      0.000000000  0.000000E+00       0.000     7        0.00      0.00      0.00    0.0000E+00         NaN  0.0000E+00
DIIS FAILED !! PERFORM NORMAL SCF. (NOT FATAL.)
 68      0.000000000  0.000000E+00       0.000     8        0.00      0.00      0.00    0.0000E+00         NaN  0.0000E+00
DIIS FAILED !! PERFORM NORMAL SCF. (NOT FATAL.)
 69      0.000000000  0.000000E+00       0.000     9        0.00      0.00      0.00    0.0000E+00         NaN  0.0000E+00
DIIS FAILED !! PERFORM NORMAL SCF. (NOT FATAL.)
 70      0.000000000  0.000000E+00       0.000    10        0.00      0.00      0.00    0.0000E+00         NaN  0.0000E+00
DIIS FAILED !! PERFORM NORMAL SCF. (NOT FATAL.)
 71      0.000000000  0.000000E+00       0.000     1        0.00      0.00      0.00    0.0000E+00         NaN  0.0000E+00
DIIS FAILED !! PERFORM NORMAL SCF. (NOT FATAL.)
 72      0.000000000  0.000000E+00       0.000     2        0.00      0.00      0.00    0.0000E+00         NaN  0.0000E+00
DIIS FAILED !! PERFORM NORMAL SCF. (NOT FATAL.)
 73      0.000000000  0.000000E+00       0.000     3        0.00      0.00      0.00    0.0000E+00         NaN  0.0000E+00
DIIS FAILED !! PERFORM NORMAL SCF. (NOT FATAL.)
 74      0.000000000  0.000000E+00       0.000     4        0.00      0.00      0.00    0.0000E+00         NaN  0.0000E+00
DIIS FAILED !! PERFORM NORMAL SCF. (NOT FATAL.)
 75      0.000000000  0.000000E+00       0.000     5        0.00      0.00      0.00    0.0000E+00         NaN  0.0000E+00
DIIS FAILED !! PERFORM NORMAL SCF. (NOT FATAL.)
 76      0.000000000  0.000000E+00       0.000     6        0.00      0.00      0.00    0.0000E+00         NaN  0.0000E+00
DIIS FAILED !! PERFORM NORMAL SCF. (NOT FATAL.)
 77      0.000000000  0.000000E+00       0.000     7        0.00      0.00      0.00    0.0000E+00         NaN  0.0000E+00
DIIS FAILED !! PERFORM NORMAL SCF. (NOT FATAL.)
 78      0.000000000  0.000000E+00       0.000     8        0.00      0.00      0.00    0.0000E+00         NaN  0.0000E+00
DIIS FAILED !! PERFORM NORMAL SCF. (NOT FATAL.)
 79      0.000000000  0.000000E+00       0.000     9        0.00      0.00      0.00    0.0000E+00         NaN  0.0000E+00
DIIS FAILED !! PERFORM NORMAL SCF. (NOT FATAL.)
 80      0.000000000  0.000000E+00       0.000    10        0.00      0.00      0.00    0.0000E+00         NaN  0.0000E+00
DIIS FAILED !! PERFORM NORMAL SCF. (NOT FATAL.)
 81      0.000000000  0.000000E+00       0.000     1        0.00      0.00      0.00    0.0000E+00         NaN  0.0000E+00
DIIS FAILED !! PERFORM NORMAL SCF. (NOT FATAL.)
 82      0.000000000  0.000000E+00       0.000     2        0.00      0.00      0.00    0.0000E+00         NaN  0.0000E+00
DIIS FAILED !! PERFORM NORMAL SCF. (NOT FATAL.)
 83      0.000000000  0.000000E+00       0.000     3        0.00      0.00      0.00    0.0000E+00         NaN  0.0000E+00
DIIS FAILED !! PERFORM NORMAL SCF. (NOT FATAL.)
 84      0.000000000  0.000000E+00       0.000     4        0.00      0.00      0.00    0.0000E+00         NaN  0.0000E+00
DIIS FAILED !! PERFORM NORMAL SCF. (NOT FATAL.)
 85      0.000000000  0.000000E+00       0.000     5        0.00      0.00      0.00    0.0000E+00         NaN  0.0000E+00
DIIS FAILED !! PERFORM NORMAL SCF. (NOT FATAL.)
 86      0.000000000  0.000000E+00       0.000     6        0.00      0.00      0.00    0.0000E+00         NaN  0.0000E+00
DIIS FAILED !! PERFORM NORMAL SCF. (NOT FATAL.)
 87      0.000000000  0.000000E+00       0.000     7        0.00      0.00      0.00    0.0000E+00         NaN  0.0000E+00
DIIS FAILED !! PERFORM NORMAL SCF. (NOT FATAL.)
 88      0.000000000  0.000000E+00       0.000     8        0.00      0.00      0.00    0.0000E+00         NaN  0.0000E+00
DIIS FAILED !! PERFORM NORMAL SCF. (NOT FATAL.)
 89      0.000000000  0.000000E+00       0.000     9        0.00      0.00      0.00    0.0000E+00         NaN  0.0000E+00
DIIS FAILED !! PERFORM NORMAL SCF. (NOT FATAL.)
 90      0.000000000  0.000000E+00       0.000    10        0.00      0.00      0.00    0.0000E+00         NaN  0.0000E+00
DIIS FAILED !! PERFORM NORMAL SCF. (NOT FATAL.)
 91      0.000000000  0.000000E+00       0.000     1        0.00      0.00      0.00    0.0000E+00         NaN  0.0000E+00
DIIS FAILED !! PERFORM NORMAL SCF. (NOT FATAL.)
 92      0.000000000  0.000000E+00       0.000     2        0.00      0.00      0.00    0.0000E+00         NaN  0.0000E+00
DIIS FAILED !! PERFORM NORMAL SCF. (NOT FATAL.)
 93      0.000000000  0.000000E+00       0.000     3        0.00      0.00      0.00    0.0000E+00         NaN  0.0000E+00
DIIS FAILED !! PERFORM NORMAL SCF. (NOT FATAL.)
 94      0.000000000  0.000000E+00       0.000     4        0.00      0.00      0.00    0.0000E+00         NaN  0.0000E+00
DIIS FAILED !! PERFORM NORMAL SCF. (NOT FATAL.)
 95      0.000000000  0.000000E+00       0.000     5        0.00      0.00      0.00    0.0000E+00         NaN  0.0000E+00
DIIS FAILED !! PERFORM NORMAL SCF. (NOT FATAL.)
 96      0.000000000  0.000000E+00       0.000     6        0.00      0.00      0.00    0.0000E+00         NaN  0.0000E+00
DIIS FAILED !! PERFORM NORMAL SCF. (NOT FATAL.)
 97      0.000000000  0.000000E+00       0.000     7        0.00      0.00      0.00    0.0000E+00         NaN  0.0000E+00
DIIS FAILED !! PERFORM NORMAL SCF. (NOT FATAL.)
 98      0.000000000  0.000000E+00       0.000     8        0.00      0.00      0.00    0.0000E+00         NaN  0.0000E+00
DIIS FAILED !! PERFORM NORMAL SCF. (NOT FATAL.)
 99      0.000000000  0.000000E+00       0.000     9        0.00      0.00      0.00    0.0000E+00         NaN  0.0000E+00
DIIS FAILED !! PERFORM NORMAL SCF. (NOT FATAL.)
100      0.000000000  0.000000E+00       0.000    10        0.00      0.00      0.00    0.0000E+00         NaN  0.0000E+00
DIIS FAILED !! PERFORM NORMAL SCF. (NOT FATAL.)
101      0.000000000  0.000000E+00       0.000     1        0.00      0.00      0.00    0.0000E+00         NaN  0.0000E+00
DIIS FAILED !! PERFORM NORMAL SCF. (NOT FATAL.)
102      0.000000000  0.000000E+00       0.000     2        0.00      0.00      0.00    0.0000E+00         NaN  0.0000E+00
DIIS FAILED !! PERFORM NORMAL SCF. (NOT FATAL.)
103      0.000000000  0.000000E+00       0.000     3        0.00      0.00      0.00    0.0000E+00         NaN  0.0000E+00
DIIS FAILED !! PERFORM NORMAL SCF. (NOT FATAL.)
104      0.000000000  0.000000E+00       0.000     4        0.00      0.00      0.00    0.0000E+00         NaN  0.0000E+00
DIIS FAILED !! PERFORM NORMAL SCF. (NOT FATAL.)
105      0.000000000  0.000000E+00       0.000     5        0.00      0.00      0.00    0.0000E+00         NaN  0.0000E+00
DIIS FAILED !! PERFORM NORMAL SCF. (NOT FATAL.)
106      0.000000000  0.000000E+00       0.000     6        0.00      0.00      0.00    0.0000E+00         NaN  0.0000E+00
DIIS FAILED !! PERFORM NORMAL SCF. (NOT FATAL.)
107      0.000000000  0.000000E+00       0.000     7        0.00      0.00      0.00    0.0000E+00         NaN  0.0000E+00
DIIS FAILED !! PERFORM NORMAL SCF. (NOT FATAL.)
108      0.000000000  0.000000E+00       0.000     8        0.00      0.00      0.00    0.0000E+00         NaN  0.0000E+00
DIIS FAILED !! PERFORM NORMAL SCF. (NOT FATAL.)
109      0.000000000  0.000000E+00       0.000     9        0.00      0.00      0.00    0.0000E+00         NaN  0.0000E+00
DIIS FAILED !! PERFORM NORMAL SCF. (NOT FATAL.)
110      0.000000000  0.000000E+00       0.000    10        0.00      0.00      0.00    0.0000E+00         NaN  0.0000E+00
DIIS FAILED !! PERFORM NORMAL SCF. (NOT FATAL.)
111      0.000000000  0.000000E+00       0.000     1        0.00      0.00      0.00    0.0000E+00         NaN  0.0000E+00
DIIS FAILED !! PERFORM NORMAL SCF. (NOT FATAL.)
112      0.000000000  0.000000E+00       0.000     2        0.00      0.00      0.00    0.0000E+00         NaN  0.0000E+00
DIIS FAILED !! PERFORM NORMAL SCF. (NOT FATAL.)
113      0.000000000  0.000000E+00       0.000     3        0.00      0.00      0.00    0.0000E+00         NaN  0.0000E+00
DIIS FAILED !! PERFORM NORMAL SCF. (NOT FATAL.)
114      0.000000000  0.000000E+00       0.000     4        0.00      0.00      0.00    0.0000E+00         NaN  0.0000E+00
DIIS FAILED !! PERFORM NORMAL SCF. (NOT FATAL.)
115      0.000000000  0.000000E+00       0.000     5        0.00      0.00      0.00    0.0000E+00         NaN  0.0000E+00
DIIS FAILED !! PERFORM NORMAL SCF. (NOT FATAL.)
116      0.000000000  0.000000E+00       0.000     6        0.00      0.00      0.00    0.0000E+00         NaN  0.0000E+00
DIIS FAILED !! PERFORM NORMAL SCF. (NOT FATAL.)
117      0.000000000  0.000000E+00       0.000     7        0.00      0.00      0.00    0.0000E+00         NaN  0.0000E+00
DIIS FAILED !! PERFORM NORMAL SCF. (NOT FATAL.)
118      0.000000000  0.000000E+00       0.000     8        0.00      0.00      0.00    0.0000E+00         NaN  0.0000E+00
DIIS FAILED !! PERFORM NORMAL SCF. (NOT FATAL.)
119      0.000000000  0.000000E+00       0.000     9        0.00      0.00      0.00    0.0000E+00         NaN  0.0000E+00
DIIS FAILED !! PERFORM NORMAL SCF. (NOT FATAL.)
120      0.000000000  0.000000E+00       0.000    10        0.00      0.00      0.00    0.0000E+00         NaN  0.0000E+00
DIIS FAILED !! PERFORM NORMAL SCF. (NOT FATAL.)
121      0.000000000  0.000000E+00       0.000     1        0.00      0.00      0.00    0.0000E+00         NaN  0.0000E+00
DIIS FAILED !! PERFORM NORMAL SCF. (NOT FATAL.)
122      0.000000000  0.000000E+00       0.000     2        0.00      0.00      0.00    0.0000E+00         NaN  0.0000E+00
DIIS FAILED !! PERFORM NORMAL SCF. (NOT FATAL.)
123      0.000000000  0.000000E+00       0.000     3        0.00      0.00      0.00    0.0000E+00         NaN  0.0000E+00
DIIS FAILED !! PERFORM NORMAL SCF. (NOT FATAL.)
124      0.000000000  0.000000E+00       0.000     4        0.00      0.00      0.00    0.0000E+00         NaN  0.0000E+00
DIIS FAILED !! PERFORM NORMAL SCF. (NOT FATAL.)
125      0.000000000  0.000000E+00       0.000     5        0.00      0.00      0.00    0.0000E+00         NaN  0.0000E+00
DIIS FAILED !! PERFORM NORMAL SCF. (NOT FATAL.)
126      0.000000000  0.000000E+00       0.000     6        0.00      0.00      0.00    0.0000E+00         NaN  0.0000E+00
DIIS FAILED !! PERFORM NORMAL SCF. (NOT FATAL.)
127      0.000000000  0.000000E+00       0.000     7        0.00      0.00      0.00    0.0000E+00         NaN  0.0000E+00
DIIS FAILED !! PERFORM NORMAL SCF. (NOT FATAL.)
128      0.000000000  0.000000E+00       0.000     8        0.00      0.00      0.00    0.0000E+00         NaN  0.0000E+00
DIIS FAILED !! PERFORM NORMAL SCF. (NOT FATAL.)
129      0.000000000  0.000000E+00       0.000     9        0.00      0.00      0.00    0.0000E+00         NaN  0.0000E+00
DIIS FAILED !! PERFORM NORMAL SCF. (NOT FATAL.)
130      0.000000000  0.000000E+00       0.000    10        0.00      0.00      0.00    0.0000E+00         NaN  0.0000E+00
DIIS FAILED !! PERFORM NORMAL SCF. (NOT FATAL.)
131      0.000000000  0.000000E+00       0.000     1        0.00      0.00      0.00    0.0000E+00         NaN  0.0000E+00
DIIS FAILED !! PERFORM NORMAL SCF. (NOT FATAL.)
132      0.000000000  0.000000E+00       0.000     2        0.00      0.00      0.00    0.0000E+00         NaN  0.0000E+00
DIIS FAILED !! PERFORM NORMAL SCF. (NOT FATAL.)
133      0.000000000  0.000000E+00       0.000     3        0.00      0.00      0.00    0.0000E+00         NaN  0.0000E+00
DIIS FAILED !! PERFORM NORMAL SCF. (NOT FATAL.)
134      0.000000000  0.000000E+00       0.000     4        0.00      0.00      0.00    0.0000E+00         NaN  0.0000E+00
DIIS FAILED !! PERFORM NORMAL SCF. (NOT FATAL.)
135      0.000000000  0.000000E+00       0.000     5        0.00      0.00      0.00    0.0000E+00         NaN  0.0000E+00
DIIS FAILED !! PERFORM NORMAL SCF. (NOT FATAL.)
136      0.000000000  0.000000E+00       0.000     6        0.00      0.00      0.00    0.0000E+00         NaN  0.0000E+00
DIIS FAILED !! PERFORM NORMAL SCF. (NOT FATAL.)
137      0.000000000  0.000000E+00       0.000     7        0.00      0.00      0.00    0.0000E+00         NaN  0.0000E+00
DIIS FAILED !! PERFORM NORMAL SCF. (NOT FATAL.)
138      0.000000000  0.000000E+00       0.000     8        0.00      0.00      0.00    0.0000E+00         NaN  0.0000E+00
DIIS FAILED !! PERFORM NORMAL SCF. (NOT FATAL.)
139      0.000000000  0.000000E+00       0.000     9        0.00      0.00      0.00    0.0000E+00         NaN  0.0000E+00
DIIS FAILED !! PERFORM NORMAL SCF. (NOT FATAL.)
140      0.000000000  0.000000E+00       0.000    10        0.00      0.00      0.00    0.0000E+00         NaN  0.0000E+00
DIIS FAILED !! PERFORM NORMAL SCF. (NOT FATAL.)
141      0.000000000  0.000000E+00       0.000     1        0.00      0.00      0.00    0.0000E+00         NaN  0.0000E+00
DIIS FAILED !! PERFORM NORMAL SCF. (NOT FATAL.)
142      0.000000000  0.000000E+00       0.000     2        0.00      0.00      0.00    0.0000E+00         NaN  0.0000E+00
DIIS FAILED !! PERFORM NORMAL SCF. (NOT FATAL.)
143      0.000000000  0.000000E+00       0.000     3        0.00      0.00      0.00    0.0000E+00         NaN  0.0000E+00
DIIS FAILED !! PERFORM NORMAL SCF. (NOT FATAL.)
144      0.000000000  0.000000E+00       0.000     4        0.00      0.00      0.00    0.0000E+00         NaN  0.0000E+00
DIIS FAILED !! PERFORM NORMAL SCF. (NOT FATAL.)
145      0.000000000  0.000000E+00       0.000     5        0.00      0.00      0.00    0.0000E+00         NaN  0.0000E+00
DIIS FAILED !! PERFORM NORMAL SCF. (NOT FATAL.)
146      0.000000000  0.000000E+00       0.000     6        0.00      0.00      0.00    0.0000E+00         NaN  0.0000E+00
DIIS FAILED !! PERFORM NORMAL SCF. (NOT FATAL.)
147      0.000000000  0.000000E+00       0.000     7        0.00      0.00      0.00    0.0000E+00         NaN  0.0000E+00
DIIS FAILED !! PERFORM NORMAL SCF. (NOT FATAL.)
148      0.000000000  0.000000E+00       0.000     8        0.00      0.00      0.00    0.0000E+00         NaN  0.0000E+00
DIIS FAILED !! PERFORM NORMAL SCF. (NOT FATAL.)
149      0.000000000  0.000000E+00       0.000     9        0.00      0.00      0.00    0.0000E+00         NaN  0.0000E+00
DIIS FAILED !! PERFORM NORMAL SCF. (NOT FATAL.)
150      0.000000000  0.000000E+00       0.000    10        0.00      0.00      0.00    0.0000E+00         NaN  0.0000E+00
DIIS FAILED !! PERFORM NORMAL SCF. (NOT FATAL.)
151      0.000000000  0.000000E+00       0.000     1        0.00      0.00      0.00    0.0000E+00         NaN  0.0000E+00
DIIS FAILED !! PERFORM NORMAL SCF. (NOT FATAL.)
152      0.000000000  0.000000E+00       0.000     2        0.00      0.00      0.00    0.0000E+00         NaN  0.0000E+00
DIIS FAILED !! PERFORM NORMAL SCF. (NOT FATAL.)
153      0.000000000  0.000000E+00       0.000     3        0.00      0.00      0.00    0.0000E+00         NaN  0.0000E+00
DIIS FAILED !! PERFORM NORMAL SCF. (NOT FATAL.)
154      0.000000000  0.000000E+00       0.000     4        0.00      0.00      0.00    0.0000E+00         NaN  0.0000E+00
DIIS FAILED !! PERFORM NORMAL SCF. (NOT FATAL.)
155      0.000000000  0.000000E+00       0.000     5        0.00      0.00      0.00    0.0000E+00         NaN  0.0000E+00
DIIS FAILED !! PERFORM NORMAL SCF. (NOT FATAL.)
156      0.000000000  0.000000E+00       0.000     6        0.00      0.00      0.00    0.0000E+00         NaN  0.0000E+00
DIIS FAILED !! PERFORM NORMAL SCF. (NOT FATAL.)
157      0.000000000  0.000000E+00       0.000     7        0.00      0.00      0.00    0.0000E+00         NaN  0.0000E+00
DIIS FAILED !! PERFORM NORMAL SCF. (NOT FATAL.)
158      0.000000000  0.000000E+00       0.000     8        0.00      0.00      0.00    0.0000E+00         NaN  0.0000E+00
DIIS FAILED !! PERFORM NORMAL SCF. (NOT FATAL.)
159      0.000000000  0.000000E+00       0.000     9        0.00      0.00      0.00    0.0000E+00         NaN  0.0000E+00
DIIS FAILED !! PERFORM NORMAL SCF. (NOT FATAL.)
160      0.000000000  0.000000E+00       0.000    10        0.00      0.00      0.00    0.0000E+00         NaN  0.0000E+00
DIIS FAILED !! PERFORM NORMAL SCF. (NOT FATAL.)
161      0.000000000  0.000000E+00       0.000     1        0.00      0.00      0.00    0.0000E+00         NaN  0.0000E+00
DIIS FAILED !! PERFORM NORMAL SCF. (NOT FATAL.)
162      0.000000000  0.000000E+00       0.000     2        0.00      0.00      0.00    0.0000E+00         NaN  0.0000E+00
DIIS FAILED !! PERFORM NORMAL SCF. (NOT FATAL.)
163      0.000000000  0.000000E+00       0.000     3        0.00      0.00      0.00    0.0000E+00         NaN  0.0000E+00
DIIS FAILED !! PERFORM NORMAL SCF. (NOT FATAL.)
164      0.000000000  0.000000E+00       0.000     4        0.00      0.00      0.00    0.0000E+00         NaN  0.0000E+00
DIIS FAILED !! PERFORM NORMAL SCF. (NOT FATAL.)
165      0.000000000  0.000000E+00       0.000     5        0.00      0.00      0.00    0.0000E+00         NaN  0.0000E+00
DIIS FAILED !! PERFORM NORMAL SCF. (NOT FATAL.)
166      0.000000000  0.000000E+00       0.000     6        0.00      0.00      0.00    0.0000E+00         NaN  0.0000E+00
DIIS FAILED !! PERFORM NORMAL SCF. (NOT FATAL.)
167      0.000000000  0.000000E+00       0.000     7        0.00      0.00      0.00    0.0000E+00         NaN  0.0000E+00
DIIS FAILED !! PERFORM NORMAL SCF. (NOT FATAL.)
168      0.000000000  0.000000E+00       0.000     8        0.00      0.00      0.00    0.0000E+00         NaN  0.0000E+00
DIIS FAILED !! PERFORM NORMAL SCF. (NOT FATAL.)
169      0.000000000  0.000000E+00       0.000     9        0.00      0.00      0.00    0.0000E+00         NaN  0.0000E+00
DIIS FAILED !! PERFORM NORMAL SCF. (NOT FATAL.)
170      0.000000000  0.000000E+00       0.000    10        0.00      0.00      0.00    0.0000E+00         NaN  0.0000E+00
DIIS FAILED !! PERFORM NORMAL SCF. (NOT FATAL.)
171      0.000000000  0.000000E+00       0.000     1        0.00      0.00      0.00    0.0000E+00         NaN  0.0000E+00
DIIS FAILED !! PERFORM NORMAL SCF. (NOT FATAL.)
172      0.000000000  0.000000E+00       0.000     2        0.00      0.00      0.00    0.0000E+00         NaN  0.0000E+00
DIIS FAILED !! PERFORM NORMAL SCF. (NOT FATAL.)
173      0.000000000  0.000000E+00       0.000     3        0.00      0.00      0.00    0.0000E+00         NaN  0.0000E+00
DIIS FAILED !! PERFORM NORMAL SCF. (NOT FATAL.)
174      0.000000000  0.000000E+00       0.000     4        0.00      0.00      0.00    0.0000E+00         NaN  0.0000E+00
DIIS FAILED !! PERFORM NORMAL SCF. (NOT FATAL.)
175      0.000000000  0.000000E+00       0.000     5        0.00      0.00      0.00    0.0000E+00         NaN  0.0000E+00
DIIS FAILED !! PERFORM NORMAL SCF. (NOT FATAL.)
176      0.000000000  0.000000E+00       0.000     6        0.00      0.00      0.00    0.0000E+00         NaN  0.0000E+00
DIIS FAILED !! PERFORM NORMAL SCF. (NOT FATAL.)
177      0.000000000  0.000000E+00       0.000     7        0.00      0.00      0.00    0.0000E+00         NaN  0.0000E+00
DIIS FAILED !! PERFORM NORMAL SCF. (NOT FATAL.)
178      0.000000000  0.000000E+00       0.000     8        0.00      0.00      0.00    0.0000E+00         NaN  0.0000E+00
DIIS FAILED !! PERFORM NORMAL SCF. (NOT FATAL.)
179      0.000000000  0.000000E+00       0.000     9        0.00      0.00      0.00    0.0000E+00         NaN  0.0000E+00
DIIS FAILED !! PERFORM NORMAL SCF. (NOT FATAL.)
180      0.000000000  0.000000E+00       0.000    10        0.00      0.00      0.00    0.0000E+00         NaN  0.0000E+00
DIIS FAILED !! PERFORM NORMAL SCF. (NOT FATAL.)
181      0.000000000  0.000000E+00       0.000     1        0.00      0.00      0.00    0.0000E+00         NaN  0.0000E+00
DIIS FAILED !! PERFORM NORMAL SCF. (NOT FATAL.)
182      0.000000000  0.000000E+00       0.000     2        0.00      0.00      0.00    0.0000E+00         NaN  0.0000E+00
DIIS FAILED !! PERFORM NORMAL SCF. (NOT FATAL.)
183      0.000000000  0.000000E+00       0.000     3        0.00      0.00      0.00    0.0000E+00         NaN  0.0000E+00
DIIS FAILED !! PERFORM NORMAL SCF. (NOT FATAL.)
184      0.000000000  0.000000E+00       0.000     4        0.00      0.00      0.00    0.0000E+00         NaN  0.0000E+00
DIIS FAILED !! PERFORM NORMAL SCF. (NOT FATAL.)
185      0.000000000  0.000000E+00       0.000     5        0.00      0.00      0.00    0.0000E+00         NaN  0.0000E+00
DIIS FAILED !! PERFORM NORMAL SCF. (NOT FATAL.)
186      0.000000000  0.000000E+00       0.000     6        0.00      0.00      0.00    0.0000E+00         NaN  0.0000E+00
DIIS FAILED !! PERFORM NORMAL SCF. (NOT FATAL.)
187      0.000000000  0.000000E+00       0.000     7        0.00      0.00      0.00    0.0000E+00         NaN  0.0000E+00
DIIS FAILED !! PERFORM NORMAL SCF. (NOT FATAL.)
188      0.000000000  0.000000E+00       0.000     8        0.00      0.00      0.00    0.0000E+00         NaN  0.0000E+00
DIIS FAILED !! PERFORM NORMAL SCF. (NOT FATAL.)
189      0.000000000  0.000000E+00       0.000     9        0.00      0.00      0.00    0.0000E+00         NaN  0.0000E+00
DIIS FAILED !! PERFORM NORMAL SCF. (NOT FATAL.)
190      0.000000000  0.000000E+00       0.000    10        0.00      0.00      0.00    0.0000E+00         NaN  0.0000E+00
DIIS FAILED !! PERFORM NORMAL SCF. (NOT FATAL.)
191      0.000000000  0.000000E+00       0.000     1        0.00      0.00      0.00    0.0000E+00         NaN  0.0000E+00
DIIS FAILED !! PERFORM NORMAL SCF. (NOT FATAL.)
192      0.000000000  0.000000E+00       0.000     2        0.00      0.00      0.00    0.0000E+00         NaN  0.0000E+00
DIIS FAILED !! PERFORM NORMAL SCF. (NOT FATAL.)
193      0.000000000  0.000000E+00       0.000     3        0.00      0.00      0.00    0.0000E+00         NaN  0.0000E+00
DIIS FAILED !! PERFORM NORMAL SCF. (NOT FATAL.)
194      0.000000000  0.000000E+00       0.000     4        0.00      0.00      0.00    0.0000E+00         NaN  0.0000E+00
DIIS FAILED !! PERFORM NORMAL SCF. (NOT FATAL.)
195      0.000000000  0.000000E+00       0.000     5        0.00      0.00      0.00    0.0000E+00         NaN  0.0000E+00
DIIS FAILED !! PERFORM NORMAL SCF. (NOT FATAL.)
196      0.000000000  0.000000E+00       0.000     6        0.00      0.00      0.00    0.0000E+00         NaN  0.0000E+00
DIIS FAILED !! PERFORM NORMAL SCF. (NOT FATAL.)
197      0.000000000  0.000000E+00       0.000     7        0.00      0.00      0.00    0.0000E+00         NaN  0.0000E+00
DIIS FAILED !! PERFORM NORMAL SCF. (NOT FATAL.)
198      0.000000000  0.000000E+00       0.000     8        0.00      0.00      0.00    0.0000E+00         NaN  0.0000E+00
DIIS FAILED !! PERFORM NORMAL SCF. (NOT FATAL.)
199      0.000000000  0.000000E+00       0.000     9        0.00      0.00      0.00    0.0000E+00         NaN  0.0000E+00
DIIS FAILED !! PERFORM NORMAL SCF. (NOT FATAL.)
RAN OUT OF CYCLES.  NO CONVERGENCE.
PERFORM FINAL NO INTERPOLATION ITERATION
ELECTRONIC ENERGY    =     0.000000000
CORE_CORE REPULSION  =     0.000000000
TOTAL ENERGY         =     0.000000000

 @ End Energy calculation


 @ Begin Charge and Dipole Calculation

    ATOMIC CHARGES
   ATOM          MULLIKEN            LOWDIN
   TOTAL         0.0000             0.0000

    DIPOLE (DEBYE)
      X         Y         Z        TOTAL
    0.0000    0.0000    0.0000    0.0000

 @ End Charge and Dipole Calculation


 @ Output Timing Infomration

------------- TIMING ---------------
INITIAL GUESS TIME =     0.000090000(  0.49%)
TOTAL SCF TIME     =     0.003682000( 20.17%)
      TOTAL OP TIME      =     0.000094000(  0.51%)
            TOTAL 1e TIME      =     0.000004000(  0.02%)
            TOTAL 2e TIME      =     0.000000000(  0.00%)
            TOTAL ENERGY TIME  =     0.000000000(  0.00%)
      TOTAL DII TIME     =     0.003141000( 17.21%)
            TOTAL DIAG TIME    =     0.001307000(  7.16%)
TOTAL TIME         =     0.018253000
------------------------------------
 Job cpu time:  0 days  0 hours  0 minutes  0.0 seconds.

 @ Finish Output Timing Infomration

 Normal Terminatation. Task Finished on: Thu Dec  1 11:18:01 2011
