  **************************************************************************
  **                      QUICK 0.01-2010-Jul                             **
  **                                                                      **
  **                        Copyright (c) 2010                            **
  **                Regents of the University of Florida                  **
  **                       All Rights Reserved.                           **
  **                                                                      **
  **  This software provided pursuant to a license agreement containing   **
  **  restrictions on its disclosure, duplication, and use. This software **
  **  contains confidential and proprietary information, and may not be   **
  **  extracted or distributed, in whole or in part, for any purpose      **
  **  whatsoever, without the express written permission of the authors.  **
  **  This notice, and the associated author list, must be attached to    **
  **  all copies, or extracts, of this software. Any additional           **
  **  restrictions set forth in the license agreement also apply to this  **
  **  software.                                                           **
  **************************************************************************

  Cite this work as:
  Miao, Y.: He, X.: Ayers,K: Brothers, E.: Merz,K. M. QUICK;
  University of Florida, Gainesville, FL, 2010
 Task starts on: Fri Feb  4 16:37:39 2011
 INPUT FILE:   benzene2.i                    
 OUTPUT FILE:  benzene2.out                  
 TOTAL PROCESSOR =     1
 MASTER NAME     = qtpclnt135.qtp.ufl.edu        

 @  Read Atom types 

ATOM TYPES=   2
ATOM NUMBER=  12

 @ Read Job Type

  -------------------------------------
KEYWORD=HF NCYC=1000 ZMAKE OPTIMIZE BASIS=STO-3G ENERGY OPT ATOMBASIS                                                                                                                                           
  -------------------------------------
 ====== JOB CARD =====
METHOD = HATREE FOCK
SAD INITAL GUESS
PRINT ENERGY EVERY CYCLE
USE DIIS SCF
GEOMETRY OPTIMIZATION
Z-MATRIX CONSTRUCTION
NUMERICAL GRADIENT
NUMERICAL HESSIAN MATRIX
BASIS FILE=/Users/miao/Workspace/new_quick/basis/STO-3G                                    
DELTA DENSITY CYCLE STARTS FROM CYCLE1000
TOTAL MOLECULAR CHARGE =  0 (DEFAULT)
MULTIPLICITY = 1 (DEFAULT)
MAX SCF CYCLES = 200 (DEFAULT)
DENSITY MATRIX MAXIMUM RMS FOR CONVERGENCE  = 1E-4 (DEFAULT)
MAX DIIS CYCLES = 10 (DEFAULT)
MATRIX ELEMENTS LESS THAN 0.100E-09 CONSIDERED ZERO. (DEFAULT)
BASIS FUNCTION MAGNITUDE LESS THAN   0.1E-09 A.U. CONSIDERED ZERO. (DEFAULT)
THRESHOLD FOR ECP-INTEGRALS PRESCREENING =     0.10000E-11  (DEFAULT)

 @ Finish reading job


 @ Begin SAD initial guess

 For Atom Kind =    1
 ELEMENT = C 
NUMBER OF ALPHA ELECTRONS =    4
NUMBER OF BETA ELECTRONS  =    2
BASIS FUNCTIONS =    5

 @ Begin Energy Calculation


SCF CYCLE      =        1      TIME      =     0.01
RMS CHANGE     = 0.245482E+00  MAX CHANGE= 0.665739E+00

SCF CYCLE      =        2      TIME      =     0.01
RMS CHANGE     = 0.635587E-12  MAX CHANGE= 0.153785E-11
CONVERGED!!!!!
ELECTRONIC ENERGY  =     0.000000000
CORE_CORE REPULSION=     0.000000000
TOTAL ENERGY       =     0.000000000

 @ End Energy calculation

 For Atom Kind =    2
 ELEMENT = H 
NUMBER OF ALPHA ELECTRONS =    1
NUMBER OF BETA ELECTRONS  =    0
BASIS FUNCTIONS =    1

 @ Begin Energy Calculation


SCF CYCLE      =        1      TIME      =     0.00
RMS CHANGE     = 0.100000E-07  MAX CHANGE= 0.100000E-07
CONVERGED!!!!!
ELECTRONIC ENERGY  =     0.000000000
CORE_CORE REPULSION=     0.000000000
TOTAL ENERGY       =     0.000000000

 @ End Energy calculation


 @ Finish SAD initial guess


 @ Begin to Read Mol Info

MAX OPTIMIZATION CYCLES =   108  (DEFAULT)
TOTOAL ATOM NUMBER =   12
NUMBER OF HYDROGEN ATOM =    6
NUMBER OF NON-HYDROGEN ATOM =    6
DEGREE OF FREEdoM =    30

NUMBER OF ELECTRONS =   42
BASIS FUNCTIONS =   36


INPUT GEOMETRY:
C          -3.5784       1.3276      -1.1133
C          -2.1833       1.3276      -1.1133
C          -1.4857       2.5354      -1.1133
C          -2.1834       3.7439      -1.1145
C          -3.5782       3.7438      -1.1150
C          -4.2758       2.5356      -1.1140
H          -4.1282       0.3753      -1.1128
H          -1.6337       0.3751      -1.1120
H          -0.3860       2.5355      -1.1127
H          -1.6332       4.6960      -1.1145
H          -4.1283       4.6961      -1.1159
H          -5.3754       2.5358      -1.1142

DISTANCE MATRIX:
            1         2         3         4         5
      1    0.0000
      2    1.3952    0.0000
      3    2.4162    1.3947    0.0000
      4    2.7901    2.4163    1.3954    0.0000
      5    2.4162    2.7899    2.4164    1.3948    0.0000
      6    1.3948    2.4162    2.7901    2.4162    1.3951
      7    1.0996    2.1656    3.4130    3.8897    3.4131
      8    2.1654    1.0997    2.1653    3.4133    3.8896
      9    3.4132    2.1654    1.0997    2.1658    3.4132
     10    3.8897    3.4130    2.1657    1.0997    2.1656
     11    3.4131    3.8897    3.4135    2.1655    1.0998
     12    2.1654    3.4131    3.8897    3.4130    2.1655
            6         7         8         9        10
      6    0.0000
      7    2.1653    0.0000
      8    3.4129    2.4944    0.0000
      9    3.8898    4.3209    2.4948    0.0000
     10    3.4133    4.9894    4.3209    2.4947    0.0000
     11    2.1655    4.3208    4.9894    4.3212    2.4951
     12    1.0996    2.4946    4.3207    4.9894    4.3210
           11        12
     11    0.0000
     12    2.4944    0.0000

 @ End Reading Mol Info 


 @ Begin Optimization Job


 @ Optimize for New Step


============  GEOMETRY FOR OPTIMIZATION STEP   1 OUT OF  108  ============

GEOMETRY INPUT
ELEMENT      X         Y         Z
  C       -3.5784    1.3276   -1.1133
  C       -2.1833    1.3276   -1.1133
  C       -1.4857    2.5354   -1.1133
  C       -2.1834    3.7439   -1.1145
  C       -3.5782    3.7438   -1.1150
  C       -4.2758    2.5356   -1.1140
  H       -4.1282    0.3753   -1.1128
  H       -1.6337    0.3751   -1.1120
  H       -0.3860    2.5355   -1.1127
  H       -1.6332    4.6960   -1.1145
  H       -4.1283    4.6961   -1.1159
  H       -5.3754    2.5358   -1.1142

 @ Begin Energy Calculation

                                         SCF ENERGY
------------------------------------------------------------------------------------------------------------------------
NCYC       ENERGY         DELTA_E      SCF_TIME  DII_CYC   DII_TIME   O_TIME  DIAG_TIME    MAX_ERR    RMS_CHG    MAX_CHG
------------------------------------------------------------------------------------------------------------------------
  1    203.030748099      ------         0.002     1        0.00      0.00      0.00    0.0000E+00  0.5768E+00  0.3774E+01
  2   -207.750933348  0.410782E+03       0.614     2        0.00      0.61      0.00    0.5773E+00  0.0000E+00  0.0000E+00
  3   -207.750933234  -.114521E-06       0.697     3        0.00      0.70      0.00    0.5773E+00  0.0000E+00  0.0000E+00
  4   -207.750933234  0.000000E+00       0.697     4        0.00      0.70      0.00    0.5773E+00  0.5761E+00  0.2984E+01
DIIS FAILED !! PERFORM NORMAL SCF. (NOT FATAL.)
  5   -224.150755377  0.163998E+02       0.692     5        0.00      0.69      0.00    0.5160E+00  0.1655E+00  0.1661E+01
DIIS FAILED !! PERFORM NORMAL SCF. (NOT FATAL.)
  6   -227.807417290  0.365666E+01       0.692     6        0.00      0.69      0.00    0.9952E-01  0.2131E-01  0.1622E+00
DIIS FAILED !! PERFORM NORMAL SCF. (NOT FATAL.)
  7   -227.888457289  0.810400E-01       0.696     7        0.00      0.69      0.00    0.6268E-02  0.2123E-02  0.1181E-01
DIIS FAILED !! PERFORM NORMAL SCF. (NOT FATAL.)
  8   -227.889382873  0.925584E-03       0.690     8        0.00      0.69      0.00    0.1141E-02  0.3076E-03  0.1824E-02
DIIS FAILED !! PERFORM NORMAL SCF. (NOT FATAL.)
  9   -227.889408632  0.257585E-04       0.698     9        0.00      0.70      0.00    0.2339E-03  0.7402E-04  0.4256E-03
DIIS FAILED !! PERFORM NORMAL SCF. (NOT FATAL.)
------------------------------------------------------------------------------------------------------------------------
 REACH CONVERGENCE AFTER   9 CYLCES
 MAX ERROR = 0.233898E-03   RMS CHANGE = 0.740195E-04   MAX CHANGE = 0.425608E-03
 -----------------------------------------------
ELECTRONIC ENERGY  =  -430.920156730
CORE_CORE REPULSION=   203.030748099
TOTAL ENERGY       =  -227.889408632

 @ End Energy calculation

