  -------------------------------------
              QUICK
         COPYRIGHT 2010
  -------------------------------------
 

INPUT FILE:   benzene.in                    
OUTPUT FILE:  benzene.out                   
 

 @  Read Atom types

ATOM TYPES=   2
ATOM NUMBER=  12

 @ Read Job Type

  -------------------------------------
KEYWORD=HF BASIS=6-31G ENERGY                                                           
  -------------------------------------
MFCC = FALSE (DEFAULT)
Fast Multipole Methods = FALSE (DEFAULT)
Second order perturbation theory = FALSE (DEFAULT)
METHOD = HARTREE FOCK
GAS PHASE (DEFAULT)
PRINT TOTAL ENERGY OF EACH CYCLE = TRUE
BASIS FILE=/Users/miao/Workspace/new_quick/basis/6-31G                                     
Initial density matrix guess = SAD (default)
SUM INNER ELECTRONS INTO CORE = FALSE (DEFAULT)
DO NOT PRINT HOMO-LUMO GAP (DEFAULT)
NO OPTIMIZE GEOMETRY (DEFAULT)
NO ANALYTICAL GRADIENT CALCULATION (DEFAULT)
NO ANALYTICAL HESSIAN CALCULATION (DEFAULT)
NO CALCULATION OF FREQUENCIES (DEFAULT)
UTILIZE PULAY'S DIIS METHOD FOR SCF CONVERGENCE ACCELERATION. (BY DEFAULT)
DIV AND CON= FALSE (BY DEFAULT)
NO READ IN DMX GUESS (DEFAULT) 
NO EXTERNAL POINT CHARGES (DEFAULT) 
TOTAL MOLECULAR CHARGE =  0 (DEFAULT)
MULTIPLICITY = 1 (DEFAULT)
MAX SCF CYCLES = 200 (DEFAULT)
DENSITY MATRIX MAXIMUM RMS FOR CONVERGENCE  = 1E-4 (DEFAULT)
MAX DIIS CYCLES = 10 (DEFAULT)
DELTA DENSITY IMPLEMENTATION STARTS FROM CYCLE 2 (DEFAULT)
MATRIX ELEMENTS LESS THAN 0.100E-09 CONSIDERED ZERO. (DEFAULT)
BASIS FUNCTION MAGNITUDE LESS THAN   0.1E-09 A.U. CONSIDERED ZERO. (DEFAULT)
THRESHOLD FOR ECP-INTEGRALS PRESCREENING =     0.10000E-11  (DEFAULT)


 @ Finish reading job



 @ Begin SAD initial guess

  For Atom Kind=           1
NUMBER OF ALPHA ELECTRONS =    4
NUMBER OF BETA ELECTRONS  =    2
BASIS FUNCTIONS =    9
  For Atom Kind=           2
NUMBER OF ALPHA ELECTRONS =    1
NUMBER OF BETA ELECTRONS  =    0
BASIS FUNCTIONS =    2

 @ Finish SAD initial guess


 @ Begin to Read Mol Info


NUMBER OF ELECTRONS =   42
BASIS FUNCTIONS =   66


INPUT GEOMETRY:
C          -3.5784       1.3276      -1.1133
C          -2.1833       1.3276      -1.1133
C          -1.4857       2.5354      -1.1133
C          -2.1834       3.7439      -1.1145
C          -3.5782       3.7438      -1.1150
C          -4.2758       2.5356      -1.1140
H          -4.1282       0.3753      -1.1128
H          -1.6337       0.3751      -1.1120
H          -0.3860       2.5355      -1.1127
H          -1.6332       4.6960      -1.1145
H          -4.1283       4.6961      -1.1159
H          -5.3754       2.5358      -1.1142

DISTANCE MATRIX:
            1         2         3         4         5
      1    0.0000
      2    1.3952    0.0000
      3    2.4162    1.3947    0.0000
      4    2.7901    2.4163    1.3954    0.0000
      5    2.4162    2.7899    2.4164    1.3948    0.0000
      6    1.3948    2.4162    2.7901    2.4162    1.3951
      7    1.0996    2.1656    3.4130    3.8897    3.4131
      8    2.1654    1.0997    2.1653    3.4133    3.8896
      9    3.4132    2.1654    1.0997    2.1658    3.4132
     10    3.8897    3.4130    2.1657    1.0997    2.1656
     11    3.4131    3.8897    3.4135    2.1655    1.0998
     12    2.1654    3.4131    3.8897    3.4130    2.1655
            6         7         8         9        10
      6    0.0000
      7    2.1653    0.0000
      8    3.4129    2.4944    0.0000
      9    3.8898    4.3209    2.4948    0.0000
     10    3.4133    4.9894    4.3209    2.4947    0.0000
     11    2.1655    4.3208    4.9894    4.3212    2.4951
     12    1.0996    2.4946    4.3207    4.9894    4.3210
           11        12
     11    0.0000
     12    2.4944    0.0000

 @ End Reading Mol Info


 @ Begin Energy Calculation

 ========================================
 SCF CYCLE:           1

 ELECTRON NORMALIZATION=   42.000000659999998     
Time for one-electron energy evaluation=     0.050413000

SCF CYCLE      =        1      TIME      =         0.96
DIIS TIMING    =        1      TIME      =         0.02
DIAG TIMING    =        1      TIME      =         0.00

DIIS CYCLE     =        1      MAX ERROR = 0.523249E+01
RMS CHANGE     = 0.101741E+00  MAX CHANGE= 0.140893E+01
TOTAL ENERGY OF CURRENT CYCLE=  -136.024977375
 ========================================
 SCF CYCLE:           2

 ELECTRON NORMALIZATION=   41.999999999983835     
Time for one-electron energy evaluation=     0.050397000

SCF CYCLE      =        2      TIME      =         1.98
DIIS TIMING    =        2      TIME      =         0.02
DIAG TIMING    =        2      TIME      =         0.00

DIIS CYCLE     =        2      MAX ERROR = 0.639256E+00
RMS CHANGE     = 0.770977E-01  MAX CHANGE= 0.756957E+00
TOTAL ENERGY OF CURRENT CYCLE=  -227.302031988
 ========================================
 SCF CYCLE:           3

 ELECTRON NORMALIZATION=   41.999999999993584     
Time for one-electron energy evaluation=     0.049938000

SCF CYCLE      =        3      TIME      =         1.95
DIIS TIMING    =        3      TIME      =         0.02
DIAG TIMING    =        3      TIME      =         0.00

DIIS CYCLE     =        3      MAX ERROR = 0.174605E+00
RMS CHANGE     = 0.337896E-01  MAX CHANGE= 0.336070E+00
TOTAL ENERGY OF CURRENT CYCLE=  -230.268829113
 ========================================
 SCF CYCLE:           4

 ELECTRON NORMALIZATION=   41.999999999993008     
Time for one-electron energy evaluation=     0.050054000

SCF CYCLE      =        4      TIME      =         1.84
DIIS TIMING    =        4      TIME      =         0.02
DIAG TIMING    =        4      TIME      =         0.00

DIIS CYCLE     =        4      MAX ERROR = 0.236108E-01
RMS CHANGE     = 0.592073E-02  MAX CHANGE= 0.454254E-01
TOTAL ENERGY OF CURRENT CYCLE=  -230.616758055
 ========================================
 SCF CYCLE:           5

 ELECTRON NORMALIZATION=   41.999999999993001     
Time for one-electron energy evaluation=     0.049915000

SCF CYCLE      =        5      TIME      =         1.69
DIIS TIMING    =        5      TIME      =         0.02
DIAG TIMING    =        5      TIME      =         0.00

DIIS CYCLE     =        5      MAX ERROR = 0.244837E-02
RMS CHANGE     = 0.913474E-03  MAX CHANGE= 0.716922E-02
TOTAL ENERGY OF CURRENT CYCLE=  -230.621207925
 ========================================
 SCF CYCLE:           6

 ELECTRON NORMALIZATION=   41.999999999993385     
Time for one-electron energy evaluation=     0.050024000

SCF CYCLE      =        6      TIME      =         1.49
DIIS TIMING    =        6      TIME      =         0.02
DIAG TIMING    =        6      TIME      =         0.00

DIIS CYCLE     =        6      MAX ERROR = 0.323445E-03
RMS CHANGE     = 0.504845E-04  MAX CHANGE= 0.431274E-03
TOTAL ENERGY OF CURRENT CYCLE=  -230.621309260

REACH CONVERGENCE AFTER   6 CYLCES
 -----------------------------------------------

 DENSITY MATRIX

            1         2         3         4         5
      1    2.0628
      2   -0.1077    0.3222
      3   -0.0014    0.0051    0.4125
      4   -0.0025    0.0089   -0.0054    0.4063
      5   -0.0000    0.0000    0.0000   -0.0001    0.2906
      6   -0.1558    0.2270    0.0055    0.0095    0.0000
      7    0.0057   -0.0234    0.1539    0.0419   -0.0000
      8    0.0099   -0.0405    0.0419    0.2023    0.0000
      9   -0.0000    0.0000    0.0000   -0.0000    0.2300
     10    0.0169   -0.0361   -0.0774    0.0006    0.0000
     11   -0.0361    0.0640    0.1599    0.0005   -0.0001
     12    0.0774   -0.1599   -0.3152    0.0041   -0.0001
     13    0.0006    0.0005   -0.0040    0.0137    0.0001
     14    0.0000   -0.0000   -0.0000    0.0001    0.1898
     15   -0.0067    0.0515    0.1161   -0.0327   -0.0000
     16    0.0139   -0.0467   -0.1123    0.0274   -0.0001
     17   -0.0100    0.0355    0.0000   -0.0404    0.0001
     18    0.0000   -0.0000   -0.0000    0.0001    0.1439
     19   -0.0035    0.0075    0.0140    0.0050   -0.0000
     20    0.0075   -0.0149   -0.0323   -0.0140    0.0000
     21   -0.0113    0.0283    0.0393    0.0089   -0.0000
     22   -0.0096    0.0210    0.0322    0.0156   -0.0000
     23   -0.0000    0.0000    0.0000   -0.0000   -0.0113
     24    0.0133   -0.0454   -0.0315    0.0009    0.0000
     25   -0.0116    0.0373    0.0352   -0.0141   -0.0000
     26   -0.0061    0.0130    0.0242    0.0188    0.0000
     27   -0.0000    0.0000    0.0000   -0.0000   -0.0279
     28   -0.0028    0.0061    0.0038    0.0065   -0.0000
     29    0.0061   -0.0165   -0.0087   -0.0150    0.0000
     30   -0.0038    0.0087   -0.0172    0.0236    0.0001
     31   -0.0065    0.0151    0.0237    0.0101   -0.0001
     32    0.0000   -0.0000   -0.0001   -0.0000   -0.1119
     33    0.0032    0.0076   -0.0239   -0.0414   -0.0000
     34    0.0009   -0.0072   -0.0111    0.0137    0.0001
     35    0.0016   -0.0125    0.0137    0.0047   -0.0000
     36    0.0000   -0.0000   -0.0000   -0.0001   -0.1139
     37   -0.0035    0.0075   -0.0027    0.0146   -0.0000
     38    0.0075   -0.0149    0.0040   -0.0350    0.0000
     39   -0.0027    0.0040    0.0037    0.0117   -0.0000
     40   -0.0146    0.0350   -0.0116    0.0512   -0.0000
     41    0.0000   -0.0000    0.0000   -0.0001   -0.0113
     42    0.0133   -0.0454    0.0165   -0.0268    0.0000
     43    0.0005   -0.0074    0.0186    0.0147    0.0000
     44   -0.0131    0.0388   -0.0237    0.0354   -0.0000
     45    0.0000   -0.0000    0.0000   -0.0000   -0.0279
     46    0.0169   -0.0362    0.0392   -0.0668    0.0000
     47   -0.0362    0.0641   -0.0795    0.1388   -0.0001
     48   -0.0382    0.0804   -0.0685    0.1384   -0.0001
     49    0.0674   -0.1383    0.1465   -0.2330    0.0003
     50   -0.0001    0.0001   -0.0001    0.0003    0.1901
     51   -0.0066    0.0515   -0.0864    0.0841   -0.0000
     52   -0.0156    0.0540   -0.0702    0.0242   -0.0000
     53    0.0071   -0.0227    0.0517   -0.0824    0.0002
     54   -0.0000    0.0000   -0.0000    0.0001    0.1442
     55   -0.0594    0.1175   -0.1289   -0.2233    0.0001
     56   -0.0123    0.0276   -0.0881   -0.1527    0.0001
     57    0.0113   -0.0270   -0.0403    0.0176    0.0000
     58    0.0098   -0.0178   -0.0594    0.0161   -0.0000
     59   -0.0070    0.0174    0.0315    0.0021   -0.0000
     60   -0.0059    0.0125    0.0408    0.0116    0.0000
     61   -0.0010    0.0020    0.0017    0.0029   -0.0000
     62   -0.0023    0.0076    0.0009    0.0016   -0.0000
     63   -0.0070    0.0174   -0.0139    0.0283   -0.0000
     64   -0.0059    0.0126   -0.0103    0.0412   -0.0000
     65    0.0113   -0.0270    0.0354   -0.0261    0.0000
     66    0.0098   -0.0179    0.0436   -0.0433    0.0000
            6         7         8         9        10
      6    0.1783
      7   -0.0082    0.0724
      8   -0.0144    0.0480    0.1279
      9    0.0000   -0.0000    0.0000    0.1846
     10   -0.0067   -0.0139   -0.0100    0.0000    2.0628
     11    0.0515    0.0467    0.0355   -0.0001   -0.1077
     12   -0.1161   -0.1122   -0.0000   -0.0001    0.0014
     13   -0.0327   -0.0274   -0.0404    0.0001   -0.0025
     14   -0.0001   -0.0001    0.0001    0.1439    0.0000
     15    0.0307    0.0237    0.0013   -0.0000   -0.1558
     16   -0.0237   -0.0345    0.0223   -0.0001   -0.0057
     17    0.0013   -0.0223   -0.0599    0.0001    0.0099
     18   -0.0001   -0.0000    0.0001    0.1110    0.0000
     19    0.0133    0.0111    0.0070   -0.0000    0.0169
     20   -0.0453   -0.0299   -0.0257    0.0000   -0.0362
     21    0.0149    0.0273   -0.0096    0.0000    0.0382
     22    0.0277    0.0288    0.0267   -0.0000    0.0674
     23   -0.0001   -0.0000   -0.0001   -0.0279    0.0000
     24   -0.0463   -0.0143    0.0004   -0.0000   -0.0066
     25    0.0069    0.0095   -0.0293    0.0000    0.0156
     26    0.0126    0.0142    0.0181   -0.0000    0.0071
     27   -0.0001   -0.0000   -0.0001   -0.0357    0.0000
     28    0.0032   -0.0009   -0.0016   -0.0000   -0.0035
     29    0.0076    0.0072    0.0125    0.0000    0.0075
     30    0.0239   -0.0111    0.0137    0.0001    0.0027
     31    0.0414    0.0137    0.0047   -0.0001   -0.0146
     32   -0.0000   -0.0000   -0.0000   -0.1139    0.0000
     33    0.0141   -0.0098   -0.0170   -0.0000    0.0133
     34    0.0098   -0.0017    0.0131    0.0001   -0.0005
     35    0.0170    0.0131    0.0134   -0.0001   -0.0131
     36   -0.0000   -0.0000   -0.0000   -0.1091    0.0000
     37    0.0133    0.0005    0.0131   -0.0000   -0.0028
     38   -0.0454   -0.0074   -0.0388    0.0000    0.0061
     39    0.0165    0.0186    0.0237   -0.0000    0.0038
     40    0.0268   -0.0146    0.0354   -0.0000   -0.0065
     41    0.0001    0.0001    0.0000   -0.0279   -0.0000
     42   -0.0463    0.0075   -0.0122    0.0000    0.0032
     43    0.0075    0.0224    0.0218    0.0000   -0.0009
     44    0.0122   -0.0217    0.0051   -0.0000    0.0016
     45    0.0001    0.0001    0.0000   -0.0357   -0.0000
     46   -0.0066   -0.0016   -0.0170    0.0000   -0.0035
     47    0.0515    0.0073    0.0581   -0.0000    0.0075
     48    0.0296   -0.0465    0.0104   -0.0000    0.0113
     49   -0.1169    0.0380   -0.1061    0.0002   -0.0096
     50    0.0002    0.0000    0.0002    0.1442    0.0000
     51    0.0307   -0.0108    0.0211    0.0000    0.0133
     52    0.0129   -0.0536   -0.0334    0.0000    0.0116
     53   -0.0199    0.0114   -0.0408    0.0001   -0.0061
     54    0.0002    0.0000    0.0001    0.1113    0.0000
     55    0.0780   -0.0853   -0.1479    0.0001    0.0113
     56    0.0174   -0.0532   -0.0922    0.0001    0.0097
     57    0.0007   -0.0021    0.0488   -0.0000   -0.0594
     58   -0.0033   -0.0135    0.0255   -0.0000   -0.0123
     59   -0.0065    0.0131   -0.0157    0.0000    0.0113
     60    0.0037    0.0216    0.0013    0.0000    0.0098
     61    0.0310    0.0045    0.0078   -0.0000   -0.0070
     62    0.0182   -0.0019   -0.0034   -0.0000   -0.0059
     63   -0.0065   -0.0201    0.0035   -0.0000   -0.0010
     64    0.0037   -0.0096    0.0193   -0.0000   -0.0023
     65    0.0007    0.0433    0.0227   -0.0000   -0.0070
     66   -0.0033    0.0289    0.0011    0.0000   -0.0059
           11        12        13        14        15
     11    0.3222
     12   -0.0051    0.4125
     13    0.0089    0.0054    0.4063
     14   -0.0000    0.0000   -0.0001    0.2906
     15    0.2270   -0.0056    0.0095    0.0001    0.1783
     16    0.0233    0.1540   -0.0419   -0.0000    0.0082
     17   -0.0405   -0.0419    0.2023    0.0001   -0.0144
     18   -0.0000   -0.0000   -0.0000    0.2300    0.0001
     19   -0.0362   -0.0393   -0.0668    0.0000   -0.0066
     20    0.0641    0.0796    0.1388    0.0000    0.0515
     21   -0.0805   -0.0685   -0.1384   -0.0001   -0.0296
     22   -0.1383   -0.1465   -0.2329    0.0001   -0.1169
     23   -0.0000   -0.0001    0.0001    0.1902    0.0001
     24    0.0515    0.0864    0.0840   -0.0001    0.0307
     25   -0.0540   -0.0702   -0.0241   -0.0001   -0.0128
     26   -0.0227   -0.0517   -0.0823    0.0001   -0.0199
     27   -0.0001   -0.0001    0.0001    0.1442    0.0001
     28    0.0075    0.0027    0.0146   -0.0000    0.0133
     29   -0.0149   -0.0040   -0.0350    0.0000   -0.0454
     30   -0.0040    0.0037   -0.0116    0.0000   -0.0165
     31    0.0350    0.0117    0.0512   -0.0000    0.0268
     32   -0.0000    0.0000   -0.0000   -0.0113   -0.0000
     33   -0.0453   -0.0165   -0.0268    0.0001   -0.0463
     34    0.0073    0.0185   -0.0147   -0.0000   -0.0075
     35    0.0387    0.0237    0.0354   -0.0000    0.0122
     36   -0.0000    0.0000   -0.0000   -0.0279   -0.0000
     37    0.0061   -0.0038    0.0065   -0.0000    0.0032
     38   -0.0165    0.0087   -0.0150    0.0000    0.0076
     39   -0.0087   -0.0172   -0.0236    0.0000   -0.0239
     40    0.0151   -0.0237    0.0101   -0.0001    0.0414
     41    0.0000    0.0001   -0.0001   -0.1119   -0.0001
     42    0.0076    0.0239   -0.0414   -0.0001    0.0141
     43    0.0072   -0.0111   -0.0137   -0.0000   -0.0098
     44   -0.0125   -0.0137    0.0047   -0.0001    0.0170
     45    0.0001    0.0001   -0.0001   -0.1138   -0.0001
     46    0.0075   -0.0140    0.0050   -0.0000    0.0133
     47   -0.0149    0.0323   -0.0140    0.0000   -0.0453
     48   -0.0283    0.0393   -0.0089    0.0000   -0.0149
     49    0.0210   -0.0322    0.0156   -0.0000    0.0277
     50   -0.0000    0.0000   -0.0000   -0.0113   -0.0001
     51   -0.0454    0.0315    0.0008    0.0001   -0.0463
     52   -0.0373    0.0352    0.0141    0.0001   -0.0068
     53    0.0130   -0.0242    0.0188   -0.0000    0.0126
     54    0.0000    0.0000   -0.0000   -0.0279   -0.0001
     55   -0.0270    0.0403    0.0176    0.0000    0.0007
     56   -0.0178    0.0594    0.0161    0.0000   -0.0033
     57    0.1175    0.1288   -0.2233    0.0002    0.0780
     58    0.0276    0.0881   -0.1528    0.0001    0.0174
     59   -0.0270   -0.0354   -0.0261   -0.0000    0.0007
     60   -0.0179   -0.0437   -0.0433   -0.0000   -0.0033
     61    0.0174    0.0139    0.0282    0.0000   -0.0065
     62    0.0126    0.0103    0.0412    0.0000    0.0037
     63    0.0020   -0.0017    0.0029   -0.0000    0.0310
     64    0.0076   -0.0009    0.0016   -0.0000    0.0182
     65    0.0174   -0.0315    0.0021    0.0000   -0.0065
     66    0.0125   -0.0408    0.0116    0.0000    0.0037
           16        17        18        19        20
     16    0.0724
     17   -0.0481    0.1279
     18   -0.0001    0.0001    0.1846
     19    0.0016   -0.0170    0.0000    2.0628
     20   -0.0073    0.0581   -0.0000   -0.1077    0.3222
     21   -0.0465   -0.0104   -0.0001    0.0029   -0.0102
     22   -0.0379   -0.1061    0.0001    0.0000   -0.0001
     23   -0.0001    0.0002    0.1442   -0.0000    0.0000
     24    0.0108    0.0210   -0.0001   -0.1558    0.2270
     25   -0.0536    0.0334   -0.0001   -0.0114    0.0468
     26   -0.0113   -0.0408    0.0001   -0.0000    0.0001
     27   -0.0001    0.0002    0.1113   -0.0000    0.0001
     28   -0.0005    0.0132   -0.0000    0.0169   -0.0361
     29    0.0074   -0.0388    0.0000   -0.0361    0.0640
     30    0.0186   -0.0238    0.0000   -0.0392    0.0795
     31    0.0146    0.0355   -0.0000    0.0667   -0.1387
     32    0.0000   -0.0001   -0.0279   -0.0001    0.0002
     33   -0.0075   -0.0123    0.0001   -0.0067    0.0515
     34    0.0224   -0.0218    0.0000    0.0017   -0.0074
     35    0.0217    0.0051   -0.0000    0.0171   -0.0582
     36    0.0000   -0.0001   -0.0357   -0.0000    0.0001
     37    0.0009   -0.0016    0.0000   -0.0035    0.0075
     38   -0.0072    0.0125    0.0000    0.0075   -0.0149
     39   -0.0111   -0.0137    0.0000    0.0140   -0.0323
     40   -0.0137    0.0047   -0.0001   -0.0050    0.0140
     41    0.0001   -0.0002   -0.1138    0.0000   -0.0000
     42    0.0098   -0.0170   -0.0001    0.0133   -0.0454
     43   -0.0017   -0.0131   -0.0000    0.0111   -0.0299
     44   -0.0131    0.0134   -0.0001   -0.0070    0.0258
     45    0.0001   -0.0002   -0.1091    0.0000   -0.0000
     46   -0.0111    0.0070   -0.0000   -0.0028    0.0061
     47    0.0299   -0.0257    0.0000    0.0061   -0.0165
     48    0.0273    0.0096   -0.0000    0.0076   -0.0174
     49   -0.0288    0.0267   -0.0000    0.0000   -0.0000
     50    0.0001   -0.0001   -0.0279    0.0000   -0.0000
     51    0.0143    0.0004    0.0001    0.0032    0.0076
     52    0.0095    0.0293    0.0000   -0.0018    0.0145
     53   -0.0143    0.0181   -0.0000   -0.0000   -0.0000
     54    0.0001   -0.0001   -0.0357    0.0000   -0.0000
     55    0.0021    0.0488   -0.0000   -0.0070    0.0174
     56    0.0135    0.0255   -0.0000   -0.0059    0.0126
     57    0.0853   -0.1479    0.0001    0.0113   -0.0270
     58    0.0532   -0.0922    0.0001    0.0098   -0.0179
     59   -0.0433    0.0227   -0.0000   -0.0594    0.1175
     60   -0.0289    0.0011   -0.0000   -0.0123    0.0276
     61    0.0201    0.0035    0.0000    0.0113   -0.0270
     62    0.0096    0.0193    0.0000    0.0097   -0.0178
     63   -0.0045    0.0078   -0.0000   -0.0070    0.0174
     64    0.0020   -0.0034   -0.0000   -0.0059    0.0125
     65   -0.0131   -0.0157    0.0000   -0.0010    0.0020
     66   -0.0216    0.0013    0.0000   -0.0023    0.0076
           21        22        23        24        25
     21    0.4031
     22    0.0001    0.4156
     23    0.0001   -0.0001    0.2906
     24   -0.0110    0.0001   -0.0001    0.1783
     25    0.2265   -0.0001    0.0001    0.0166    0.1556
     26   -0.0000    0.1298    0.0001    0.0001   -0.0001
     27   -0.0000    0.0000    0.2300   -0.0000    0.0000
     28    0.0382   -0.0673    0.0001   -0.0067    0.0156
     29   -0.0803    0.1382   -0.0001    0.0515   -0.0541
     30   -0.0685    0.1464   -0.0002    0.0864   -0.0703
     31    0.1383   -0.2330    0.0003   -0.0842    0.0243
     32   -0.0003    0.0003    0.1898    0.0002   -0.0002
     33   -0.0297    0.1169    0.0000    0.0308   -0.0130
     34   -0.0465    0.0380   -0.0002    0.0107   -0.0535
     35    0.0106   -0.1062    0.0001   -0.0212   -0.0332
     36   -0.0001    0.0002    0.1439    0.0001   -0.0001
     37   -0.0113    0.0096   -0.0000    0.0133   -0.0116
     38    0.0283   -0.0210    0.0000   -0.0454    0.0372
     39    0.0393   -0.0322    0.0001   -0.0314    0.0351
     40   -0.0089    0.0156   -0.0000   -0.0009    0.0141
     41    0.0000   -0.0000   -0.0113    0.0001   -0.0001
     42    0.0150   -0.0277   -0.0001   -0.0463    0.0068
     43    0.0273   -0.0288   -0.0000   -0.0143    0.0094
     44    0.0096    0.0268    0.0000   -0.0003    0.0292
     45    0.0000   -0.0000   -0.0279    0.0001   -0.0001
     46   -0.0076    0.0000    0.0000    0.0032    0.0018
     47    0.0174   -0.0000   -0.0000    0.0076   -0.0144
     48    0.0238   -0.0000   -0.0000   -0.0479    0.0127
     49    0.0000   -0.0309   -0.0001   -0.0000    0.0000
     50    0.0001   -0.0000   -0.1119    0.0001   -0.0000
     51    0.0479    0.0000    0.0001    0.0141    0.0197
     52    0.0127    0.0000    0.0001   -0.0197    0.0210
     53    0.0000   -0.0190   -0.0001   -0.0000    0.0000
     54    0.0001   -0.0000   -0.1139    0.0001   -0.0000
     55   -0.0175   -0.0262   -0.0000   -0.0065    0.0071
     56   -0.0305   -0.0295   -0.0000    0.0037   -0.0119
     57    0.0049    0.0437   -0.0000    0.0007   -0.0413
     58    0.0157    0.0595   -0.0000   -0.0033   -0.0154
     59    0.2578    0.0000    0.0002    0.0780    0.1707
     60    0.1763    0.0000    0.0001    0.0174    0.1064
     61    0.0049   -0.0437    0.0000    0.0006   -0.0412
     62    0.0157   -0.0595    0.0001   -0.0034   -0.0153
     63   -0.0175    0.0262   -0.0000   -0.0064    0.0071
     64   -0.0305    0.0295   -0.0001    0.0037   -0.0119
     65   -0.0033    0.0000    0.0000    0.0310   -0.0090
     66   -0.0018    0.0000    0.0001    0.0182    0.0039
           26        27        28        29        30
     26    0.0447
     27    0.0001    0.1846
     28   -0.0071    0.0000    2.0628
     29    0.0227   -0.0001   -0.1077    0.3222
     30    0.0517   -0.0002    0.0015   -0.0052    0.4125
     31   -0.0824    0.0001    0.0025   -0.0088   -0.0054
     32    0.0001    0.1439   -0.0000   -0.0000    0.0001
     33    0.0199    0.0001   -0.1558    0.2270   -0.0054
     34    0.0114   -0.0001   -0.0057    0.0234    0.1539
     35   -0.0409    0.0000   -0.0099    0.0405    0.0418
     36    0.0001    0.1111    0.0000   -0.0000   -0.0001
     37    0.0062   -0.0000    0.0169   -0.0362    0.0775
     38   -0.0130    0.0000   -0.0362    0.0641   -0.1600
     39   -0.0243    0.0000   -0.0775    0.1600   -0.3152
     40    0.0188   -0.0000   -0.0006   -0.0005   -0.0041
     41   -0.0001   -0.0279   -0.0000    0.0000   -0.0002
     42   -0.0126   -0.0001   -0.0067    0.0515   -0.1160
     43   -0.0143   -0.0000   -0.0139    0.0467   -0.1122
     44    0.0181    0.0000    0.0099   -0.0354   -0.0000
     45   -0.0001   -0.0357   -0.0000    0.0000   -0.0001
     46    0.0000    0.0000   -0.0035    0.0075   -0.0140
     47   -0.0000   -0.0000    0.0075   -0.0149    0.0323
     48   -0.0000   -0.0000    0.0113   -0.0283    0.0393
     49   -0.0190   -0.0001    0.0096   -0.0210    0.0322
     50   -0.0000   -0.1139   -0.0000    0.0000   -0.0000
     51    0.0000    0.0000    0.0133   -0.0454    0.0314
     52    0.0000    0.0001    0.0116   -0.0373    0.0351
     53   -0.0092   -0.0001    0.0061   -0.0130    0.0242
     54   -0.0000   -0.1091   -0.0000    0.0000   -0.0000
     55   -0.0192    0.0000   -0.0010    0.0020   -0.0017
     56   -0.0180   -0.0000   -0.0023    0.0076   -0.0009
     57    0.0262   -0.0000   -0.0070    0.0174    0.0139
     58    0.0245   -0.0000   -0.0059    0.0125    0.0103
     59   -0.0000    0.0001    0.0113   -0.0270   -0.0354
     60   -0.0000    0.0000    0.0097   -0.0178   -0.0436
     61   -0.0262   -0.0000   -0.0594    0.1175    0.1290
     62   -0.0245    0.0000   -0.0123    0.0276    0.0882
     63    0.0192   -0.0000    0.0113   -0.0270    0.0403
     64    0.0180   -0.0000    0.0098   -0.0179    0.0594
     65   -0.0000    0.0000   -0.0070    0.0174   -0.0314
     66    0.0000    0.0000   -0.0059    0.0126   -0.0408
           31        32        33        34        35
     31    0.4062
     32   -0.0001    0.2906
     33   -0.0095    0.0000    0.1783
     34    0.0419   -0.0001    0.0084    0.0724
     35    0.2023    0.0000    0.0143    0.0480    0.1279
     36    0.0000    0.2300   -0.0000   -0.0001    0.0001
     37   -0.0006    0.0000   -0.0067    0.0139    0.0099
     38   -0.0005   -0.0001    0.0515   -0.0467   -0.0354
     39    0.0041   -0.0002    0.1160   -0.1121    0.0001
     40    0.0138    0.0002    0.0328   -0.0275   -0.0404
     41    0.0001    0.1901   -0.0001   -0.0000    0.0002
     42    0.0328   -0.0001    0.0307   -0.0236   -0.0012
     43    0.0275   -0.0001    0.0236   -0.0344    0.0224
     44   -0.0404    0.0002   -0.0012   -0.0224   -0.0599
     45    0.0001    0.1442   -0.0001   -0.0000    0.0002
     46   -0.0050   -0.0000    0.0133   -0.0111   -0.0070
     47    0.0140   -0.0000   -0.0454    0.0299    0.0258
     48    0.0089    0.0000   -0.0150    0.0273   -0.0096
     49    0.0156   -0.0000   -0.0277    0.0287    0.0267
     50   -0.0000   -0.0113   -0.0001    0.0000    0.0000
     51   -0.0009   -0.0000   -0.0463    0.0143   -0.0004
     52   -0.0142    0.0000   -0.0068    0.0094   -0.0293
     53    0.0188   -0.0000   -0.0126    0.0143    0.0181
     54   -0.0000   -0.0279   -0.0001    0.0000    0.0000
     55   -0.0029    0.0000    0.0310   -0.0045   -0.0078
     56   -0.0016    0.0000    0.0182    0.0020    0.0034
     57   -0.0283    0.0000   -0.0064    0.0202   -0.0035
     58   -0.0412    0.0000    0.0037    0.0096   -0.0194
     59    0.0261   -0.0000    0.0007   -0.0433   -0.0226
     60    0.0433   -0.0001   -0.0033   -0.0289   -0.0011
     61    0.2232   -0.0000    0.0780    0.0854    0.1478
     62    0.1527   -0.0001    0.0174    0.0532    0.0922
     63   -0.0176    0.0000    0.0007    0.0020   -0.0488
     64   -0.0161    0.0001   -0.0033    0.0135   -0.0256
     65   -0.0020   -0.0000   -0.0065   -0.0131    0.0157
     66   -0.0116   -0.0000    0.0037   -0.0216   -0.0013
           36        37        38        39        40
     36    0.1846
     37    0.0000    2.0628
     38   -0.0000   -0.1077    0.3222
     39   -0.0001   -0.0015    0.0051    0.4125
     40    0.0002    0.0025   -0.0089    0.0054    0.4062
     41    0.1442   -0.0000    0.0000    0.0000   -0.0001
     42   -0.0000   -0.1558    0.2270    0.0055   -0.0095
     43   -0.0001    0.0057   -0.0234    0.1539   -0.0419
     44    0.0001   -0.0099    0.0405   -0.0419    0.2023
     45    0.1113    0.0000   -0.0001    0.0000    0.0000
     46    0.0000    0.0169   -0.0361    0.0392    0.0668
     47   -0.0000   -0.0361    0.0640   -0.0795   -0.1387
     48    0.0000   -0.0382    0.0804   -0.0685   -0.1384
     49   -0.0000   -0.0673    0.1382   -0.1465   -0.2330
     50   -0.0279    0.0001   -0.0001    0.0001    0.0003
     51   -0.0000   -0.0067    0.0515   -0.0864   -0.0842
     52    0.0000   -0.0156    0.0541   -0.0703   -0.0243
     53   -0.0000   -0.0071    0.0227   -0.0517   -0.0824
     54   -0.0357    0.0000   -0.0000    0.0000    0.0002
     55    0.0000   -0.0070    0.0174   -0.0139   -0.0283
     56    0.0000   -0.0059    0.0126   -0.0103   -0.0412
     57    0.0000   -0.0010    0.0020    0.0017   -0.0029
     58    0.0000   -0.0023    0.0076    0.0009   -0.0016
     59   -0.0000   -0.0070    0.0174    0.0314   -0.0020
     60   -0.0000   -0.0059    0.0125    0.0408   -0.0116
     61   -0.0000    0.0113   -0.0270   -0.0403   -0.0176
     62   -0.0000    0.0098   -0.0179   -0.0594   -0.0161
     63    0.0000   -0.0594    0.1174   -0.1289    0.2232
     64    0.0000   -0.0123    0.0276   -0.0882    0.1527
     65   -0.0000    0.0113   -0.0270    0.0354    0.0261
     66   -0.0000    0.0098   -0.0178    0.0436    0.0433
           41        42        43        44        45
     41    0.2906
     42    0.0001    0.1783
     43    0.0000   -0.0083    0.0724
     44   -0.0000    0.0143   -0.0481    0.1279
     45    0.2300    0.0001    0.0000    0.0000    0.1846
     46   -0.0001   -0.0066   -0.0017    0.0171   -0.0000
     47    0.0001    0.0515    0.0074   -0.0581    0.0001
     48    0.0001    0.0297   -0.0465   -0.0105   -0.0000
     49    0.0003    0.1169   -0.0379   -0.1062    0.0002
     50    0.1898    0.0000    0.0000    0.0002    0.1439
     51   -0.0000    0.0307   -0.0107   -0.0211   -0.0001
     52   -0.0001    0.0130   -0.0536    0.0333   -0.0001
     53    0.0001    0.0199   -0.0113   -0.0409    0.0001
     54    0.1439    0.0001    0.0000    0.0001    0.1110
     55    0.0000   -0.0065   -0.0202   -0.0035   -0.0000
     56    0.0001    0.0037   -0.0096   -0.0194    0.0000
     57   -0.0000    0.0310    0.0045   -0.0078   -0.0000
     58   -0.0001    0.0182   -0.0020    0.0034   -0.0000
     59    0.0000   -0.0065    0.0131    0.0157   -0.0000
     60    0.0001    0.0037    0.0216   -0.0013    0.0000
     61    0.0000    0.0007   -0.0020   -0.0488    0.0000
     62   -0.0000   -0.0033   -0.0135   -0.0256   -0.0000
     63   -0.0002    0.0780   -0.0854    0.1479   -0.0001
     64   -0.0001    0.0174   -0.0532    0.0922   -0.0001
     65   -0.0000    0.0007    0.0433   -0.0226    0.0000
     66   -0.0001   -0.0033    0.0289   -0.0011   -0.0000
           46        47        48        49        50
     46    2.0628
     47   -0.1077    0.3222
     48   -0.0029    0.0102    0.4031
     49    0.0000   -0.0000   -0.0000    0.4156
     50   -0.0000    0.0000    0.0000   -0.0001    0.2906
     51   -0.1558    0.2270    0.0110    0.0000   -0.0001
     52    0.0114   -0.0468    0.2265    0.0000   -0.0001
     53   -0.0000    0.0000   -0.0000    0.1298    0.0001
     54   -0.0000    0.0000    0.0000    0.0001    0.2300
     55    0.0113   -0.0270   -0.0049    0.0437   -0.0000
     56    0.0098   -0.0179   -0.0157    0.0595   -0.0000
     57   -0.0070    0.0174    0.0175   -0.0262   -0.0000
     58   -0.0059    0.0126    0.0305   -0.0295   -0.0000
     59   -0.0010    0.0020    0.0033    0.0000    0.0000
     60   -0.0023    0.0076    0.0018    0.0000    0.0001
     61   -0.0070    0.0174    0.0175    0.0262   -0.0000
     62   -0.0059    0.0126    0.0305    0.0295   -0.0001
     63    0.0113   -0.0270   -0.0049   -0.0437    0.0000
     64    0.0098   -0.0179   -0.0157   -0.0595    0.0001
     65   -0.0594    0.1175   -0.2578    0.0000   -0.0000
     66   -0.0123    0.0276   -0.1763    0.0000   -0.0000
           51        52        53        54        55
     51    0.1783
     52   -0.0165    0.1556
     53    0.0000   -0.0000    0.0447
     54   -0.0001   -0.0001    0.0001    0.1846
     55    0.0007    0.0413    0.0262   -0.0000    0.2157
     56   -0.0033    0.0154    0.0245   -0.0000    0.1280
     57   -0.0065   -0.0071   -0.0192   -0.0000   -0.0197
     58    0.0037    0.0120   -0.0180   -0.0000   -0.0049
     59    0.0310    0.0090    0.0000    0.0000   -0.0094
     60    0.0182   -0.0039    0.0000    0.0000   -0.0192
     61   -0.0065   -0.0071    0.0192   -0.0000    0.0033
     62    0.0037    0.0119    0.0180   -0.0000    0.0072
     63    0.0007    0.0412   -0.0262    0.0000   -0.0094
     64   -0.0033    0.0154   -0.0245    0.0000   -0.0192
     65    0.0780   -0.1707    0.0000   -0.0000   -0.0197
     66    0.0174   -0.1064    0.0000   -0.0000   -0.0049
           56        57        58        59        60
     56    0.0845
     57   -0.0049    0.2157
     58    0.0000    0.1280    0.0846
     59   -0.0192   -0.0197   -0.0049    0.2157
     60   -0.0207   -0.0049    0.0000    0.1280    0.0845
     61    0.0072   -0.0094   -0.0192   -0.0196   -0.0049
     62    0.0065   -0.0192   -0.0207   -0.0049    0.0000
     63   -0.0192    0.0034    0.0072   -0.0094   -0.0192
     64   -0.0207    0.0072    0.0065   -0.0192   -0.0207
     65   -0.0049   -0.0094   -0.0192    0.0033    0.0072
     66    0.0000   -0.0192   -0.0207    0.0072    0.0065
           61        62        63        64        65
     61    0.2157
     62    0.1280    0.0846
     63   -0.0197   -0.0049    0.2157
     64   -0.0049    0.0000    0.1280    0.0846
     65   -0.0094   -0.0192   -0.0197   -0.0049    0.2157
     66   -0.0192   -0.0207   -0.0049    0.0000    0.1280
           66
     66    0.0845
ELECTRONIC ENERGY  =  -433.652057358
CORE_CORE REPULSION=   203.030748099
TOTAL ENERGY       =  -230.621309260

 @ End Energy calculation

TOTAL DIAG TIME    =     0.019863000
TOTAL TIME         =     9.996753000
 Job cpu time:  0 days  0 hours  0 minutes 10.0 seconds.
