  **************************************************************************
  **                      QUICK 0.01-2010-Jul                             **
  **                                                                      **
  **                        Copyright (c) 2010                            **
  **                Regents of the University of Florida                  **
  **                       All Rights Reserved.                           **
  **                                                                      **
  **  This software provided pursuant to a license agreement containing   **
  **  restrictions on its disclosure, duplication, and use. This software **
  **  contains confidential and proprietary information, and may not be   **
  **  extracted or distributed, in whole or in part, for any purpose      **
  **  whatsoever, without the express written permission of the authors.  **
  **  This notice, and the associated author list, must be attached to    **
  **  all copies, or extracts, of this software. Any additional           **
  **  restrictions set forth in the license agreement also apply to this  **
  **  software.                                                           **
  **************************************************************************

  Cite this work as:
  Miao, Y.: He, X.: Ayers,K: Brothers, E.: Merz,K. M. QUICK;
  University of Florida, Gainesville, FL, 2010
 
 Task starts on: Mon Oct 25 15:34:46 2010

 INPUT FILE:   water16.in                    
 OUTPUT FILE:  water16.out                   
 TOTAL PROCESSOR =     1
 MASTER NAME     = qtpclnt135.qtp.ufl.edu        
 

 @  Read Atom types

ATOM TYPES=   2
ATOM NUMBER=  48

 @ Read Job Type

  -------------------------------------
KEYWORD=HF BASIS=STO-3G ENERGY DIVCON ATOMBASIS                                                                                                                                                                 
  -------------------------------------
PDB INPUT = FALSE (DEFAULT)
MFCC = FALSE (DEFAULT)
Fast Multipole Methods = FALSE (DEFAULT)
Second order perturbation theory = FALSE (DEFAULT)
METHOD = HARTREE FOCK
GAS PHASE (DEFAULT)
PRINT TOTAL ENERGY OF EACH CYCLE = TRUE
BASIS FILE=/Users/miao/Workspace/new_quick/basis/STO-3G                                    
Initial density matrix guess = SAD (default)
SUM INNER ELECTRONS INTO CORE = FALSE (DEFAULT)
DO NOT PRINT HOMO-LUMO GAP (DEFAULT)
NO OPTIMIZE GEOMETRY (DEFAULT)
NO ANALYTICAL GRADIENT CALCULATION (DEFAULT)
NO ANALYTICAL HESSIAN CALCULATION (DEFAULT)
NO CALCULATION OF FREQUENCIES (DEFAULT)
UTILIZE PULAY'S DIIS METHOD FOR SCF CONVERGENCE ACCELERATION. (BY DEFAULT)
DIV AND CON= TRUE
DIV AND CON ON ATOM BASIS
NO READ IN DMX GUESS (DEFAULT) 
NO EXTERNAL POINT CHARGES (DEFAULT) 
TOTAL MOLECULAR CHARGE =  0 (DEFAULT)
MULTIPLICITY = 1 (DEFAULT)
MAX SCF CYCLES = 200 (DEFAULT)
DENSITY MATRIX MAXIMUM RMS FOR CONVERGENCE  = 1E-4 (DEFAULT)
MAX DIIS CYCLES = 10 (DEFAULT)
DELTA DENSITY IMPLEMENTATION STARTS FROM CYCLE 2 (DEFAULT)
MATRIX ELEMENTS LESS THAN 0.100E-09 CONSIDERED ZERO. (DEFAULT)
BASIS FUNCTION MAGNITUDE LESS THAN   0.1E-09 A.U. CONSIDERED ZERO. (DEFAULT)
THRESHOLD FOR ECP-INTEGRALS PRESCREENING =     0.10000E-11  (DEFAULT)


 @ Finish reading job



 @ Begin SAD initial guess

 For Atom Kind =    1
 ELEMENT = O 
NUMBER OF ALPHA ELECTRONS =    5
NUMBER OF BETA ELECTRONS  =    3
BASIS FUNCTIONS =    5

 @ Begin Energy Calculation


SCF CYCLE      =        1      TIME      =     0.01
RMS CHANGE     = 0.238978E+00  MAX CHANGE= 0.599156E+00

SCF CYCLE      =        2      TIME      =     0.01
RMS CHANGE     = 0.317828E-12  MAX CHANGE= 0.909770E-12
CONVERGED!!!!!
ELECTRONIC ENERGY  =     0.000000000
CORE_CORE REPULSION=     0.000000000
TOTAL ENERGY       =     0.000000000

 @ End Energy calculation

 For Atom Kind =    2
 ELEMENT = H 
NUMBER OF ALPHA ELECTRONS =    1
NUMBER OF BETA ELECTRONS  =    0
BASIS FUNCTIONS =    1

 @ Begin Energy Calculation


SCF CYCLE      =        1      TIME      =     0.00
RMS CHANGE     = 0.100000E-07  MAX CHANGE= 0.100000E-07
CONVERGED!!!!!
ELECTRONIC ENERGY  =     0.000000000
CORE_CORE REPULSION=     0.000000000
TOTAL ENERGY       =     0.000000000

 @ End Energy calculation


 @ Finish SAD initial guess


 @ Begin to Read Mol Info

TOTOAL ATOM NUMBER =   48
NUMBER OF HYDROGEN ATOM =   32
NUMBER OF NON-HYDROGEN ATOM =   16
DEGREE OF FREEDOM =   138

NUMBER OF ELECTRONS =  160
BASIS FUNCTIONS =  112


INPUT GEOMETRY:
O          -0.5643      -0.5734      -2.5273
O          -3.5590      -1.8435      -2.1456
O          -0.7806       0.5496       1.5597
O          -2.3521      -2.1876       0.7218
O          -2.7879       1.0651      -0.8010
O          -0.7439       3.0665       3.6962
O          -2.2986       3.5277       1.0071
O           1.9001      -0.3040      -0.1640
O           2.2878      -2.1786      -2.7939
O           0.0172      -3.5649      -1.1306
O           0.6726      -2.5006       1.9095
O           3.7088       2.3443      -0.2631
O           2.3191       0.8862      -3.2167
O           0.3389       2.5935      -0.7537
O           2.5721       3.9953      -2.7283
O           1.8879       2.3905       2.2242
H           1.5341       3.0011       2.8797
H          -0.0809      -1.3359      -2.1921
H           0.1191      -0.0635      -2.9730
H          -3.9769      -2.3774      -2.8238
H          -2.6618      -1.7188      -2.4740
H          -1.5385      -0.0144       1.3705
H          -0.9513       1.3228       1.0103
H          -3.1967      -2.0267       0.2916
H          -1.8897      -2.7435       0.0858
H          -3.3631       0.3723      -1.1384
H          -1.9954       0.9732      -1.3413
H          -1.1428       2.2205       3.4790
H          -1.2679       3.6925       3.1867
H          -3.0130       2.9889       0.6537
H          -1.6862       3.5879       0.2682
H           1.0341       0.1185      -0.1486
H           1.8553      -0.9123       0.5813
H           2.6044      -1.6508      -2.0546
H           2.4443      -1.6056      -3.5500
H           0.5482      -3.5172      -0.3297
H           0.6702      -3.7095      -1.8231
H          -0.1721      -2.0381       1.8606
H           0.6431      -2.9289       2.7670
H           3.6123       1.4063      -0.0710
H           3.6198       2.7473       0.6069
H           2.5496       1.0766      -2.3014
H           2.4175       1.7397      -3.6493
H           0.6674       2.9573      -1.5817
H           1.0771       2.7218      -0.1482
H           3.2604       3.8077      -2.0802
H           2.7565       4.8955      -3.0037
H           1.3161       1.6222       2.3217

DISTANCE MATRIX:
            1         2         3         4         5
      1    0.0000
      2    3.2753    0.0000
      3    4.2440    5.2130    0.0000
      4    4.0445    3.1301    3.2655    0.0000
      5    3.2572    3.2958    3.1413    3.6179    0.0000
      6    7.2120    8.1338    3.3016    6.2481    5.3299
      7    5.6850    6.3544    3.3880    5.7227    3.0941
      8    3.4250    6.0082    3.2994    4.7343    4.9252
      9    3.2836    5.8922    5.9843    5.8214    6.3448
     10    3.3523    4.0967    4.9804    3.3078    5.4236
     11    4.9930    5.8977    3.3968    3.2646    5.6602
     12    5.6479    8.5966    5.1670    7.6316    6.6433
     13    3.3044    6.5689    5.7040    6.8395    5.6524
     14    3.7404    6.0678    3.2837    5.6813    3.4807
     15    5.5453    8.4866    6.4421    8.6243    6.4055
     16    6.1135    8.1664    3.3093    6.4182    5.7247
     17    6.8129    8.6408    3.6208    6.8323    5.9980
     18    0.9630    3.5153    4.2568    3.7914    3.8766
     19    0.9621    4.1691    4.6616    4.9265    3.8003
     20    3.8715    0.9590    6.1643    3.9047    4.1661
     21    2.3905    0.9636    4.9955    3.2448    3.2504
     22    4.0564    4.4488    0.9634    2.4095    2.7280
     23    4.0324    5.1755    0.9637    3.7906    2.5924
     24    4.1216    2.4708    3.7527    0.9614    3.3046
     25    3.6461    2.9284    3.7745    0.9630    4.0123
     26    3.2644    2.4418    3.7390    3.3220    0.9616
     27    2.4180    3.3205    3.1734    3.7913    0.9636
     28    6.6495    7.3478    2.5704    5.3381    4.7286
     29    7.1654    8.0206    3.5724    6.4673    5.0115
     30    5.3670    5.6113    3.4285    5.2189    2.4223
     31    5.1371    6.2316    3.4233    5.8314    2.9532
     32    2.9482    5.3791    2.5294    4.1883    3.9913
     33    3.9538    6.1333    3.1690    4.3986    5.2327
     34    3.3800    6.1671    5.4188    5.7064    6.1665
     35    3.3411    6.1700    6.4152    6.4492    6.4859
     36    3.8383    4.7925    4.6770    3.3593    5.6877
     37    3.4431    4.6339    5.6292    4.2340    5.9834
     38    4.6425    5.2497    2.6753    2.4641    4.8536
     39    5.9191    6.5552    3.9477    3.7018    6.3604
     40    5.2342    8.1421    4.7635    7.0084    6.4508
     41    6.1933    8.9547    5.0101    7.7478    6.7728
     42    3.5313    6.7725    5.1261    6.6198    5.5445
     43    3.9370    7.1288    6.2272    7.5682    5.9720
     44    3.8570    6.4209    4.2145    6.3947    4.0161
     45    4.3833    6.8063    3.3296    6.0513    4.2555
     46    5.8328    8.8569    6.3399    8.6772    6.7632
     47    6.4159    9.2756    7.2265    9.4946    7.0897
     48    5.6453    7.4656    2.4754    5.5254    5.1870
            6         7         8         9        10
      6    0.0000
      7    3.1402    0.0000
      8    5.7664    5.8037    0.0000
      9    8.8782    8.2490    3.2528    0.0000
     10    8.2373    7.7614    3.8876    3.1375    0.0000
     11    6.0159    6.7811    3.2606    4.9834    3.2871
     12    6.0020    6.2532    3.2085    5.3741    7.0214
     13    7.8691    6.7928    3.3032    3.0940    5.4280
     14    4.6041    3.3060    3.3437    5.5438    6.1784
     15    7.2892    6.1559    5.0508    6.1808    8.1387
     16    3.0902    4.5057    3.6006    6.7984    7.0868
     17    2.4207    4.2981    4.5080    7.7193    7.8420
     18    7.3819    6.2296    3.0170    2.5851    2.4709
     19    7.4175    5.8808    3.3347    3.0347    3.9579
     20    9.0884    7.2363    6.7758    6.2679    4.4977
     21    8.0404    6.3068    5.3055    4.9812    3.5199
     22    3.9410    3.6409    3.7766    6.0553    4.6133
     23    3.2089    2.5840    3.4865    6.1011    5.4233
     24    6.5991    5.6719    5.3993    6.2947    3.8364
     25    6.9357    6.3517    4.5140    5.1052    2.4064
     26    6.1231    3.9615    5.3951    6.4172    5.1892
     27    5.5968    3.4832    4.2652    5.5127    4.9689
     28    0.9602    3.0257    5.3762    8.3946    7.4877
     29    0.9623    2.4166    6.1021    9.1039    8.5417
     30    3.7963    0.9621    5.9708    8.1663    7.4377
     31    3.5932    0.9616    5.3099    7.6434    7.4847
     32    5.1609    4.9057    0.9636    3.7210    3.9454
     33    5.6823    6.0951    0.9631    3.6308    3.6532
     34    8.1569    7.7609    2.4258    0.9619    3.3483
     35    9.1924    8.3435    3.6682    0.9615    3.9476
     36    7.8244    7.7151    3.4900    3.3000    0.9621
     37    8.8530    8.3188    3.9828    2.4295    0.9628
     38    5.4546    6.0191    3.3764    5.2664    3.3637
     39    6.2234    7.3102    4.1305    5.8473    3.9985
     40    5.9936    6.3720    2.4218    4.6925    6.2258
     41    5.3560    5.9830    3.5863    6.1322    7.4728
     42    7.1259    6.3608    2.6261    3.3027    5.4156
     43    8.1062    6.8645    4.0732    4.0126    6.3438
     44    5.4644    3.9780    3.7636    5.5202    6.5700
     45    4.2677    3.6578    3.1358    5.6991    6.4508
     46    7.0676    6.3650    4.7358    6.1066    8.1102
     47    7.7773    6.5963    5.9860    7.0928    9.0880
     48    2.8668    4.2925    3.1984    6.4467    6.3650
           11        12        13        14        15
     11    0.0000
     12    6.1166    0.0000
     13    6.3608    3.5751    0.0000
     14    5.7580    3.4145    3.5920    0.0000
     15    8.2045    3.1772    3.1575    3.2941    0.0000
     16    5.0497    3.0830    5.6615    3.3628    5.2508
     17    5.6526    3.8779    6.5005    3.8466    5.7893
     18    4.3299    5.6237    3.4274    4.2054    5.9789
     19    5.4850    5.1017    2.4086    3.4690    4.7488
     20    6.6361    9.3766    7.1024    6.9009    9.1384
     21    5.5629    7.8728    5.6697    5.5281    7.7530
     22    3.3706    5.9805    6.0609    3.8521    7.0551
     23    4.2502    4.9377    5.3622    2.5280    5.7908
     24    4.2207    8.1914    7.1566    5.9110    8.8692
     25    3.1545    7.5730    6.4648    5.8442    8.5579
     26    5.8164    7.3937    6.0721    4.3344    7.1330
     27    5.4547    5.9649    4.7053    2.9017    5.6497
     28    5.2960    6.1283    7.6549    4.5001    7.4486
     29    6.6145    6.2037    7.8578    4.3950    7.0586
     30    6.7302    6.8146    6.9161    3.6568    6.6064
     31    6.7326    5.5619    5.9570    2.4767    5.2228
     32    3.3506    3.4815    3.4137    2.6411    4.9040
     33    2.3844    3.8412    4.2278    4.0463    5.9626
     34    4.4909    4.5156    2.8050    4.9839    5.6863
     35    5.8092    5.2919    2.5171    5.4667    5.6623
     36    2.4623    6.6597    5.5552    6.1290    8.1417
     37    3.9235    6.9509    5.0775    6.4017    7.9876
     38    0.9643    6.2271    6.3668    5.3430    8.0617
     39    0.9589    6.8108    7.2916    6.5563    9.0478
     40    5.2752    0.9624    3.4408    3.5484    3.8531
     41    6.1582    0.9629    4.4470    3.5551    3.7120
     42    5.8354    2.6656    0.9629    3.0958    2.9498
     43    7.2059    3.6741    0.9619    3.6652    2.4413
     44    6.4790    3.3711    3.1130    0.9622    2.4536
     45    5.6278    2.6611    3.7853    0.9634    3.2425
     46    7.9000    2.3757    3.2731    3.4306    0.9638
     47    9.1206    3.8634    4.0388    4.0257    0.9593
     48    4.1931    3.5955    5.6764    3.3700    5.7194
           16        17        18        19        20
     16    0.0000
     17    0.9632    0.0000
     18    6.1046    6.8659    0.0000
     19    6.0135    6.7564    1.5062    0.0000
     20    9.0890    9.5827    4.0820    4.7067    0.0000
     21    7.7239    8.2792    2.6244    3.2745    1.5118
     22    4.2723    4.5619    4.0698    4.6494    5.3965
     23    3.2671    3.5339    4.2523    4.3514    6.1275
     24    7.0071    7.3727    4.0441    5.0504    3.2307
     25    6.7231    7.2476    3.2314    4.5358    3.5994
     26    6.5539    6.8584    3.8472    3.9599    3.2830
     27    5.4591    5.8640    3.1179    2.8650    4.1654
     28    3.2846    2.8520    6.7777    6.9597    8.3005
     29    3.5469    2.9023    7.4582    7.3467    8.9615
     30    5.1810    5.0627    5.9498    5.6816    6.4668
     31    4.2466    4.1874    5.7335    5.2055    7.0988
     32    3.3943    4.2107    2.7448    2.9745    6.2045
     33    3.6891    4.5498    3.4088    4.0458    6.9105
     34    5.9291    6.8654    2.7071    3.0887    6.6658
     35    7.0442    7.9619    2.8798    2.8492    6.5081
     36    6.5741    7.3322    2.9364    4.3703    5.2911
     37    7.4212    8.2399    2.5169    3.8626    4.9367
     38    4.8978    5.4169    4.1141    5.2296    6.0444
     39    5.4900    5.9976    5.2588    6.4369    7.2736
     40    3.0348    3.9458    5.0654    4.7734    8.9157
     41    2.3964    3.0952    6.1807    5.7421    9.7847
     42    4.7588    5.6196    3.5709    2.7674    7.4026
     43    5.9331    6.7082    4.2219    2.9986    7.6499
     44    4.0368    4.5451    4.4004    3.3707    7.1813
     45    2.5289    3.0749    4.6887    4.0812    7.6619
     46    4.7350    5.3134    6.1345    5.0647    9.5492
     47    5.8618    6.3006    6.8949    5.6169    9.9130
     48    0.9626    1.5034    5.5746    5.6841    8.3958
           21        22        23        24        25
     21    0.0000
     22    4.3529    0.0000
     23    4.9313    1.5042    0.0000
     24    2.8337    2.8219    4.0960    0.0000
     25    2.8633    3.0368    4.2743    1.5048    0.0000
     26    2.5784    3.1263    3.3671    2.7978    3.6575
     27    2.9956    2.9220    2.5966    3.6206    3.9826
     28    7.2982    3.0978    2.6338    5.6935    6.0591
     29    7.9542    4.1367    3.2330    6.6941    7.1710
     30    5.6629    3.4216    2.6746    5.0320    5.8689
     31    6.0524    3.7700    2.4942    5.8142    6.3372
     32    4.7374    2.9907    2.5953    4.7640    4.0981
     33    5.5127    3.5982    3.6134    5.1815    4.1980
     34    5.2833    5.6190    5.5569    6.2688    5.0962
     35    5.2195    6.5274    6.3955    6.8379    5.7704
     36    4.2587    4.4176    5.2412    4.0782    2.5912
     37    3.9356    5.3602    5.9985    4.7177    3.3362
     38    5.0090    2.4906    3.5533    3.4074    2.5686
     39    6.3131    3.8992    4.8688    4.6568    3.6931
     40    7.4098    5.5342    4.6907    7.6341    6.8932
     41    8.3004    5.9007    4.8048    8.3279    7.7958
     42    5.9163    5.6024    4.8254    7.0267    6.3245
     43    6.2563    6.6276    5.7649    7.8253    7.2527
     44    5.8090    4.7342    3.4655    6.5787    6.4666
     45    6.2536    4.0786    2.7228    6.4037    6.2230
     46    8.1098    7.0389    5.7848    9.0199    8.6100
     47    8.5667    7.8542    6.5287    9.7065    9.4597
     48    7.0700    3.4252    2.6364    6.1483    5.8597
           26        27        28        29        30
     26    0.0000
     27    1.5075    0.0000
     28    5.4467    5.0515    0.0000
     29    5.8413    5.3317    1.5060    0.0000
     30    3.1908    3.0131    3.4743    3.1554    0.0000
     31    3.8898    3.0859    3.5319    2.9502    1.5059
     32    4.5144    3.3662    4.7241    5.4035    5.0262
     33    5.6426    4.6989    5.2153    6.1439    6.2390
     34    6.3673    5.3435    7.7233    8.4272    7.7728
     35    6.5919    5.5893    8.7700    9.3399    8.2803
     36    5.5749    5.2590    7.0913    8.2245    7.4819
     37    5.7791    5.4098    8.1587    9.1457    8.0355
     38    4.9987    4.7587    4.6580    5.9832    5.8990
     39    6.4961    6.2503    5.4965    6.9044    7.2700
     40    7.1319    5.7661    5.9897    6.2973    6.8501
     41    7.5794    6.2027    5.5865    5.6070    6.6374
     42    6.0670    4.6465    6.9538    7.1789    6.5827
     43    6.4490    5.0387    7.9824    8.0079    7.0404
     44    4.8086    3.3294    5.4250    5.1984    4.3062
     45    5.1202    3.7312    4.2820    4.1908    4.1765
     46    7.5206    6.0170    7.2672    6.9469    6.8921
     47    7.8351    6.3819    8.0241    7.4809    7.0922
     48    5.9523    4.9805    2.7827    3.4222    4.8365
           31        32        33        34        35
     31    0.0000
     32    4.4284    0.0000
     33    5.7352    1.5065    0.0000
     34    7.1588    3.0379    2.8381    0.0000
     35    7.6559    4.0658    4.2303    1.5046    0.0000
     36    7.4721    3.6725    3.0535    3.2690    4.1976
     37    7.9485    4.1940    3.8742    2.8342    3.2490
     38    6.0399    3.1848    2.6484    4.8154    6.0256
     39    7.3578    4.2356    3.2114    5.3598    6.7008
     40    5.7401    2.8829    2.9814    3.7811    4.7476
     41    5.3828    3.7639    4.0629    5.2400    6.1326
     42    5.5544    2.8017    3.5705    2.7392    2.9605
     43    5.9668    4.0983    5.0246    3.7514    3.3468
     44    3.0593    3.2011    4.5895    5.0210    5.2775
     45    2.9256    2.6037    3.7875    5.0087    5.6718
     46    5.4802    4.7220    5.5979    5.4979    5.6683
     47    5.6703    5.8256    6.8845    6.6166    6.5315
     48    4.1346    2.9058    3.1215    5.6147    6.7948
           36        37        38        39        40
     36    0.0000
     37    1.5106    0.0000
     38    2.7393    4.1319    0.0000
     39    3.1536    4.6561    1.5098    0.0000
     40    5.8048    6.1561    5.4696    5.9719    0.0000
     41    7.0396    7.5030    6.2330    6.7635    1.5026
     42    5.3849    5.1641    5.8679    6.7356    2.4926
     43    6.4922    6.0068    7.1649    8.1309    3.7872
     44    6.5955    6.6712    6.1244    7.3184    3.6552
     45    6.2640    6.6583    5.3153    6.3731    2.8573
     46    8.0046    7.9551    7.8413    8.7021    3.1508
     47    9.0995    8.9327    8.9618    9.9493    4.6377
     48    5.8338    6.7841    3.9781    4.6221    3.3232
           41        42        43        44        45
     41    0.0000
     42    3.5206    0.0000
     43    4.5360    1.5079    0.0000
     44    3.6812    2.7564    2.9699    0.0000
     45    2.6526    3.0841    3.8755    1.5094    0.0000
     46    2.9111    2.8307    2.7293    2.7741    3.1111
     47    4.2891    3.8885    3.2390    3.1849    3.9622
     48    3.0843    4.8159    6.0728    4.1761    2.7141
           46        47        48
     46    0.0000
     47    1.5133    0.0000
     48    5.2852    6.4147    0.0000

 @ End Reading Mol Info


 @ Now Begin Div & Con Fragment

NUMBER OF FRAG= 48
RBuffer=   5.00 A
============================================================
The Core and Buffer Atoms before elimination
============================================================
Frag       CoreAtom     CoreTot     BufAtom       BufTot  SubTot
    1  1                  1       2-5,8-11,13-14,1  31       32
    2  2                  1       1,4-5,10,18-22,2  15       16
    3  3                  1       1,4-8,10-11,14,1  33       34
    4  4                  1       1-3,5,8,10-11,18  23       24
    5  5                  1       1-4,7-8,14,18-28  24       25
    6  6                  1       3,7,14,16-17,22-  13       14
    7  7                  1       3,5-6,14,16-17,2  18       19
    8  8                  1       1,3-5,9-14,16-19  34       35
    9  9                  1       1,8,10-11,13,18-  17       18
   10  10                 1       1-4,8-9,11,18-22  23       24
   11  11                 1       1,3-4,8-10,18,22  19       20
   12  12                 1       8,13-17,23,32-34  19       20
   13  13                 1       1,8-9,12,14-15,1  21       22
   14  14                 1       1,3,5-8,12-13,15  33       34
   15  15                 1       12-14,19,32,40-4  13       14
   16  16                 1       3,6-8,12,14,17,2  22       23
   17  17                 1       3,6-8,12,14,16,2  19       20
   18  18                 1       1-5,8-11,13-14,1  31       32
   19  19                 1       1-5,8-10,13-15,1  30       31
   20  20                 1       1-2,4-5,10,18-19  13       14
   21  21                 1       1-5,9-10,18-20,2  19       20
   22  22                 1       1-8,10-11,14,16-  33       34
   23  23                 1       1,3-8,11-12,14,1  34       35
   24  24                 1       1-5,10-11,18,20-  20       21
   25  25                 1       1-5,8,10-11,18-2  23       24
   26  26                 1       1-5,7,14,18-25,2  21       22
   27  27                 1       1-5,7-8,10,13-14  28       29
   28  28                 1       3,5-7,14,16-17,2  16       17
   29  29                 1       3,6-7,14,16-17,2  13       14
   30  30                 1       3,5-7,14,22-23,2  15       16
   31  31                 1       3,5-7,14,16-17,2  18       19
   32  32                 1       1,3-5,7-19,21-28  41       42
   33  33                 1       1,3-4,8-14,16-19  31       32
   34  34                 1       1,8-14,18-19,32-  19       20
   35  35                 1       1,8-10,13,18-19,  15       16
   36  36                 1       1-4,8-11,18-19,2  21       22
   37  37                 1       1-2,4,8-11,18-21  20       21
   38  38                 1       1,3-5,8,10-11,16  23       24
   39  39                 1       3-4,8,10-11,22-2  15       16
   40  40                 1       3,8-9,12-17,19,2  23       24
   41  41                 1       8,12-17,23,32-33  18       19
   42  42                 1       1,8-9,12-16,18-1  24       25
   43  43                 1       1,8-9,12-15,18-1  19       20
   44  44                 1       1,3,5,7-8,12-19,  29       30
   45  45                 1       1,3,5-8,12-19,22  31       32
   46  46                 1       8,12-16,32,40-45  14       15
   47  47                 1       12-15,40-46       11       12
   48  48                 1       3,6-8,11-12,14,1  25       26
-----------------------------------------------------------
Total Frag=  48
===========================================================
 move the subsystem            2  into           18
 move the subsystem            6  into           23
 move the subsystem            7  into           23
 move the subsystem            8  into           32
 move the subsystem            9  into           32
 move the subsystem           11  into           32
 move the subsystem           12  into           14
 move the subsystem           13  into           42
 move the subsystem           15  into           14
 move the subsystem           17  into           23
 move the subsystem           18  into            1
 move the subsystem           20  into            1
 move the subsystem           21  into            1
 move the subsystem           24  into           25
 move the subsystem           25  into            4
 move the subsystem           26  into           27
 move the subsystem           28  into           23
 move the subsystem           29  into           23
 move the subsystem           30  into           23
 move the subsystem           31  into           23
 move the subsystem           33  into           32
 move the subsystem           34  into           32
 move the subsystem           35  into           32
 move the subsystem           36  into           10
 move the subsystem           37  into           10
 move the subsystem           38  into           32
 move the subsystem           39  into           32
 move the subsystem           41  into           14
 move the subsystem           43  into           42
 move the subsystem           44  into           14
 move the subsystem           45  into           14
 move the subsystem           46  into           14
 move the subsystem           47  into           14
 move the subsystem           48  into           23
============================================================
The Core and Buffer Atoms
============================================================
Frag       CoreAtom     CoreTot     BufAtom       BufTot     SubAtom     SubTot    Elec    NBasis
    1  1-2,18,20-21       5       3-5,8-11,13-14,1  27       1-5,8-11,13-14,1  32   109    76
    2  3                  1       1,4-8,10-11,14,1  33       1,3-8,10-11,14,1  34   111    78
    3  4,24-25            3       1-3,5,8,10-11,18  21       1-5,8,10-11,18-2  24    80    56
    4  5                  1       1-4,7-8,14,18-28  24       1-5,7-8,14,18-28  25    81    57
    5  10,36-37           3       1-4,8-9,11,18-22  21       1-4,8-11,18-22,2  24    80    56
    6  12,14-15,41,44-4   8       1,3,5-8,13,16-19  26       1,3,5-8,12-19,22  34   111    78
    7  16                 1       3,6-8,12,14,17,2  22       3,6-8,12,14,16-1  23    72    51
    8  19                 1       1-5,8-10,13-15,1  30       1-5,8-10,13-15,1  31   108    75
    9  22                 1       1-8,10-11,14,16-  33       1-8,10-11,14,16-  34   118    82
   10  6-7,17,23,28-31,   9       1,3-5,8,11-12,14  26       1,3-8,11-12,14,1  35   112    79
   11  26-27              2       1-5,7-8,10,13-14  27       1-5,7-8,10,13-14  29    99    69
   12  8-9,11,32-35,38-   9       1,3-5,7,10,12-19  33       1,3-5,7-19,21-28  42   140    98
   13  40                 1       3,8-9,12-17,19,2  23       3,8-9,12-17,19,2  24    80    56
   14  13,42-43           3       1,8-9,12,14-16,1  22       1,8-9,12-16,18-1  25    81    57
-----------------------------------------------------------
Total Frag=  14
NBasis Max=  98
===========================================================

 @ Now End Div & Con Fragment


 @ Begin Energy Calculation

 -------------------------------
 SCF CYCLE:           1
 -------------------------------

E(Fermi)    =   -0.1056225  AFTER  16 N.C. Cycles

SCF CYCLE      =        1      TIME      =         4.96
DC TIMING      =        1      TIME      =         0.39
DC DIAG TIMING =        1      TIME      =         0.06

DIIS CYCLE     =        1      MAX ERROR = 0.337837-313
RMS CHANGE     = 0.324281E+00  MAX CHANGE= 0.975568E+00
TOTAL ENERGY OF CURRENT CYCLE= -1196.414840558
 -------------------------------
 SCF CYCLE:           2
 -------------------------------

E(Fermi)    =    0.5191840  AFTER  19 N.C. Cycles

SCF CYCLE      =        2      TIME      =        12.99
DC TIMING      =        2      TIME      =         0.44
DC DIAG TIMING =        2      TIME      =         0.06

DIIS CYCLE     =        2      MAX ERROR = 0.337837-313
RMS CHANGE     = 0.173823E-01  MAX CHANGE= 0.272388E+00
TOTAL ENERGY OF CURRENT CYCLE= -1198.987823530
 -------------------------------
 SCF CYCLE:           3
 -------------------------------

E(Fermi)    =    0.4915909  AFTER  18 N.C. Cycles

SCF CYCLE      =        3      TIME      =        11.98
DC TIMING      =        3      TIME      =         0.45
DC DIAG TIMING =        3      TIME      =         0.06

DIIS CYCLE     =        3      MAX ERROR = 0.337837-313
RMS CHANGE     = 0.380548E-02  MAX CHANGE= 0.508053E-01
TOTAL ENERGY OF CURRENT CYCLE= -1199.505803066
 -------------------------------
 SCF CYCLE:           4
 -------------------------------

E(Fermi)    =    0.4913960  AFTER  13 N.C. Cycles

SCF CYCLE      =        4      TIME      =        11.72
DC TIMING      =        4      TIME      =         0.39
DC DIAG TIMING =        4      TIME      =         0.07

DIIS CYCLE     =        4      MAX ERROR = 0.337837-313
RMS CHANGE     = 0.155160E-02  MAX CHANGE= 0.207280E-01
TOTAL ENERGY OF CURRENT CYCLE= -1199.530481435
 -------------------------------
 SCF CYCLE:           5
 -------------------------------

E(Fermi)    =    0.4910955  AFTER  17 N.C. Cycles

SCF CYCLE      =        5      TIME      =        12.24
DC TIMING      =        5      TIME      =         0.49
DC DIAG TIMING =        5      TIME      =         0.06

DIIS CYCLE     =        5      MAX ERROR = 0.337837-313
RMS CHANGE     = 0.682955E-03  MAX CHANGE= 0.982574E-02
TOTAL ENERGY OF CURRENT CYCLE= -1199.534430261
 -------------------------------
 SCF CYCLE:           6
 -------------------------------

E(Fermi)    =    0.4910125  AFTER  18 N.C. Cycles

SCF CYCLE      =        6      TIME      =        11.55
DC TIMING      =        6      TIME      =         0.48
DC DIAG TIMING =        6      TIME      =         0.07

DIIS CYCLE     =        6      MAX ERROR = 0.337837-313
RMS CHANGE     = 0.311289E-03  MAX CHANGE= 0.469537E-02
TOTAL ENERGY OF CURRENT CYCLE= -1199.535187964
 -------------------------------
 SCF CYCLE:           7
 -------------------------------

E(Fermi)    =    0.4909885  AFTER  18 N.C. Cycles

SCF CYCLE      =        7      TIME      =        11.21
DC TIMING      =        7      TIME      =         0.42
DC DIAG TIMING =        7      TIME      =         0.06

DIIS CYCLE     =        7      MAX ERROR = 0.337837-313
RMS CHANGE     = 0.144054E-03  MAX CHANGE= 0.225165E-02
TOTAL ENERGY OF CURRENT CYCLE= -1199.535345014
 -------------------------------
 SCF CYCLE:           8
 -------------------------------

E(Fermi)    =    0.4909813  AFTER  17 N.C. Cycles

SCF CYCLE      =        8      TIME      =         9.80
DC TIMING      =        8      TIME      =         0.40
DC DIAG TIMING =        8      TIME      =         0.06

DIIS CYCLE     =        8      MAX ERROR = 0.337837-313
RMS CHANGE     = 0.672056E-04  MAX CHANGE= 0.108232E-02
TOTAL ENERGY OF CURRENT CYCLE= -1199.535378302
CONVERGED!!!!!
ELECTRONIC ENERGY  = -2713.024650602
CORE_CORE REPULSION=  1513.489272300
TOTAL ENERGY       = -1199.535378302

 @ End Energy calculation


TOTAL DC DIAG TIME =     0.484440000
TOTAL TIME         =    87.230773000
 Job cpu time:  0 days  0 hours  1 minutes 27.2 seconds.
 Task Finished on: Mon Oct 25 15:36:14 2010
