  **************************************************************************
  **                      QUICK 0.01-2010-Jul                             **
  **                                                                      **
  **                        Copyright (c) 2010                            **
  **                Regents of the University of Florida                  **
  **                       All Rights Reserved.                           **
  **                                                                      **
  **  This software provided pursuant to a license agreement containing   **
  **  restrictions on its disclosure, duplication, and use. This software **
  **  contains confidential and proprietary information, and may not be   **
  **  extracted or distributed, in whole or in part, for any purpose      **
  **  whatsoever, without the express written permission of the authors.  **
  **  This notice, and the associated author list, must be attached to    **
  **  all copies, or extracts, of this software. Any additional           **
  **  restrictions set forth in the license agreement also apply to this  **
  **  software.                                                           **
  **************************************************************************

  Cite this work as:
  Miao, Y.: He, X.: Ayers,K: Brothers, E.: Merz,K. M. QUICK;
  University of Florida, Gainesville, FL, 2010
 
 Task starts on: Tue Oct 26 10:37:03 2010

 INPUT FILE:   ACE_GLY6_NME.in               
 OUTPUT FILE:  ACE_GLY6_NME.out              
 TOTAL PROCESSOR =     2
 MASTER NAME     = qtpclnt135.qtp.ufl.edu        
 

 @  Read Atom types

ATOM TYPES=   4
ATOM NUMBER=  54

 @ Read Job Type

  -------------------------------------
KEYWORD=DIVCON  HF BASIS=STO-3G DENSERMS=0.00001 ENERGY                                                                                                                                                         
  -------------------------------------
PDB INPUT = FALSE (DEFAULT)
MFCC = FALSE (DEFAULT)
Fast Multipole Methods = FALSE (DEFAULT)
Second order perturbation theory = FALSE (DEFAULT)
METHOD = HARTREE FOCK
GAS PHASE (DEFAULT)
PRINT TOTAL ENERGY OF EACH CYCLE = TRUE
BASIS FILE=/Users/miao/Workspace/new_quick/basis/STO-3G                                    
Initial density matrix guess = SAD (default)
SUM INNER ELECTRONS INTO CORE = FALSE (DEFAULT)
DO NOT PRINT HOMO-LUMO GAP (DEFAULT)
NO OPTIMIZE GEOMETRY (DEFAULT)
NO ANALYTICAL GRADIENT CALCULATION (DEFAULT)
NO ANALYTICAL HESSIAN CALCULATION (DEFAULT)
NO CALCULATION OF FREQUENCIES (DEFAULT)
UTILIZE PULAY'S DIIS METHOD FOR SCF CONVERGENCE ACCELERATION. (BY DEFAULT)
DIV AND CON= TRUE
DIV AND CON ON ATOM BASIS (BY DEFAULT)
DENSITY MATRIX MAXIMUM RMS FOR CONVERGENCE  =  0.100E-04
NO READ IN DMX GUESS (DEFAULT) 
NO EXTERNAL POINT CHARGES (DEFAULT) 
TOTAL MOLECULAR CHARGE =  0 (DEFAULT)
MULTIPLICITY = 1 (DEFAULT)
MAX SCF CYCLES = 200 (DEFAULT)
MAX DIIS CYCLES = 10 (DEFAULT)
DELTA DENSITY IMPLEMENTATION STARTS FROM CYCLE 2 (DEFAULT)
MATRIX ELEMENTS LESS THAN 0.100E-09 CONSIDERED ZERO. (DEFAULT)
BASIS FUNCTION MAGNITUDE LESS THAN   0.1E-09 A.U. CONSIDERED ZERO. (DEFAULT)
THRESHOLD FOR ECP-INTEGRALS PRESCREENING =     0.10000E-11  (DEFAULT)


 @ Finish reading job



 @ Begin SAD initial guess

 For Atom Kind =    1
 ELEMENT = C 
NUMBER OF ALPHA ELECTRONS =    4
NUMBER OF BETA ELECTRONS  =    2
BASIS FUNCTIONS =    5

 @ Begin Energy Calculation


SCF CYCLE      =        1      TIME      =     0.01
RMS CHANGE     = 0.245482E+00  MAX CHANGE= 0.665739E+00

SCF CYCLE      =        2      TIME      =     0.02
RMS CHANGE     = 0.635587E-12  MAX CHANGE= 0.153785E-11
CONVERGED!!!!!
ELECTRONIC ENERGY  =     0.000000000
CORE_CORE REPULSION=     0.000000000
TOTAL ENERGY       =     0.000000000

 @ End Energy calculation

 For Atom Kind =    2
 ELEMENT = H 
NUMBER OF ALPHA ELECTRONS =    1
NUMBER OF BETA ELECTRONS  =    0
BASIS FUNCTIONS =    1

 @ Begin Energy Calculation


SCF CYCLE      =        1      TIME      =     0.00
RMS CHANGE     = 0.100000E-07  MAX CHANGE= 0.100000E-07
CONVERGED!!!!!
ELECTRONIC ENERGY  =     0.000000000
CORE_CORE REPULSION=     0.000000000
TOTAL ENERGY       =     0.000000000

 @ End Energy calculation

 For Atom Kind =    3
 ELEMENT = O 
NUMBER OF ALPHA ELECTRONS =    5
NUMBER OF BETA ELECTRONS  =    3
BASIS FUNCTIONS =    5

 @ Begin Energy Calculation


SCF CYCLE      =        1      TIME      =     0.01
RMS CHANGE     = 0.238978E+00  MAX CHANGE= 0.599156E+00

SCF CYCLE      =        2      TIME      =     0.02
RMS CHANGE     = 0.317828E-12  MAX CHANGE= 0.909770E-12
CONVERGED!!!!!
ELECTRONIC ENERGY  =     0.000000000
CORE_CORE REPULSION=     0.000000000
TOTAL ENERGY       =     0.000000000

 @ End Energy calculation

 For Atom Kind =    4
 ELEMENT = N 
NUMBER OF ALPHA ELECTRONS =    5
NUMBER OF BETA ELECTRONS  =    2
BASIS FUNCTIONS =    5

 @ Begin Energy Calculation


SCF CYCLE      =        1      TIME      =     0.02
RMS CHANGE     = 0.242566E+00  MAX CHANGE= 0.658473E+00

SCF CYCLE      =        2      TIME      =     0.02
RMS CHANGE     = 0.609001E-12  MAX CHANGE= 0.153329E-11
CONVERGED!!!!!
ELECTRONIC ENERGY  =     0.000000000
CORE_CORE REPULSION=     0.000000000
TOTAL ENERGY       =     0.000000000

 @ End Energy calculation


 @ Finish SAD initial guess


 @ Begin to Read Mol Info

TOTOAL ATOM NUMBER =   54
NUMBER OF HYDROGEN ATOM =   25
NUMBER OF NON-HYDROGEN ATOM =   29
DEGREE OF FREEDOM =   156

NUMBER OF ELECTRONS =  220
BASIS FUNCTIONS =  170


INPUT GEOMETRY:
C          -0.4100       0.1460       0.1540
H          -0.7910      -0.8660       0.0190
H          -0.5030       0.4330       1.2010
H          -0.9840       0.8360      -0.4640
C           1.0480       0.2380      -0.2450
O           1.6590      -0.7550      -0.6620
N           1.7480       1.5260      -0.1360
H           1.4920       2.4630       0.1390
C           3.1280       1.2770      -0.5440
H           3.3320       0.2080      -0.4840
H           3.2650       1.6160      -1.5710
C           4.0970       2.0130       0.3490
O           3.9220       3.1900       0.6740
N           5.2850       1.3050       0.8470
H           5.6640       0.3740       0.7440
C           6.0170       2.2630       1.6710
H           5.6900       3.2730       1.4230
H           5.8110       2.0630       2.7220
C           7.5030       2.1560       1.4330
O           8.0800       1.0670       1.3780
N           8.2880       3.3870       1.2620
H           8.0830       4.3760       1.2610
C           9.6700       2.9660       1.0520
H           9.7910       1.9420       1.4060
H           9.9010       3.0120      -0.0120
C          10.6270       3.8610       1.8020
O          10.5180       5.0900       1.7920
N          11.7230       3.2490       2.5670
H          12.0380       2.3060       2.7430
C          12.4660       4.3510       3.1720
H          12.2320       5.2740       2.6420
H          12.1740       4.4490       4.2180
C          13.9530       4.1060       3.0980
O          14.4510       3.0120       3.3780
N          14.8360       5.2040       2.6780
H          14.7050       6.1660       2.4000
C          16.1950       4.6690       2.7040
H          16.2150       3.7710       3.3220
H          16.5010       4.4180       1.6890
C          17.1620       5.6790       3.2730
O          17.1450       6.8650       2.9340
N          18.1550       5.2350       4.2620
H          18.3870       4.3570       4.7050
C          18.9340       6.4180       4.6190
H          18.8060       7.1780       3.8480
H          18.5800       6.8060       5.5740
C          20.4010       6.0830       4.7390
O          20.7960       5.0790       5.3370
N          21.3890       6.9810       4.1240
H          21.3400       7.8400       3.5950
C          22.6990       6.4140       4.3970
H          22.5850       5.4950       4.9730
H          23.2030       6.1920       3.4560
H          23.2930       7.1280       4.9670

DISTANCE MATRIX:
            1         2         3         4         5
      1    0.0000
      2    1.0897    0.0000
      3    1.0896    1.7797    0.0000
      4    1.0897    1.7797    1.7793    0.0000
      5    1.5144    2.1611    2.1294    2.1295    0.0000
      6    2.3997    2.5453    3.0913    3.0913    1.2382
      7    2.5779    3.4917    2.8371    2.8368    1.4700
      8    2.9977    4.0384    3.0379    3.0235    2.3011
      9    3.7794    4.5020    4.1160    4.1364    2.3442
     10    3.7965    4.2902    4.1949    4.3615    2.2967
     11    4.3177    5.0139    4.8251    4.4596    2.9278
     12    4.8823    5.6824    4.9378    5.2785    3.5777
     13    5.3200    6.2524    5.2402    5.5592    4.2212
     14    5.8529    6.5051    5.8640    6.4218    4.5037
     15    6.1068    6.6129    6.1842    6.7726    4.7227
     16    6.9346    7.6726    6.7882    7.4571    5.6976
     17    6.9713    7.8170    6.8168    7.3513    5.7915
     18    6.9979    7.7118    6.6960    7.6045    5.9008
     19    8.2639    8.9399    8.1926    8.7960    6.9398
     20    8.6271    9.1803    8.6082    9.2522    7.2643
     21    9.3481   10.1025    9.2742    9.7702    8.0377
     22    9.5525   10.3812    9.4483    9.8852    8.2995
     23   10.5055   11.1886   10.4847   10.9701    9.1358
     24   10.4333   11.0357   10.4060   10.9918    9.0592
     25   10.7032   11.3736   10.7873   11.1096    9.2804
     26   11.7615   12.4858   11.6614   12.2107   10.4438
     27   12.1057   12.9039   11.9791   12.4692   10.8338
     28   12.7539   13.4174   12.6203   13.2845   11.4424
     29   12.8966   13.4931   12.7735   13.4914   11.5752
     30   13.8774   14.5913   13.6905   14.3694   12.6081
     31   13.8675   14.6348   13.7001   14.2831   12.6007
     32   13.9064   14.6278   13.6359   14.4259   12.7059
     33   15.1870   15.8615   15.0355   15.7002   13.8808
     34   15.4744   16.0823   15.3301   16.0541   14.1584
     35   16.2602   16.9740   16.1316   16.7100   14.9437
     36   16.4240   17.1827   16.2969   16.8154   15.1212
     37   17.3979   18.0657   17.2924   17.8842   16.0550
     38   17.3080   17.9336   17.1794   17.8537   15.9763
     39   17.5097   18.1583   17.4715   17.9775   16.1248
     40   18.6847   19.3839   18.5436   19.1493   17.3678
     41   19.0014   19.7475   18.8633   19.4050   17.6957
     42   19.6833   20.3513   19.5077   20.1987   18.3829
     43   19.7932   20.4214   19.6089   20.3556   18.4962
     44   20.8198   21.5242   20.6228   21.3008   19.5387
     45   20.7930   21.5270   20.6238   21.2240   19.5003
     46   20.8411   21.5628   20.5888   21.3272   19.6054
     47   22.1217   22.7962   21.9412   22.6257   20.8217
     48   22.3806   23.0135   22.1887   22.9352   21.0850
     49   23.1878   23.8826   23.0365   23.6508   21.8704
     50   23.3260   24.0492   23.1886   23.7464   22.0068
     51   24.3170   24.9789   24.1727   24.8118   22.9882
     52   24.0957   24.7273   23.9355   24.6326   22.7751
     53   24.5974   25.2456   24.4995   25.0812   23.2377
     54   25.1743   25.8539   25.0051   25.6604   23.8637
            6         7         8         9        10
      6    0.0000
      7    2.3426    0.0000
      8    3.3204    1.0095    0.0000
      9    2.5102    1.4604    2.1330    0.0000
     10    1.9386    2.0898    2.9764    1.0899    0.0000
     11    3.0045    2.0901    2.6048    1.0901    1.7800
     12    3.8246    2.4475    2.6519    1.5093    2.1301
     13    4.7402    2.8550    2.5922    2.4028    3.2529
     14    4.4349    3.6777    4.0285    2.5668    2.6056
     15    4.3922    4.1757    4.7048    2.9842    2.6408
     16    5.7917    4.6939    4.7815    3.7716    4.0095
     17    6.0680    4.5850    4.4641    3.7970    4.3117
     18    6.0524    4.9964    5.0483    4.2992    4.4570
     19    6.8568    5.9982    6.1564    4.8808    4.9867
     20    6.9793    6.5266    6.8473    5.3161    5.1719
     21    8.0499    6.9419    6.9499    5.8600    6.1414
     22    8.4435    7.0856    6.9541    6.1167    6.5566
     23    8.9978    8.1390    8.2442    6.9425    7.0807
     24    8.8136    8.2000    8.4113    6.9743    6.9496
     25    9.0853    8.2882    8.4283    7.0119    7.1580
     26   10.3829    9.3832    9.3898    8.2714    8.4727
     27   10.8935    9.6609    9.5447    8.6376    8.9807
     28   11.3023   10.4774   10.5445    9.3510    9.4321
     29   11.3440   10.7136   10.8639    9.5526    9.5189
     30   12.5524   11.5672   11.5409   10.5098   10.6752
     31   12.6116   11.4751   11.3804   10.4408   10.7073
     32   12.7067   11.6706   11.6055   10.7037   10.8755
     33   13.7444   12.8871   12.9125   11.7664   11.8672
     34   13.9337   13.2636   13.3689   12.1080   12.1000
     35   14.8425   13.8832   13.8572   12.7624   12.9345
     36   15.0822   13.9945   13.9071   12.9072   13.1590
     37   15.8759   15.0552   15.0872   13.8853   13.9829
     38   15.7554   15.0430   15.1198   13.8721   13.8979
     39   15.8925   15.1442   15.2149   13.9172   13.9953
     40   17.2402   16.3236   16.3007   15.1954   15.3400
     41   17.6299   16.5830   16.4987   15.4854   15.7098
     42   18.2276   17.3865   17.3879   16.2657   16.3559
     43   18.2965   17.5586   17.6033   16.4279   16.4558
     44   19.4362   18.4905   18.4373   17.4045   17.5507
     45   19.4240   18.4063   18.3238   17.3179   17.5155
     46   19.5545   18.5418   18.4499   17.5147   17.6843
     47   20.6686   19.8108   19.7943   18.6913   18.7922
     48   20.8866   20.1346   20.1620   19.0053   19.0421
     49   21.7261   20.8248   20.7890   19.6924   19.8283
     50   21.8938   20.9197   20.8518   19.7960   19.9793
     51   22.7963   21.9860   21.9881   20.8285   20.9146
     52   22.5547   21.8182   21.8512   20.6592   20.6980
     53   23.0079   22.2484   22.2772   21.0514   21.1232
     54   23.7035   22.8388   22.8113   21.7079   21.8184
           11        12        13        14        15
     11    0.0000
     12    2.1298    0.0000
     13    2.8194    1.2335    0.0000
     14    3.1660    1.4699    2.3326    0.0000
     15    3.5577    2.3017    3.3120    1.0105    0.0000
     16    4.3015    2.3445    2.4985    1.4603    2.1336
     17    4.1941    2.2975    1.9219    2.0902    2.9776
     18    5.0112    2.9277    3.0055    2.0897    2.6052
     19    5.2227    3.5772    3.8038    2.4469    2.6518
     20    5.6729    4.2211    4.7214    2.8549    2.5922
     21    6.0326    4.5040    4.4098    3.6776    4.0289
     22    6.2331    4.7227    4.3664    4.1751    4.7048
     23    7.0517    5.6974    5.7648    4.6935    4.7814
     24    7.1804    5.7917    6.0447    4.5850    4.4642
     25    6.9581    5.9004    6.0209    4.9959    5.0480
     26    8.4033    6.9403    6.8323    5.9985    6.1571
     27    8.7169    7.2649    6.9546    6.5271    6.8484
     28    9.5565    8.0376    8.0276    6.9416    6.9499
     29    9.8006    8.2992    8.4221    7.0852    6.9539
     30   10.7068    9.1365    8.9771    8.1394    8.2449
     31   10.5611    9.0593    8.7905    8.1997    8.4114
     32   10.9958    9.2812    9.0687    8.2890    8.4294
     33   11.9261   10.4441   10.3603    9.3833    9.3902
     34   12.3113   10.8341   10.8721    9.6610    9.5451
     35   12.8381   11.4426   11.2777   10.4774   10.5449
     36   12.9362   11.5751   11.3185   10.7134   10.8641
     37   13.9564   12.6080   12.5274   11.5669   11.5408
     38   14.0103   12.6006   12.5884   11.4748   11.3802
     39   13.9166   12.7059   12.6795   11.6704   11.6055
     40   15.2676   13.8811   13.7203   12.8872   12.9129
     41   15.5081   14.1589   13.9090   13.2638   13.3695
     42   16.3961   14.9439   14.8201   13.8832   13.8575
     43   16.6005   15.1219   15.0614   13.9950   13.9079
     44   17.5184   16.0553   15.8538   15.0554   15.0877
     45   17.3731   15.9773   15.7325   15.0438   15.1209
     46   17.6787   16.1255   15.8727   15.1447   15.2159
     47   18.7993   17.3683   17.2178   16.3239   16.3013
     48   19.1585   17.6957   17.6081   16.5830   16.4988
     49   19.7407   18.3833   18.2036   17.3866   17.3883
     50   19.8023   18.4881   18.2631   17.5505   17.5956
     51   20.8882   19.5394   19.4121   18.4919   18.4396
     52   20.7637   19.3730   19.2899   18.2721   18.1777
     53   21.0650   19.8029   19.7106   18.7548   18.6767
     54   21.7772   20.3955   20.2280   19.3693   19.3451
           16        17        18        19        20
     16    0.0000
     17    1.0902    0.0000
     18    1.0895    1.7794    0.0000
     19    1.5087    2.1295    2.1291    0.0000
     20    2.4025    3.2528    2.8190    1.2336    0.0000
     21    2.5667    2.6055    3.1655    1.4700    2.3322
     22    2.9835    2.6399    3.5562    2.3010    3.3111
     23    3.7712    4.0090    4.3007    2.3446    2.4981
     24    3.7969    4.3116    4.1937    2.2981    1.9220
     25    4.2987    4.4564    5.0103    2.9277    3.0052
     26    4.8809    4.9863    5.2224    3.5781    3.8044
     27    5.3165    5.1718    5.6730    4.2223    4.7223
     28    5.8595    6.1406    6.0318    4.5043    4.4098
     29    6.1158    6.5555    6.2318    4.7228    4.3662
     30    6.9428    7.0806    7.0517    5.6986    5.7654
     31    6.9739    6.9489    7.1796    5.7920    6.0445
     32    7.0124    7.1580    6.9584    5.9019    6.0220
     33    8.2712    8.4721    8.4028    6.9410    6.8327
     34    8.6375    8.9803    8.7167    7.2657    6.9550
     35    9.3508    9.4315    9.5561    8.0382    8.0280
     36    9.5523    9.5181    9.8001    8.2996    8.4223
     37   10.5094   10.6745   10.7060    9.1368    8.9770
     38   10.4403   10.7065   10.5603    9.0596    8.7903
     39   10.7032   10.8747   10.9950    9.2815    9.0686
     40   11.7663   11.8667   11.9258   10.4448   10.3607
     41   12.1081   12.0997   12.3111   10.8349   10.8725
     42   12.7623   12.9339   12.8377   11.4433   11.2781
     43   12.9076   13.1590   12.9364   11.5763   11.3193
     44   13.8854   13.9825   13.9563   12.6088   12.5278
     45   13.8728   13.8982   14.0108   12.6020   12.5894
     46   13.9177   13.9952   13.9168   12.7071   12.6804
     47   15.1955   15.3397   15.2675   13.8820   13.7209
     48   15.4851   15.7090   15.5076   14.1594   13.9092
     49   16.2658   16.3555   16.3959   14.9447   14.8204
     50   16.4195   16.4468   16.5917   15.1144   15.0538
     51   17.4055   17.5504   17.5197   16.0572   15.8562
     52   17.2002   17.4063   17.2688   15.8476   15.5861
     53   17.7195   17.8706   17.8905   16.3362   16.1024
     54   18.2481   18.3654   18.3389   16.9273   16.7646
           21        22        23        24        25
     21    0.0000
     22    1.0100    0.0000
     23    1.4599    2.1332    0.0000
     24    2.0899    2.9770    1.0902    0.0000
     25    2.0894    2.6050    1.0898    1.7798    0.0000
     26    2.4469    2.6514    1.5098    2.1303    2.1304
     27    2.8555    2.5925    2.4038    3.2538    2.8201
     28    3.6771    4.0281    2.5671    2.6055    3.1666
     29    4.1743    4.7035    2.9837    2.6399    3.5574
     30    4.6939    4.7816    3.7723    4.0097    4.3023
     31    4.5848    4.4641    3.7972    4.3114    4.1945
     32    4.9967    5.0483    4.3003    4.4577    5.0124
     33    5.9983    6.1567    4.8816    4.9868    5.2238
     34    6.5269    6.8479    5.3170    5.1720    5.6740
     35    6.9414    6.9496    5.8600    6.1409    6.0328
     36    7.0849    6.9536    6.1162    6.5557    6.2325
     37    8.1390    8.2446    6.9430    7.0804    7.0524
     38    8.1993    8.4109    6.9741    6.9487    7.1804
     39    8.2885    8.4290    7.0126    7.1578    6.9592
     40    9.3832    9.3901    8.2718    8.4725    8.4039
     41    9.6612    9.5454    8.6383    8.9806    8.7178
     42   10.4773   10.5446    9.3513    9.4317    9.5571
     43   10.7138   10.8643    9.5533    9.5188    9.8016
     44   11.5669   11.5408   10.5101   10.6748   10.7071
     45   11.4755   11.3810   10.4415   10.7074   10.5619
     46   11.6708   11.6058   10.7043   10.8755   10.9965
     47   12.8873   12.9129   11.7671   11.8671   11.9270
     48   13.2634   13.3689   12.1084   12.0997   12.3120
     49   13.8832   13.8576   12.7629   12.9342   12.8388
     50   13.9867   13.8995   12.9001   13.1513   12.9295
     51   15.0555   15.0869   13.8864   13.9843   13.9571
     52   14.9204   15.0113   13.7320   13.7490   13.8528
     53   15.3342   15.3860   14.1184   14.2178   14.1097
     54   15.9020   15.8950   14.7728   14.8956   14.8687
           26        27        28        29        30
     26    0.0000
     27    1.2339    0.0000
     28    1.4700    2.3328    0.0000
     29    2.3010    3.3114    1.0097    0.0000
     30    2.3450    2.4990    1.4603    2.1329    0.0000
     31    2.2974    1.9220    2.0893    2.9760    1.0898
     32    2.9285    3.0064    2.0903    2.6051    1.0904
     33    3.5780    3.8044    2.4473    2.6520    1.5089
     34    4.2223    4.7225    2.8558    2.5931    2.4032
     35    4.5041    4.4094    3.6777    4.0288    2.5668
     36    4.7224    4.3656    4.1748    4.7043    2.9838
     37    5.6982    5.7652    4.6940    4.7818    3.7717
     38    5.7917    6.0445    4.5848    4.4642    3.7966
     39    5.9014    6.0215    4.9967    5.0487    4.2994
     40    6.9408    6.8325    5.9988    6.1574    4.8812
     41    7.2657    6.9550    6.5275    6.8485    5.3169
     42    8.0381    8.0278    6.9417    6.9501    5.8595
     43    8.3001    8.4228    7.0857    6.9546    6.1162
     44    9.1367    8.9769    8.1395    8.2452    6.9427
     45    9.0601    8.7908    8.2004    8.4121    6.9746
     46    9.2818    9.0688    8.2893    8.4298    7.0127
     47   10.4448   10.3607    9.3839    9.3909    8.2716
     48   10.8346   10.8722    9.6613    9.5457    8.6375
     49   11.4432   11.2780   10.4778   10.5453    9.3511
     50   11.5679   11.3106   10.7061   10.8572    9.5446
     51   12.6089   12.5266   11.5689   11.5442   10.5105
     52   12.4787   12.4858   11.3497   11.2420   10.3415
     53   12.8967   12.8410   11.8845   11.8434   10.8974
     54   13.4580   13.3205   12.4367   12.4448   11.3207
           31        32        33        34        35
     31    0.0000
     32    1.7798    0.0000
     33    2.1293    2.1300    0.0000
     34    3.2530    2.8205    1.2342    0.0000
     35    2.6052    3.1667    1.4703    2.3330    0.0000
     36    2.6401    3.5580    2.3014    3.3119    1.0099
     37    4.0094    4.3022    2.3449    2.4983    1.4607
     38    4.3111    4.1943    2.2976    1.9212    2.0904
     39    4.4571    5.0120    2.9283    3.0053    2.0900
     40    4.9867    5.2236    3.5781    3.8044    2.4474
     41    5.1724    5.6742    4.2223    4.7223    2.8559
     42    6.1407    6.0326    4.5040    4.4094    3.6777
     43    6.5560    6.2327    4.7229    4.3660    4.1756
     44    7.0805    7.0523    5.6982    5.7653    4.6941
     45    6.9496    7.1811    5.7923    6.0450    4.5855
     46    7.1583    6.9592    5.9017    6.0221    4.9971
     47    8.4726    8.4039    6.9410    6.8327    5.9991
     48    8.9802    8.7171    7.2654    6.9548    6.5274
     49    9.4319    9.5570    8.0382    8.0278    6.9419
     50    9.5104    9.7930    8.2920    8.4152    7.0775
     51   10.6742   10.7084    9.1382    8.9801    8.1392
     52   10.6145   10.4906    8.9418    8.6528    8.0869
     53   11.0394   11.1919    9.4890    9.3121    8.4610
     54   11.4538   11.4617    9.9931    9.8817    8.9701
           36        37        38        39        40
     36    0.0000
     37    2.1339    0.0000
     38    2.9776    1.0903    0.0000
     39    2.6051    1.0894    1.7796    0.0000
     40    2.6526    1.5096    2.1307    2.1298    0.0000
     41    2.5937    2.4037    3.2540    2.8200    1.2336
     42    4.0294    2.5670    2.6059    3.1660    1.4701
     43    4.7056    2.9843    2.6408    3.5577    2.3019
     44    4.7825    3.7720    4.0102    4.3017    2.3447
     45    4.4653    3.7975    4.3125    4.1943    2.2979
     46    5.0497    4.3002    4.4582    5.0118    2.9284
     47    6.1581    4.8817    4.9876    5.2235    3.5782
     48    6.8489    5.3170    5.1727    5.6738    4.2221
     49    6.9507    5.8600    6.1415    6.0325    4.5041
     50    6.9465    6.1090    6.5496    6.2257    4.7148
     51    8.2434    6.9436    7.0840    7.0521    5.6975
     52    8.3165    6.8310    6.8026    6.9971    5.6862
     53    8.5634    7.2109    7.3967    7.1545    6.0655
     54    9.0149    7.8453    8.0046    8.0138    6.5237
           41        42        43        44        45
     41    0.0000
     42    2.3325    0.0000
     43    3.3120    1.0104    0.0000
     44    2.4979    1.4607    2.1341    0.0000
     45    1.9215    2.0906    2.9779    1.0901    0.0000
     46    3.0054    2.0905    2.6058    1.0899    1.7800
     47    3.8041    2.4477    2.6526    1.5095    2.1300
     48    4.7217    2.8557    2.5931    2.4032    3.2532
     49    4.4092    3.6778    4.0293    2.5669    2.6052
     50    4.3572    4.1683    4.6993    2.9765    2.6312
     51    5.7611    4.6964    4.7874    3.7715    4.0051
     52    5.9689    4.4942    4.3578    3.7825    4.2871
     53    6.1176    5.2007    5.3029    4.4304    4.5232
     54    6.4808    5.5208    5.6406    4.4301    4.6247
           46        47        48        49        50
     46    0.0000
     47    2.1298    0.0000
     48    2.8195    1.2335    0.0000
     49    3.1660    1.4700    2.3325    0.0000
     50    3.5501    2.2973    3.3096    1.0100    0.0000
     51    4.3018    2.3468    2.5074    1.4533    2.1269
     52    4.2568    2.2738    1.8725    2.0879    2.9913
     53    5.1220    3.0837    3.2512    2.0879    2.4912
     54    4.7628    3.0835    3.2512    2.0875    2.4907
           51        52        53        54
     51    0.0000
     52    1.0906    0.0000
     53    1.0903    1.7802    0.0000
     54    1.0897    1.7799    1.7797    0.0000

 @ End Reading Mol Info


 @ Now Begin Div & Con Fragment

NUMBER OF FRAG= 54
RBuffer=   7.00 A
============================================================
The Core and Buffer Atoms before elimination
============================================================
Frag       CoreAtom     CoreTot     BufAtom       BufTot  SubTot
    1  1                  1       2-18              17       18
    2  2                  1       1,3-15            14       15
    3  3                  1       1-2,4-18          17       18
    4  4                  1       1-3,5-15          14       15
    5  5                  1       1-4,6-19          18       19
    6  6                  1       1-5,7-20          19       20
    7  7                  1       1-6,8-21          20       21
    8  8                  1       1-7,9-22          21       22
    9  9                  1       1-8,10-24         23       24
   10  10                 1       1-9,11-22,24      22       23
   11  11                 1       1-10,12-22,25     22       23
   12  12                 1       1-11,13-26        25       26
   13  13                 1       1-12,14-27        26       27
   14  14                 1       1-13,15-28        27       28
   15  15                 1       1-14,16-29        28       29
   16  16                 1       1,3,5-15,17-31    28       29
   17  17                 1       1,3,5-16,18-29,3  27       28
   18  18                 1       1,3,5-17,19-29,3  27       28
   19  19                 1       5-18,20-33        28       29
   20  20                 1       6-19,21-34        28       29
   21  21                 1       7-20,22-35        28       29
   22  22                 1       8-21,23-36        28       29
   23  23                 1       9,12-22,24-38     27       28
   24  24                 1       9-10,12-23,25-36  27       28
   25  25                 1       11-24,26-36,39    26       27
   26  26                 1       12-25,27-40       28       29
   27  27                 1       13-26,28-41       28       29
   28  28                 1       14-27,29-42       28       29
   29  29                 1       15-28,30-43       28       29
   30  30                 1       16,19-29,31-45    27       28
   31  31                 1       16-17,19-30,32-4  27       28
   32  32                 1       18-31,33-43,46    26       27
   33  33                 1       19-32,34-47       28       29
   34  34                 1       20-33,35-48       28       29
   35  35                 1       21-34,36-49       28       29
   36  36                 1       22-35,37-50       28       29
   37  37                 1       23,26-36,38-52    27       28
   38  38                 1       23-24,26-37,39-5  27       28
   39  39                 1       25-38,40-50,52    26       27
   40  40                 1       26-39,41-54       28       29
   41  41                 1       27-40,42-54       27       28
   42  42                 1       28-41,43-54       26       27
   43  43                 1       29-42,44-54       25       26
   44  44                 1       30,33-43,45-54    22       23
   45  45                 1       30-31,33-44,46-5  23       24
   46  46                 1       32-45,47-54       22       23
   47  47                 1       33-46,48-54       21       22
   48  48                 1       34-47,49-54       20       21
   49  49                 1       35-48,50-54       19       20
   50  50                 1       36-49,51-54       18       19
   51  51                 1       37,40-50,52-54    15       16
   52  52                 1       37-51,53-54       17       18
   53  53                 1       40-52,54          14       15
   54  54                 1       40-53             14       15
-----------------------------------------------------------
Total Frag=  54
===========================================================
 move the subsystem            1  into           15
 move the subsystem            2  into           15
 move the subsystem            3  into           15
 move the subsystem            4  into           15
 move the subsystem            5  into           15
 move the subsystem            6  into           15
 move the subsystem            7  into           15
 move the subsystem            8  into           15
 move the subsystem            9  into           15
 move the subsystem           10  into           15
 move the subsystem           11  into           15
 move the subsystem           12  into           15
 move the subsystem           13  into           15
 move the subsystem           14  into           15
 move the subsystem           17  into           16
 move the subsystem           41  into           40
 move the subsystem           42  into           40
 move the subsystem           43  into           40
 move the subsystem           44  into           40
 move the subsystem           45  into           40
 move the subsystem           46  into           40
 move the subsystem           47  into           40
 move the subsystem           48  into           40
 move the subsystem           49  into           40
 move the subsystem           50  into           40
 move the subsystem           51  into           40
 move the subsystem           52  into           40
 move the subsystem           53  into           40
 move the subsystem           54  into           40
============================================================
The Core and Buffer Atoms
============================================================
Frag       CoreAtom     CoreTot     BufAtom       BufTot     SubAtom     SubTot    Elec    NBasis
    1  1-15              15       16-29             14       1-29              29   121    93
    2  16-17              2       1,3,5-15,18-31    27       1,3,5-31          29   126    97
    3  18                 1       1,3,5-17,19-29,3  27       1,3,5-29,32       28   120    92
    4  19                 1       5-18,20-33        28       5-33              29   126    97
    5  20                 1       6-19,21-34        28       6-34              29   128    97
    6  21                 1       7-20,22-35        28       7-35              29   127    97
    7  22                 1       8-21,23-36        28       8-36              29   121    93
    8  23                 1       9,12-22,24-38     27       9,12-38           28   125    96
    9  24                 1       9-10,12-23,25-36  27       9-10,12-36,38     28   120    92
   10  25                 1       11-24,26-36,39    26       11-36,39          27   114    87
   11  26                 1       12-25,27-40       28       12-40             29   126    97
   12  27                 1       13-26,28-41       28       13-41             29   128    97
   13  28                 1       14-27,29-42       28       14-42             29   127    97
   14  29                 1       15-28,30-43       28       15-43             29   121    93
   15  30                 1       16,19-29,31-45    27       16,19-45          28   125    96
   16  31                 1       16-17,19-30,32-4  27       16-17,19-43,45    28   120    92
   17  32                 1       18-31,33-43,46    26       18-43,46          27   114    87
   18  33                 1       19-32,34-47       28       19-47             29   126    97
   19  34                 1       20-33,35-48       28       20-48             29   128    97
   20  35                 1       21-34,36-49       28       21-49             29   127    97
   21  36                 1       22-35,37-50       28       22-50             29   121    93
   22  37                 1       23,26-36,38-52    27       23,26-52          28   125    96
   23  38                 1       23-24,26-37,39-5  27       23-24,26-50,52    28   120    92
   24  39                 1       25-38,40-50,52    26       25-50,52          27   114    87
   25  40-54             15       26-39             14       26-54             29   121    93
-----------------------------------------------------------
Total Frag=  25
NBasis Max=  97
===========================================================
-----------------------------------------------------------
         MPI INFORMATION
-----------------------------------------------------------
 MPI SIZE =   2
 NODE  TotFrag     NBasis  Frag
   0      13     1219     1   3   5   7   9  11  13  15  17  19  21  23  25
   1      12     1133     2   4   6   8  10  12  14  16  18  20  22  24
-----------------------------------------------------------

 @ Now End Div & Con Fragment


 @ Begin Energy Calculation

 
 -------------------------------
SCF CYCLE=    1
E(Fermi)    =   -0.0179326  AFTER  18 N.C. Cycles
SCF TIME =        17.49
MAX DC DIAG TIME =         0.15
DC DIAG MPI CPU TIME   =       0.2959
DIIS CYCLE     =        1
RMS CHANGE     = 0.363685E+00  MAX CHANGE= 0.126182E+01
TOTAL ENERGY= -1468.762449126
DIIS FAILED !! PERFORM NORMAL SCF. (NOT FATAL.)
 
 -------------------------------
SCF CYCLE=    2
E(Fermi)    =   -0.0653720  AFTER  16 N.C. Cycles
SCF TIME =        58.99
MAX DC DIAG TIME =         0.15
DC DIAG MPI CPU TIME   =       0.2875
DIIS CYCLE     =        2
RMS CHANGE     = 0.310786E-01  MAX CHANGE= 0.677965E+00
TOTAL ENERGY= -1466.909966754
DIIS FAILED !! PERFORM NORMAL SCF. (NOT FATAL.)
 
 -------------------------------
SCF CYCLE=    3
E(Fermi)    =   -0.1391711  AFTER  16 N.C. Cycles
SCF TIME =        53.07
MAX DC DIAG TIME =         0.15
DC DIAG MPI CPU TIME   =       0.2898
DIIS CYCLE     =        3
RMS CHANGE     = 0.208127E-01  MAX CHANGE= 0.396660E+00
TOTAL ENERGY= -1467.850425457
DIIS FAILED !! PERFORM NORMAL SCF. (NOT FATAL.)
 
 -------------------------------
SCF CYCLE=    4
E(Fermi)    =   -0.1746914  AFTER  10 N.C. Cycles
SCF TIME =        47.59
MAX DC DIAG TIME =         0.12
DC DIAG MPI CPU TIME   =       0.2430
DIIS CYCLE     =        4
RMS CHANGE     = 0.133493E-01  MAX CHANGE= 0.317159E+00
TOTAL ENERGY= -1468.239648338
DIIS FAILED !! PERFORM NORMAL SCF. (NOT FATAL.)
 
 -------------------------------
SCF CYCLE=    5
E(Fermi)    =   -0.1836033  AFTER  16 N.C. Cycles
SCF TIME =        47.14
MAX DC DIAG TIME =         0.13
DC DIAG MPI CPU TIME   =       0.2441
DIIS CYCLE     =        5
RMS CHANGE     = 0.913494E-02  MAX CHANGE= 0.196812E+00
TOTAL ENERGY= -1468.371627941
DIIS FAILED !! PERFORM NORMAL SCF. (NOT FATAL.)
 
 -------------------------------
SCF CYCLE=    6
E(Fermi)    =   -0.2007785  AFTER  18 N.C. Cycles
SCF TIME =        52.03
MAX DC DIAG TIME =         0.14
DC DIAG MPI CPU TIME   =       0.2808
DIIS CYCLE     =        6
RMS CHANGE     = 0.589197E-02  MAX CHANGE= 0.143412E+00
TOTAL ENERGY= -1468.439971995
DIIS FAILED !! PERFORM NORMAL SCF. (NOT FATAL.)
 
 -------------------------------
SCF CYCLE=    7
E(Fermi)    =   -0.2071147  AFTER  18 N.C. Cycles
SCF TIME =        50.00
MAX DC DIAG TIME =         0.15
DC DIAG MPI CPU TIME   =       0.2794
DIIS CYCLE     =        7
RMS CHANGE     = 0.393396E-02  MAX CHANGE= 0.902151E-01
TOTAL ENERGY= -1468.466643459
DIIS FAILED !! PERFORM NORMAL SCF. (NOT FATAL.)
 
 -------------------------------
SCF CYCLE=    8
E(Fermi)    =   -0.2072725  AFTER  20 N.C. Cycles
SCF TIME =        46.10
MAX DC DIAG TIME =         0.13
DC DIAG MPI CPU TIME   =       0.2590
DIIS CYCLE     =        8
RMS CHANGE     = 0.255163E-02  MAX CHANGE= 0.635628E-01
TOTAL ENERGY= -1468.478995010
DIIS FAILED !! PERFORM NORMAL SCF. (NOT FATAL.)
 
 -------------------------------
SCF CYCLE=    9
E(Fermi)    =   -0.2087383  AFTER  20 N.C. Cycles
SCF TIME =        44.70
MAX DC DIAG TIME =         0.13
DC DIAG MPI CPU TIME   =       0.2542
DIIS CYCLE     =        9
RMS CHANGE     = 0.168950E-02  MAX CHANGE= 0.405923E-01
TOTAL ENERGY= -1468.484074936
DIIS FAILED !! PERFORM NORMAL SCF. (NOT FATAL.)
 
 -------------------------------
SCF CYCLE=   10
E(Fermi)    =   -0.2084427  AFTER  18 N.C. Cycles
SCF TIME =        44.06
MAX DC DIAG TIME =         0.14
DC DIAG MPI CPU TIME   =       0.2633
DIIS CYCLE     =       10
RMS CHANGE     = 0.110121E-02  MAX CHANGE= 0.280953E-01
TOTAL ENERGY= -1468.486322975
DIIS FAILED !! PERFORM NORMAL SCF. (NOT FATAL.)
 
 -------------------------------
SCF CYCLE=   11
E(Fermi)    =   -0.2087053  AFTER  20 N.C. Cycles
SCF TIME =        43.93
MAX DC DIAG TIME =         0.13
DC DIAG MPI CPU TIME   =       0.2639
DIIS CYCLE     =        1
RMS CHANGE     = 0.727156E-03  MAX CHANGE= 0.181878E-01
TOTAL ENERGY= -1468.487272911
DIIS FAILED !! PERFORM NORMAL SCF. (NOT FATAL.)
 
 -------------------------------
SCF CYCLE=   12
E(Fermi)    =   -0.2085847  AFTER  18 N.C. Cycles
SCF TIME =        42.96
MAX DC DIAG TIME =         0.15
DC DIAG MPI CPU TIME   =       0.2788
DIIS CYCLE     =        2
RMS CHANGE     = 0.475610E-03  MAX CHANGE= 0.124445E-01
TOTAL ENERGY= -1468.487686614
DIIS FAILED !! PERFORM NORMAL SCF. (NOT FATAL.)
 
 -------------------------------
SCF CYCLE=   13
E(Fermi)    =   -0.2086748  AFTER  19 N.C. Cycles
SCF TIME =        42.50
MAX DC DIAG TIME =         0.14
DC DIAG MPI CPU TIME   =       0.2792
DIIS CYCLE     =        3
RMS CHANGE     = 0.313792E-03  MAX CHANGE= 0.814618E-02
TOTAL ENERGY= -1468.487864129
DIIS FAILED !! PERFORM NORMAL SCF. (NOT FATAL.)
 
 -------------------------------
SCF CYCLE=   14
E(Fermi)    =   -0.2086197  AFTER  19 N.C. Cycles
SCF TIME =        41.74
MAX DC DIAG TIME =         0.12
DC DIAG MPI CPU TIME   =       0.2496
DIIS CYCLE     =        4
RMS CHANGE     = 0.205747E-03  MAX CHANGE= 0.552945E-02
TOTAL ENERGY= -1468.487942672
DIIS FAILED !! PERFORM NORMAL SCF. (NOT FATAL.)
 
 -------------------------------
SCF CYCLE=   15
E(Fermi)    =   -0.2086694  AFTER  19 N.C. Cycles
SCF TIME =        41.87
MAX DC DIAG TIME =         0.13
DC DIAG MPI CPU TIME   =       0.2604
DIIS CYCLE     =        5
RMS CHANGE     = 0.135791E-03  MAX CHANGE= 0.365197E-02
TOTAL ENERGY= -1468.487971353
DIIS FAILED !! PERFORM NORMAL SCF. (NOT FATAL.)
 
 -------------------------------
SCF CYCLE=   16
E(Fermi)    =   -0.2086391  AFTER  19 N.C. Cycles
SCF TIME =        40.62
MAX DC DIAG TIME =         0.13
DC DIAG MPI CPU TIME   =       0.2566
DIIS CYCLE     =        6
RMS CHANGE     = 0.892410E-04  MAX CHANGE= 0.246482E-02
TOTAL ENERGY= -1468.487989283
DIIS FAILED !! PERFORM NORMAL SCF. (NOT FATAL.)
 
 -------------------------------
SCF CYCLE=   17
E(Fermi)    =   -0.2086632  AFTER  19 N.C. Cycles
SCF TIME =        39.86
MAX DC DIAG TIME =         0.13
DC DIAG MPI CPU TIME   =       0.2500
DIIS CYCLE     =        7
RMS CHANGE     = 0.589580E-04  MAX CHANGE= 0.163972E-02
TOTAL ENERGY= -1468.487993400
DIIS FAILED !! PERFORM NORMAL SCF. (NOT FATAL.)
 
 -------------------------------
SCF CYCLE=   18
E(Fermi)    =   -0.2086476  AFTER  18 N.C. Cycles
SCF TIME =        39.40
MAX DC DIAG TIME =         0.13
DC DIAG MPI CPU TIME   =       0.2459
DIIS CYCLE     =        8
RMS CHANGE     = 0.388394E-04  MAX CHANGE= 0.110222E-02
TOTAL ENERGY= -1468.487995924
DIIS FAILED !! PERFORM NORMAL SCF. (NOT FATAL.)
 
 -------------------------------
SCF CYCLE=   19
E(Fermi)    =   -0.2086602  AFTER  18 N.C. Cycles
SCF TIME =        41.32
MAX DC DIAG TIME =         0.15
DC DIAG MPI CPU TIME   =       0.3016
DIIS CYCLE     =        9
RMS CHANGE     = 0.256914E-04  MAX CHANGE= 0.737603E-03
TOTAL ENERGY= -1468.487998145
DIIS FAILED !! PERFORM NORMAL SCF. (NOT FATAL.)
 
 -------------------------------
SCF CYCLE=   20
E(Fermi)    =   -0.2086522  AFTER  18 N.C. Cycles
SCF TIME =        41.74
MAX DC DIAG TIME =         0.15
DC DIAG MPI CPU TIME   =       0.2856
DIIS CYCLE     =       10
RMS CHANGE     = 0.169710E-04  MAX CHANGE= 0.494430E-03
TOTAL ENERGY= -1468.487996763
DIIS FAILED !! PERFORM NORMAL SCF. (NOT FATAL.)
 
 -------------------------------
SCF CYCLE=   21
E(Fermi)    =   -0.2086572  AFTER  13 N.C. Cycles
SCF TIME =        40.84
MAX DC DIAG TIME =         0.15
DC DIAG MPI CPU TIME   =       0.2951
DIIS CYCLE     =        1
RMS CHANGE     = 0.112533E-04  MAX CHANGE= 0.332571E-03
TOTAL ENERGY= -1468.487997822
DIIS FAILED !! PERFORM NORMAL SCF. (NOT FATAL.)
 
 -------------------------------
SCF CYCLE=   22
E(Fermi)    =   -0.2086541  AFTER  18 N.C. Cycles
SCF TIME =        38.24
MAX DC DIAG TIME =         0.14
DC DIAG MPI CPU TIME   =       0.2769
DIIS CYCLE     =        2
RMS CHANGE     = 0.745783E-05  MAX CHANGE= 0.222556E-03
TOTAL ENERGY= -1468.487996048
DIIS FAILED !! PERFORM NORMAL SCF. (NOT FATAL.)
CONVERGED!!!!!
ELECTRONIC ENERGY  = -3898.069169511
CORE_CORE REPULSION=  2429.581173463
TOTAL ENERGY       = -1468.487996048

 @ End Energy calculation


TOTAL DC DIAG TIME =     3.049338000
DC DIAG CPU TIME   =     2.891200000
TOTAL TIME         =   958.162630000
 Job cpu time:  0 days  0 hours 15 minutes 58.2 seconds.
 Task Finished on: Tue Oct 26 10:53:06 2010
